This is pdfTeX, Version 3.14159265-2.6-1.40.20 (MiKTeX 2.9.7050 64-bit) (preloaded format=pdflatex 2019.7.8)  16 JUL 2019 01:24
entering extended mode
**./draft.tex
(draft.tex
LaTeX2e <2018-12-01>
\@input{header.aux}
\openout2 = `header.aux'.

(header.tex
("C:\Users\Agando\AppData\Local\Programs\MiKTeX 2.9\tex/latex/koma-script\scrbo
ok.cls"
Document Class: scrbook 2019/02/01 v3.26b KOMA-Script document class (book)

("C:\Users\Agando\AppData\Local\Programs\MiKTeX 2.9\tex/latex/koma-script\scrkb
ase.sty"
Package: scrkbase 2019/02/01 v3.26b KOMA-Script package (KOMA-Script-dependent 
basics and keyval usage)

("C:\Users\Agando\AppData\Local\Programs\MiKTeX 2.9\tex/latex/koma-script\scrba
se.sty"
Package: scrbase 2019/02/01 v3.26b KOMA-Script package (KOMA-Script-independent
 basics and keyval usage)

("C:\Users\Agando\AppData\Local\Programs\MiKTeX 2.9\tex/latex/graphics\keyval.s
ty"
Package: keyval 2014/10/28 v1.15 key=value parser (DPC)
\KV@toks@=\toks14
)
("C:\Users\Agando\AppData\Local\Programs\MiKTeX 2.9\tex/latex/koma-script\scrlf
ile.sty"
Package: scrlfile 2019/02/01 v3.26b KOMA-Script package (loading files)
)))
("C:\Users\Agando\AppData\Local\Programs\MiKTeX 2.9\tex/latex/koma-script\tocba
sic.sty"
Package: tocbasic 2019/02/01 v3.26b KOMA-Script package (handling toc-files)
\scr@dte@tocline@numberwidth=\skip41
\scr@dte@tocline@numbox=\box27
)
Package tocbasic Info: omitting babel extension for `toc'
(tocbasic)             because of feature `nobabel' available
(tocbasic)             for `toc' on input line 136.
Class scrbook Info: You've used standard option `oneside'.
(scrbook)           This is correct!
(scrbook)           Internally I'm using `twoside=false'.
(scrbook)           If you'd like to set the option with \KOMAoptions,
(scrbook)           you'd have to use `twoside=false' there
(scrbook)           instead of `oneside', too.
Class scrbook Info: File `scrsize11pt.clo' used instead of
(scrbook)           file `scrsize11.clo' to setup font sizes on input line 2376
.

("C:\Users\Agando\AppData\Local\Programs\MiKTeX 2.9\tex/latex/koma-script\scrsi
ze11pt.clo"
File: scrsize11pt.clo 2019/02/01 v3.26b KOMA-Script font size class option (11p
t)
)
("C:\Users\Agando\AppData\Local\Programs\MiKTeX 2.9\tex/latex/koma-script\typea
rea.sty"
Package: typearea 2019/02/01 v3.26b KOMA-Script package (type area)
\ta@bcor=\skip42
\ta@div=\count80
Package typearea Info: You've used standard option `a4paper'.
(typearea)             This is correct!
(typearea)             Internally I'm using `paper=a4'.
(typearea)             If you'd like to set the option with \KOMAoptions,
(typearea)             you'd have to use `paper=a4' there
(typearea)             instead of `a4paper', too.
Package typearea Info: You've used standard option `oneside'.
(typearea)             This is correct!
(typearea)             Internally I'm using `twoside=false'.
(typearea)             If you'd like to set the option with \KOMAoptions,
(typearea)             you'd have to use `twoside=false' there
(typearea)             instead of `oneside', too.


Package typearea Warning: You've used obsolete option `DIV11'.
(typearea)                Usage of this option indicates an old document
(typearea)                and changes compatibility level using
(typearea)                `DIV=11,version=first,
(typearea)                enabledeprecatedfontcommands' that may result
(typearea)                in further warnings.
(typearea)                If you don't want this, you should simply
(typearea)                replace option `DIV11' by `DIV=11'.

Package typearea Info: Switching compatibility level to `first'.
\ta@hblk=\skip43
\ta@vblk=\skip44
\ta@temp=\skip45
\footheight=\skip46
Package typearea Info: These are the values describing the layout:
(typearea)             DIV  = 11
(typearea)             BCOR = 34.1433pt
(typearea)             \paperwidth      = 597.50793pt
(typearea)              \textwidth      = 409.71974pt
(typearea)              DIV departure   = -4%
(typearea)              \evensidemargin = 38.69576pt
(typearea)              \oddsidemargin  = 38.69576pt
(typearea)             \paperheight     = 845.04694pt
(typearea)              \textheight     = 623.00027pt
(typearea)              \topmargin      = -32.84755pt
(typearea)              \headheight     = 17.0pt
(typearea)              \headsep        = 20.40001pt
(typearea)              \topskip        = 11.0pt
(typearea)              \footskip       = 47.6pt
(typearea)              \baselineskip   = 13.6pt
(typearea)              on input line 1715.
)
\c@part=\count81
\c@chapter=\count82
\c@section=\count83
\c@subsection=\count84
\c@subsubsection=\count85
\c@paragraph=\count86
\c@subparagraph=\count87
\scr@dte@chapter@maxnumwidth=\skip47
Class scrbook Info: using compatibility default `afterindent=bysign'
(scrbook)           for `\chapter on input line 5303.
\scr@dte@section@maxnumwidth=\skip48
Class scrbook Info: using compatibility default `runin=bysign'
(scrbook)           for `\section on input line 5313.
Class scrbook Info: using compatibility default `afterindent=bysign'
(scrbook)           for `\section on input line 5313.
\scr@dte@part@maxnumwidth=\skip49
Class scrbook Info: using compatibility default `afterindent=true'
(scrbook)           for `\part on input line 5322.
\scr@dte@subsection@maxnumwidth=\skip50
Class scrbook Info: using compatibility default `runin=bysign'
(scrbook)           for `\subsection on input line 5332.
Class scrbook Info: using compatibility default `afterindent=bysign'
(scrbook)           for `\subsection on input line 5332.
\scr@dte@subsubsection@maxnumwidth=\skip51
Class scrbook Info: using compatibility default `runin=bysign'
(scrbook)           for `\subsubsection on input line 5342.
Class scrbook Info: using compatibility default `afterindent=bysign'
(scrbook)           for `\subsubsection on input line 5342.
\scr@dte@paragraph@maxnumwidth=\skip52
Class scrbook Info: using compatibility default `runin=bysign'
(scrbook)           for `\paragraph on input line 5352.
Class scrbook Info: using compatibility default `afterindent=bysign'
(scrbook)           for `\paragraph on input line 5352.
\scr@dte@subparagraph@maxnumwidth=\skip53
Class scrbook Info: using compatibility default `runin=bysign'
(scrbook)           for `\subparagraph on input line 5362.
Class scrbook Info: using compatibility default `afterindent=bysign'
(scrbook)           for `\subparagraph on input line 5362.
\abovecaptionskip=\skip54
\belowcaptionskip=\skip55
\c@pti@nb@sid@b@x=\box28
Package tocbasic Info: omitting babel extension for `lof'
(tocbasic)             because of feature `nobabel' available
(tocbasic)             for `lof' on input line 6617.
\scr@dte@figure@maxnumwidth=\skip56
\c@figure=\count88
Package tocbasic Info: omitting babel extension for `lot'
(tocbasic)             because of feature `nobabel' available
(tocbasic)             for `lot' on input line 6638.
\scr@dte@table@maxnumwidth=\skip57
\c@table=\count89
Class scrbook Info: Redefining `\numberline' on input line 6811.
\bibindent=\dimen102
)
("C:\Users\Agando\AppData\Local\Programs\MiKTeX 2.9\tex/latex/base\inputenc.sty
"
Package: inputenc 2018/08/11 v1.3c Input encoding file
\inpenc@prehook=\toks15
\inpenc@posthook=\toks16
 ("C:\Users\Agando\AppData\Local\Programs\MiKTeX 2.9\tex/latex/ucs\utf8x.def"
File: utf8x.def 2004/10/17 UCS: Input encoding UTF-8
)) ("C:\Users\Agando\AppData\Local\Programs\MiKTeX 2.9\tex/latex/ucs\ucs.sty"
Package: ucs 2013/05/11 v2.2 UCS: Unicode input support

("C:\Users\Agando\AppData\Local\Programs\MiKTeX 2.9\tex/latex/ucs\uni-global.de
f"
File: uni-global.def 2013/05/13 UCS: Unicode global data
)
\uc@secondtry=\count90
\uc@combtoks=\toks17
\uc@combtoksb=\toks18
\uc@temptokena=\toks19
)
("C:\Users\Agando\AppData\Local\Programs\MiKTeX 2.9\tex/latex/base\fontenc.sty"
Package: fontenc 2018/08/11 v2.0j Standard LaTeX package
("C:\Users\Agando\AppData\Local\Programs\MiKTeX 2.9\tex/latex/base\t1enc.def"
File: t1enc.def 2018/08/11 v2.0j Standard LaTeX file
LaTeX Font Info:    Redeclaring font encoding T1 on input line 48.
)) ("C:\Users\Agando\AppData\Local\Programs\MiKTeX 2.9\tex/latex/base\textcomp.
sty"
Package: textcomp 2018/08/11 v2.0j Standard LaTeX package
Package textcomp Info: Sub-encoding information:
(textcomp)               5 = only ISO-Adobe without \textcurrency
(textcomp)               4 = 5 + \texteuro
(textcomp)               3 = 4 + \textohm
(textcomp)               2 = 3 + \textestimated + \textcurrency
(textcomp)               1 = TS1 - \textcircled - \t
(textcomp)               0 = TS1 (full)
(textcomp)             Font families with sub-encoding setting implement
(textcomp)             only a restricted character set as indicated.
(textcomp)             Family '?' is the default used for unknown fonts.
(textcomp)             See the documentation for details.
Package textcomp Info: Setting ? sub-encoding to TS1/1 on input line 79.
 ("C:\Users\Agando\AppData\Local\Programs\MiKTeX 2.9\tex/latex/base\ts1enc.def"
File: ts1enc.def 2001/06/05 v3.0e (jk/car/fm) Standard LaTeX file
)
LaTeX Info: Redefining \oldstylenums on input line 334.
Package textcomp Info: Setting cmr sub-encoding to TS1/0 on input line 349.
Package textcomp Info: Setting cmss sub-encoding to TS1/0 on input line 350.
Package textcomp Info: Setting cmtt sub-encoding to TS1/0 on input line 351.
Package textcomp Info: Setting cmvtt sub-encoding to TS1/0 on input line 352.
Package textcomp Info: Setting cmbr sub-encoding to TS1/0 on input line 353.
Package textcomp Info: Setting cmtl sub-encoding to TS1/0 on input line 354.
Package textcomp Info: Setting ccr sub-encoding to TS1/0 on input line 355.
Package textcomp Info: Setting ptm sub-encoding to TS1/4 on input line 356.
Package textcomp Info: Setting pcr sub-encoding to TS1/4 on input line 357.
Package textcomp Info: Setting phv sub-encoding to TS1/4 on input line 358.
Package textcomp Info: Setting ppl sub-encoding to TS1/3 on input line 359.
Package textcomp Info: Setting pag sub-encoding to TS1/4 on input line 360.
Package textcomp Info: Setting pbk sub-encoding to TS1/4 on input line 361.
Package textcomp Info: Setting pnc sub-encoding to TS1/4 on input line 362.
Package textcomp Info: Setting pzc sub-encoding to TS1/4 on input line 363.
Package textcomp Info: Setting bch sub-encoding to TS1/4 on input line 364.
Package textcomp Info: Setting put sub-encoding to TS1/5 on input line 365.
Package textcomp Info: Setting uag sub-encoding to TS1/5 on input line 366.
Package textcomp Info: Setting ugq sub-encoding to TS1/5 on input line 367.
Package textcomp Info: Setting ul8 sub-encoding to TS1/4 on input line 368.
Package textcomp Info: Setting ul9 sub-encoding to TS1/4 on input line 369.
Package textcomp Info: Setting augie sub-encoding to TS1/5 on input line 370.
Package textcomp Info: Setting dayrom sub-encoding to TS1/3 on input line 371.
Package textcomp Info: Setting dayroms sub-encoding to TS1/3 on input line 372.

Package textcomp Info: Setting pxr sub-encoding to TS1/0 on input line 373.
Package textcomp Info: Setting pxss sub-encoding to TS1/0 on input line 374.
Package textcomp Info: Setting pxtt sub-encoding to TS1/0 on input line 375.
Package textcomp Info: Setting txr sub-encoding to TS1/0 on input line 376.
Package textcomp Info: Setting txss sub-encoding to TS1/0 on input line 377.
Package textcomp Info: Setting txtt sub-encoding to TS1/0 on input line 378.
Package textcomp Info: Setting lmr sub-encoding to TS1/0 on input line 379.
Package textcomp Info: Setting lmdh sub-encoding to TS1/0 on input line 380.
Package textcomp Info: Setting lmss sub-encoding to TS1/0 on input line 381.
Package textcomp Info: Setting lmssq sub-encoding to TS1/0 on input line 382.
Package textcomp Info: Setting lmvtt sub-encoding to TS1/0 on input line 383.
Package textcomp Info: Setting lmtt sub-encoding to TS1/0 on input line 384.
Package textcomp Info: Setting qhv sub-encoding to TS1/0 on input line 385.
Package textcomp Info: Setting qag sub-encoding to TS1/0 on input line 386.
Package textcomp Info: Setting qbk sub-encoding to TS1/0 on input line 387.
Package textcomp Info: Setting qcr sub-encoding to TS1/0 on input line 388.
Package textcomp Info: Setting qcs sub-encoding to TS1/0 on input line 389.
Package textcomp Info: Setting qpl sub-encoding to TS1/0 on input line 390.
Package textcomp Info: Setting qtm sub-encoding to TS1/0 on input line 391.
Package textcomp Info: Setting qzc sub-encoding to TS1/0 on input line 392.
Package textcomp Info: Setting qhvc sub-encoding to TS1/0 on input line 393.
Package textcomp Info: Setting futs sub-encoding to TS1/4 on input line 394.
Package textcomp Info: Setting futx sub-encoding to TS1/4 on input line 395.
Package textcomp Info: Setting futj sub-encoding to TS1/4 on input line 396.
Package textcomp Info: Setting hlh sub-encoding to TS1/3 on input line 397.
Package textcomp Info: Setting hls sub-encoding to TS1/3 on input line 398.
Package textcomp Info: Setting hlst sub-encoding to TS1/3 on input line 399.
Package textcomp Info: Setting hlct sub-encoding to TS1/5 on input line 400.
Package textcomp Info: Setting hlx sub-encoding to TS1/5 on input line 401.
Package textcomp Info: Setting hlce sub-encoding to TS1/5 on input line 402.
Package textcomp Info: Setting hlcn sub-encoding to TS1/5 on input line 403.
Package textcomp Info: Setting hlcw sub-encoding to TS1/5 on input line 404.
Package textcomp Info: Setting hlcf sub-encoding to TS1/5 on input line 405.
Package textcomp Info: Setting pplx sub-encoding to TS1/3 on input line 406.
Package textcomp Info: Setting pplj sub-encoding to TS1/3 on input line 407.
Package textcomp Info: Setting ptmx sub-encoding to TS1/4 on input line 408.
Package textcomp Info: Setting ptmj sub-encoding to TS1/4 on input line 409.
)
("C:\Users\Agando\AppData\Local\Programs\MiKTeX 2.9\tex/latex/eurosym\eurosym.s
ty"
Package: eurosym 1998/08/06 v1.1 European currency symbol ``Euro''
\@eurobox=\box29
)
("C:\Users\Agando\AppData\Local\Programs\MiKTeX 2.9\tex/latex/framed\framed.sty
"
Package: framed 2011/10/22 v 0.96: framed or shaded text with page breaks
\OuterFrameSep=\skip58
\fb@frw=\dimen103
\fb@frh=\dimen104
\FrameRule=\dimen105
\FrameSep=\dimen106
)
("C:\Users\Agando\AppData\Local\Programs\MiKTeX 2.9\tex/latex/amsmath\amsmath.s
ty"
Package: amsmath 2018/12/01 v2.17b AMS math features
\@mathmargin=\skip59

For additional information on amsmath, use the `?' option.

("C:\Users\Agando\AppData\Local\Programs\MiKTeX 2.9\tex/latex/amsmath\amstext.s
ty"
Package: amstext 2000/06/29 v2.01 AMS text

("C:\Users\Agando\AppData\Local\Programs\MiKTeX 2.9\tex/latex/amsmath\amsgen.st
y"
File: amsgen.sty 1999/11/30 v2.0 generic functions
\@emptytoks=\toks20
\ex@=\dimen107
))
("C:\Users\Agando\AppData\Local\Programs\MiKTeX 2.9\tex/latex/amsmath\amsbsy.st
y"
Package: amsbsy 1999/11/29 v1.2d Bold Symbols
\pmbraise@=\dimen108
)
("C:\Users\Agando\AppData\Local\Programs\MiKTeX 2.9\tex/latex/amsmath\amsopn.st
y"
Package: amsopn 2016/03/08 v2.02 operator names
)
\inf@bad=\count91
LaTeX Info: Redefining \frac on input line 223.
\uproot@=\count92
\leftroot@=\count93
LaTeX Info: Redefining \overline on input line 385.
\classnum@=\count94
\DOTSCASE@=\count95
LaTeX Info: Redefining \ldots on input line 482.
LaTeX Info: Redefining \dots on input line 485.
LaTeX Info: Redefining \cdots on input line 606.
\Mathstrutbox@=\box30
\strutbox@=\box31
\big@size=\dimen109
LaTeX Font Info:    Redeclaring font encoding OML on input line 729.
LaTeX Font Info:    Redeclaring font encoding OMS on input line 730.
\macc@depth=\count96
\c@MaxMatrixCols=\count97
\dotsspace@=\muskip10
\c@parentequation=\count98
\dspbrk@lvl=\count99
\tag@help=\toks21
\row@=\count100
\column@=\count101
\maxfields@=\count102
\andhelp@=\toks22
\eqnshift@=\dimen110
\alignsep@=\dimen111
\tagshift@=\dimen112
\tagwidth@=\dimen113
\totwidth@=\dimen114
\lineht@=\dimen115
\@envbody=\toks23
\multlinegap=\skip60
\multlinetaggap=\skip61
\mathdisplay@stack=\toks24
LaTeX Info: Redefining \[ on input line 2844.
LaTeX Info: Redefining \] on input line 2845.
)
("C:\Users\Agando\AppData\Local\Programs\MiKTeX 2.9\tex/latex/graphics\graphicx
.sty"
Package: graphicx 2017/06/01 v1.1a Enhanced LaTeX Graphics (DPC,SPQR)

("C:\Users\Agando\AppData\Local\Programs\MiKTeX 2.9\tex/latex/graphics\graphics
.sty"
Package: graphics 2017/06/25 v1.2c Standard LaTeX Graphics (DPC,SPQR)

("C:\Users\Agando\AppData\Local\Programs\MiKTeX 2.9\tex/latex/graphics\trig.sty
"
Package: trig 2016/01/03 v1.10 sin cos tan (DPC)
)
("C:\Users\Agando\AppData\Local\Programs\MiKTeX 2.9\tex/latex/graphics-cfg\grap
hics.cfg"
File: graphics.cfg 2016/06/04 v1.11 sample graphics configuration
)
Package graphics Info: Driver file: pdftex.def on input line 99.

("C:\Users\Agando\AppData\Local\Programs\MiKTeX 2.9\tex/latex/graphics-def\pdft
ex.def"
File: pdftex.def 2018/01/08 v1.0l Graphics/color driver for pdftex
))
\Gin@req@height=\dimen116
\Gin@req@width=\dimen117
)

Class scrbook Warning: Usage of package `fancyhdr' together
(scrbook)              with a KOMA-Script class is not recommended.
(scrbook)              I'd suggest to use 
(scrbook)              package `scrlayer' or `scrlayer-scrpage', because
(scrbook)              they support KOMA-Script classes.
(scrbook)              With `fancyhdr' several features of class `scrbook'
(scrbook)              like options `headsepline', `footsepline' or command
(scrbook)              `\MakeMarkcase' and the commands `\setkomafont' and
(scrbook)              `\addtokomafont' for the page style elements need
(scrbook)              explicite user intervention to work.
(scrbook)              Nevertheless, using requested
(scrbook)              package `fancyhdr' on input line 27.


("C:\Users\Agando\AppData\Local\Programs\MiKTeX 2.9\tex/latex/fancyhdr\fancyhdr
.sty"
Package: fancyhdr 2019/01/31 v3.10 Extensive control of page headers and footer
s
\f@nch@headwidth=\skip62
\f@nch@O@elh=\skip63
\f@nch@O@erh=\skip64
\f@nch@O@olh=\skip65
\f@nch@O@orh=\skip66
\f@nch@O@elf=\skip67
\f@nch@O@erf=\skip68
\f@nch@O@olf=\skip69
\f@nch@O@orf=\skip70
)

Package Fancyhdr Warning: \fancyhead's `E' option without twoside option is use
less on input line 33.

("C:\Users\Agando\AppData\Local\Programs\MiKTeX 2.9\tex/latex/xargs\xargs.sty"
Package: xargs 2008/03/22 v1.1  extended macro definitions  (mpg)

("C:\Users\Agando\AppData\Local\Programs\MiKTeX 2.9\tex/latex/xkeyval\xkeyval.s
ty"
Package: xkeyval 2014/12/03 v2.7a package option processing (HA)

("C:\Users\Agando\AppData\Local\Programs\MiKTeX 2.9\tex/generic/xkeyval\xkeyval
.tex"
("C:\Users\Agando\AppData\Local\Programs\MiKTeX 2.9\tex/generic/xkeyval\xkvutil
s.tex"
\XKV@toks=\toks25
\XKV@tempa@toks=\toks26
)
\XKV@depth=\count103
File: xkeyval.tex 2014/12/03 v2.7a key=value parser (HA)
))
\xargs@max=\count104
\xargs@toksa=\toks27
\xargs@toksb=\toks28
)
("C:\Users\Agando\AppData\Local\Programs\MiKTeX 2.9\tex/latex/todonotes\todonot
es.sty"
Package: todonotes 2019/01/24 v1.1.2 Todonotes source and documentation.
Package: todonotes 2018/11/22

("C:\Users\Agando\AppData\Local\Programs\MiKTeX 2.9\tex/latex/base\ifthen.sty"
Package: ifthen 2014/09/29 v1.1c Standard LaTeX ifthen package (DPC)
) ("C:\Users\Agando\AppData\Local\Programs\MiKTeX 2.9\tex/latex/xcolor\xcolor.s
ty"
Package: xcolor 2016/05/11 v2.12 LaTeX color extensions (UK)

("C:\Users\Agando\AppData\Local\Programs\MiKTeX 2.9\tex/latex/graphics-cfg\colo
r.cfg"
File: color.cfg 2016/01/02 v1.6 sample color configuration
)
Package xcolor Info: Driver file: pdftex.def on input line 225.
Package xcolor Info: Model `cmy' substituted by `cmy0' on input line 1348.
Package xcolor Info: Model `hsb' substituted by `rgb' on input line 1352.
Package xcolor Info: Model `RGB' extended on input line 1364.
Package xcolor Info: Model `HTML' substituted by `rgb' on input line 1366.
Package xcolor Info: Model `Hsb' substituted by `hsb' on input line 1367.
Package xcolor Info: Model `tHsb' substituted by `hsb' on input line 1368.
Package xcolor Info: Model `HSB' substituted by `hsb' on input line 1369.
Package xcolor Info: Model `Gray' substituted by `gray' on input line 1370.
Package xcolor Info: Model `wave' substituted by `hsb' on input line 1371.
)
("C:\Users\Agando\AppData\Local\Programs\MiKTeX 2.9\tex/latex/pgf/frontendlayer
\tikz.sty"
("C:\Users\Agando\AppData\Local\Programs\MiKTeX 2.9\tex/latex/pgf/basiclayer\pg
f.sty"
("C:\Users\Agando\AppData\Local\Programs\MiKTeX 2.9\tex/latex/pgf/utilities\pgf
rcs.sty"
("C:\Users\Agando\AppData\Local\Programs\MiKTeX 2.9\tex/generic/pgf/utilities\p
gfutil-common.tex"
\pgfutil@everybye=\toks29
\pgfutil@tempdima=\dimen118
\pgfutil@tempdimb=\dimen119

("C:\Users\Agando\AppData\Local\Programs\MiKTeX 2.9\tex/generic/pgf/utilities\p
gfutil-common-lists.tex"))
("C:\Users\Agando\AppData\Local\Programs\MiKTeX 2.9\tex/generic/pgf/utilities\p
gfutil-latex.def"
\pgfutil@abb=\box32

("C:\Users\Agando\AppData\Local\Programs\MiKTeX 2.9\tex/latex/ms\everyshi.sty"
Package: everyshi 2001/05/15 v3.00 EveryShipout Package (MS)
))
("C:\Users\Agando\AppData\Local\Programs\MiKTeX 2.9\tex/generic/pgf/utilities\p
gfrcs.code.tex"
("C:\Users\Agando\AppData\Local\Programs\MiKTeX 2.9\tex/generic/pgf\pgf.revisio
n.tex")
Package: pgfrcs 2019/05/09 v3.1.3 (3.1.3)
))
Package: pgf 2019/05/09 v3.1.3 (3.1.3)

("C:\Users\Agando\AppData\Local\Programs\MiKTeX 2.9\tex/latex/pgf/basiclayer\pg
fcore.sty"
("C:\Users\Agando\AppData\Local\Programs\MiKTeX 2.9\tex/latex/pgf/systemlayer\p
gfsys.sty"
("C:\Users\Agando\AppData\Local\Programs\MiKTeX 2.9\tex/generic/pgf/systemlayer
\pgfsys.code.tex"
Package: pgfsys 2019/05/09 v3.1.3 (3.1.3)

("C:\Users\Agando\AppData\Local\Programs\MiKTeX 2.9\tex/generic/pgf/utilities\p
gfkeys.code.tex"
\pgfkeys@pathtoks=\toks30
\pgfkeys@temptoks=\toks31

("C:\Users\Agando\AppData\Local\Programs\MiKTeX 2.9\tex/generic/pgf/utilities\p
gfkeysfiltered.code.tex"
\pgfkeys@tmptoks=\toks32
))
\pgf@x=\dimen120
\pgf@y=\dimen121
\pgf@xa=\dimen122
\pgf@ya=\dimen123
\pgf@xb=\dimen124
\pgf@yb=\dimen125
\pgf@xc=\dimen126
\pgf@yc=\dimen127
\pgf@xd=\dimen128
\pgf@yd=\dimen129
\w@pgf@writea=\write3
\r@pgf@reada=\read1
\c@pgf@counta=\count105
\c@pgf@countb=\count106
\c@pgf@countc=\count107
\c@pgf@countd=\count108
\t@pgf@toka=\toks33
\t@pgf@tokb=\toks34
\t@pgf@tokc=\toks35
\pgf@sys@id@count=\count109

("C:\Users\Agando\AppData\Local\Programs\MiKTeX 2.9\tex/generic/pgf/systemlayer
\pgf.cfg"
File: pgf.cfg 2019/05/09 v3.1.3 (3.1.3)
)
Driver file for pgf: pgfsys-pdftex.def

("C:\Users\Agando\AppData\Local\Programs\MiKTeX 2.9\tex/generic/pgf/systemlayer
\pgfsys-pdftex.def"
File: pgfsys-pdftex.def 2019/05/09 v3.1.3 (3.1.3)

("C:\Users\Agando\AppData\Local\Programs\MiKTeX 2.9\tex/generic/pgf/systemlayer
\pgfsys-common-pdf.def"
File: pgfsys-common-pdf.def 2019/05/09 v3.1.3 (3.1.3)
)))
("C:\Users\Agando\AppData\Local\Programs\MiKTeX 2.9\tex/generic/pgf/systemlayer
\pgfsyssoftpath.code.tex"
File: pgfsyssoftpath.code.tex 2019/05/09 v3.1.3 (3.1.3)
\pgfsyssoftpath@smallbuffer@items=\count110
\pgfsyssoftpath@bigbuffer@items=\count111
)
("C:\Users\Agando\AppData\Local\Programs\MiKTeX 2.9\tex/generic/pgf/systemlayer
\pgfsysprotocol.code.tex"
File: pgfsysprotocol.code.tex 2019/05/09 v3.1.3 (3.1.3)
))
("C:\Users\Agando\AppData\Local\Programs\MiKTeX 2.9\tex/generic/pgf/basiclayer\
pgfcore.code.tex"
Package: pgfcore 2019/05/09 v3.1.3 (3.1.3)

("C:\Users\Agando\AppData\Local\Programs\MiKTeX 2.9\tex/generic/pgf/math\pgfmat
h.code.tex"
("C:\Users\Agando\AppData\Local\Programs\MiKTeX 2.9\tex/generic/pgf/math\pgfmat
hcalc.code.tex"
("C:\Users\Agando\AppData\Local\Programs\MiKTeX 2.9\tex/generic/pgf/math\pgfmat
hutil.code.tex")
("C:\Users\Agando\AppData\Local\Programs\MiKTeX 2.9\tex/generic/pgf/math\pgfmat
hparser.code.tex"
\pgfmath@dimen=\dimen130
\pgfmath@count=\count112
\pgfmath@box=\box33
\pgfmath@toks=\toks36
\pgfmath@stack@operand=\toks37
\pgfmath@stack@operation=\toks38
)
("C:\Users\Agando\AppData\Local\Programs\MiKTeX 2.9\tex/generic/pgf/math\pgfmat
hfunctions.code.tex"
("C:\Users\Agando\AppData\Local\Programs\MiKTeX 2.9\tex/generic/pgf/math\pgfmat
hfunctions.basic.code.tex")
("C:\Users\Agando\AppData\Local\Programs\MiKTeX 2.9\tex/generic/pgf/math\pgfmat
hfunctions.trigonometric.code.tex")
("C:\Users\Agando\AppData\Local\Programs\MiKTeX 2.9\tex/generic/pgf/math\pgfmat
hfunctions.random.code.tex")
("C:\Users\Agando\AppData\Local\Programs\MiKTeX 2.9\tex/generic/pgf/math\pgfmat
hfunctions.comparison.code.tex")
("C:\Users\Agando\AppData\Local\Programs\MiKTeX 2.9\tex/generic/pgf/math\pgfmat
hfunctions.base.code.tex")
("C:\Users\Agando\AppData\Local\Programs\MiKTeX 2.9\tex/generic/pgf/math\pgfmat
hfunctions.round.code.tex")
("C:\Users\Agando\AppData\Local\Programs\MiKTeX 2.9\tex/generic/pgf/math\pgfmat
hfunctions.misc.code.tex")
("C:\Users\Agando\AppData\Local\Programs\MiKTeX 2.9\tex/generic/pgf/math\pgfmat
hfunctions.integerarithmetics.code.tex")))
("C:\Users\Agando\AppData\Local\Programs\MiKTeX 2.9\tex/generic/pgf/math\pgfmat
hfloat.code.tex"
\c@pgfmathroundto@lastzeros=\count113
))
("C:\Users\Agando\AppData\Local\Programs\MiKTeX 2.9\tex/generic/pgf/math\pgfint
.code.tex")
("C:\Users\Agando\AppData\Local\Programs\MiKTeX 2.9\tex/generic/pgf/basiclayer\
pgfcorepoints.code.tex"
File: pgfcorepoints.code.tex 2019/05/09 v3.1.3 (3.1.3)
\pgf@picminx=\dimen131
\pgf@picmaxx=\dimen132
\pgf@picminy=\dimen133
\pgf@picmaxy=\dimen134
\pgf@pathminx=\dimen135
\pgf@pathmaxx=\dimen136
\pgf@pathminy=\dimen137
\pgf@pathmaxy=\dimen138
\pgf@xx=\dimen139
\pgf@xy=\dimen140
\pgf@yx=\dimen141
\pgf@yy=\dimen142
\pgf@zx=\dimen143
\pgf@zy=\dimen144
)
("C:\Users\Agando\AppData\Local\Programs\MiKTeX 2.9\tex/generic/pgf/basiclayer\
pgfcorepathconstruct.code.tex"
File: pgfcorepathconstruct.code.tex 2019/05/09 v3.1.3 (3.1.3)
\pgf@path@lastx=\dimen145
\pgf@path@lasty=\dimen146
)
("C:\Users\Agando\AppData\Local\Programs\MiKTeX 2.9\tex/generic/pgf/basiclayer\
pgfcorepathusage.code.tex"
File: pgfcorepathusage.code.tex 2019/05/09 v3.1.3 (3.1.3)
\pgf@shorten@end@additional=\dimen147
\pgf@shorten@start@additional=\dimen148
)
("C:\Users\Agando\AppData\Local\Programs\MiKTeX 2.9\tex/generic/pgf/basiclayer\
pgfcorescopes.code.tex"
File: pgfcorescopes.code.tex 2019/05/09 v3.1.3 (3.1.3)
\pgfpic=\box34
\pgf@hbox=\box35
\pgf@layerbox@main=\box36
\pgf@picture@serial@count=\count114
)
("C:\Users\Agando\AppData\Local\Programs\MiKTeX 2.9\tex/generic/pgf/basiclayer\
pgfcoregraphicstate.code.tex"
File: pgfcoregraphicstate.code.tex 2019/05/09 v3.1.3 (3.1.3)
\pgflinewidth=\dimen149
)
("C:\Users\Agando\AppData\Local\Programs\MiKTeX 2.9\tex/generic/pgf/basiclayer\
pgfcoretransformations.code.tex"
File: pgfcoretransformations.code.tex 2019/05/09 v3.1.3 (3.1.3)
\pgf@pt@x=\dimen150
\pgf@pt@y=\dimen151
\pgf@pt@temp=\dimen152
)
("C:\Users\Agando\AppData\Local\Programs\MiKTeX 2.9\tex/generic/pgf/basiclayer\
pgfcorequick.code.tex"
File: pgfcorequick.code.tex 2019/05/09 v3.1.3 (3.1.3)
)
("C:\Users\Agando\AppData\Local\Programs\MiKTeX 2.9\tex/generic/pgf/basiclayer\
pgfcoreobjects.code.tex"
File: pgfcoreobjects.code.tex 2019/05/09 v3.1.3 (3.1.3)
)
("C:\Users\Agando\AppData\Local\Programs\MiKTeX 2.9\tex/generic/pgf/basiclayer\
pgfcorepathprocessing.code.tex"
File: pgfcorepathprocessing.code.tex 2019/05/09 v3.1.3 (3.1.3)
)
("C:\Users\Agando\AppData\Local\Programs\MiKTeX 2.9\tex/generic/pgf/basiclayer\
pgfcorearrows.code.tex"
File: pgfcorearrows.code.tex 2019/05/09 v3.1.3 (3.1.3)
\pgfarrowsep=\dimen153
)
("C:\Users\Agando\AppData\Local\Programs\MiKTeX 2.9\tex/generic/pgf/basiclayer\
pgfcoreshade.code.tex"
File: pgfcoreshade.code.tex 2019/05/09 v3.1.3 (3.1.3)
\pgf@max=\dimen154
\pgf@sys@shading@range@num=\count115
\pgf@shadingcount=\count116
)
("C:\Users\Agando\AppData\Local\Programs\MiKTeX 2.9\tex/generic/pgf/basiclayer\
pgfcoreimage.code.tex"
File: pgfcoreimage.code.tex 2019/05/09 v3.1.3 (3.1.3)

("C:\Users\Agando\AppData\Local\Programs\MiKTeX 2.9\tex/generic/pgf/basiclayer\
pgfcoreexternal.code.tex"
File: pgfcoreexternal.code.tex 2019/05/09 v3.1.3 (3.1.3)
\pgfexternal@startupbox=\box37
))
("C:\Users\Agando\AppData\Local\Programs\MiKTeX 2.9\tex/generic/pgf/basiclayer\
pgfcorelayers.code.tex"
File: pgfcorelayers.code.tex 2019/05/09 v3.1.3 (3.1.3)
)
("C:\Users\Agando\AppData\Local\Programs\MiKTeX 2.9\tex/generic/pgf/basiclayer\
pgfcoretransparency.code.tex"
File: pgfcoretransparency.code.tex 2019/05/09 v3.1.3 (3.1.3)
)
("C:\Users\Agando\AppData\Local\Programs\MiKTeX 2.9\tex/generic/pgf/basiclayer\
pgfcorepatterns.code.tex"
File: pgfcorepatterns.code.tex 2019/05/09 v3.1.3 (3.1.3)
)
("C:\Users\Agando\AppData\Local\Programs\MiKTeX 2.9\tex/generic/pgf/basiclayer\
pgfcorerdf.code.tex"
File: pgfcorerdf.code.tex 2019/05/09 v3.1.3 (3.1.3)
)))
("C:\Users\Agando\AppData\Local\Programs\MiKTeX 2.9\tex/generic/pgf/modules\pgf
moduleshapes.code.tex"
File: pgfmoduleshapes.code.tex 2019/05/09 v3.1.3 (3.1.3)
\pgfnodeparttextbox=\box38
)
("C:\Users\Agando\AppData\Local\Programs\MiKTeX 2.9\tex/generic/pgf/modules\pgf
moduleplot.code.tex"
File: pgfmoduleplot.code.tex 2019/05/09 v3.1.3 (3.1.3)
)
("C:\Users\Agando\AppData\Local\Programs\MiKTeX 2.9\tex/latex/pgf/compatibility
\pgfcomp-version-0-65.sty"
Package: pgfcomp-version-0-65 2019/05/09 v3.1.3 (3.1.3)
\pgf@nodesepstart=\dimen155
\pgf@nodesepend=\dimen156
)
("C:\Users\Agando\AppData\Local\Programs\MiKTeX 2.9\tex/latex/pgf/compatibility
\pgfcomp-version-1-18.sty"
Package: pgfcomp-version-1-18 2019/05/09 v3.1.3 (3.1.3)
))
("C:\Users\Agando\AppData\Local\Programs\MiKTeX 2.9\tex/latex/pgf/utilities\pgf
for.sty"
("C:\Users\Agando\AppData\Local\Programs\MiKTeX 2.9\tex/latex/pgf/utilities\pgf
keys.sty"
("C:\Users\Agando\AppData\Local\Programs\MiKTeX 2.9\tex/generic/pgf/utilities\p
gfkeys.code.tex"))
("C:\Users\Agando\AppData\Local\Programs\MiKTeX 2.9\tex/latex/pgf/math\pgfmath.
sty"
("C:\Users\Agando\AppData\Local\Programs\MiKTeX 2.9\tex/generic/pgf/math\pgfmat
h.code.tex"))
("C:\Users\Agando\AppData\Local\Programs\MiKTeX 2.9\tex/generic/pgf/utilities\p
gffor.code.tex"
Package: pgffor 2019/05/09 v3.1.3 (3.1.3)

("C:\Users\Agando\AppData\Local\Programs\MiKTeX 2.9\tex/generic/pgf/math\pgfmat
h.code.tex")
\pgffor@iter=\dimen157
\pgffor@skip=\dimen158
\pgffor@stack=\toks39
\pgffor@toks=\toks40
))
("C:\Users\Agando\AppData\Local\Programs\MiKTeX 2.9\tex/generic/pgf/frontendlay
er/tikz\tikz.code.tex"
Package: tikz 2019/05/09 v3.1.3 (3.1.3)

("C:\Users\Agando\AppData\Local\Programs\MiKTeX 2.9\tex/generic/pgf/libraries\p
gflibraryplothandlers.code.tex"
File: pgflibraryplothandlers.code.tex 2019/05/09 v3.1.3 (3.1.3)
\pgf@plot@mark@count=\count117
\pgfplotmarksize=\dimen159
)
\tikz@lastx=\dimen160
\tikz@lasty=\dimen161
\tikz@lastxsaved=\dimen162
\tikz@lastysaved=\dimen163
\tikzleveldistance=\dimen164
\tikzsiblingdistance=\dimen165
\tikz@figbox=\box39
\tikz@figbox@bg=\box40
\tikz@tempbox=\box41
\tikz@tempbox@bg=\box42
\tikztreelevel=\count118
\tikznumberofchildren=\count119
\tikznumberofcurrentchild=\count120
\tikz@fig@count=\count121

("C:\Users\Agando\AppData\Local\Programs\MiKTeX 2.9\tex/generic/pgf/modules\pgf
modulematrix.code.tex"
File: pgfmodulematrix.code.tex 2019/05/09 v3.1.3 (3.1.3)
\pgfmatrixcurrentrow=\count122
\pgfmatrixcurrentcolumn=\count123
\pgf@matrix@numberofcolumns=\count124
)
\tikz@expandcount=\count125

("C:\Users\Agando\AppData\Local\Programs\MiKTeX 2.9\tex/generic/pgf/frontendlay
er/tikz/libraries\tikzlibrarytopaths.code.tex"
File: tikzlibrarytopaths.code.tex 2019/05/09 v3.1.3 (3.1.3)
)))
("C:\Users\Agando\AppData\Local\Programs\MiKTeX 2.9\tex/generic/pgf/frontendlay
er/tikz/libraries\tikzlibrarypositioning.code.tex"
File: tikzlibrarypositioning.code.tex 2019/05/09 v3.1.3 (3.1.3)
)
("C:\Users\Agando\AppData\Local\Programs\MiKTeX 2.9\tex/generic/pgf/frontendlay
er/tikz/libraries\tikzlibraryshadows.code.tex"
File: tikzlibraryshadows.code.tex 2019/05/09 v3.1.3 (3.1.3)

("C:\Users\Agando\AppData\Local\Programs\MiKTeX 2.9\tex/generic/pgf/frontendlay
er/tikz/libraries\tikzlibraryfadings.code.tex"
File: tikzlibraryfadings.code.tex 2019/05/09 v3.1.3 (3.1.3)

("C:\Users\Agando\AppData\Local\Programs\MiKTeX 2.9\tex/generic/pgf/libraries\p
gflibraryfadings.code.tex"
File: pgflibraryfadings.code.tex 2019/05/09 v3.1.3 (3.1.3)
)))
("C:\Users\Agando\AppData\Local\Programs\MiKTeX 2.9\tex/latex/tools\calc.sty"
Package: calc 2017/05/25 v4.3 Infix arithmetic (KKT,FJ)
\calc@Acount=\count126
\calc@Bcount=\count127
\calc@Adimen=\dimen166
\calc@Bdimen=\dimen167
\calc@Askip=\skip71
\calc@Bskip=\skip72
LaTeX Info: Redefining \setlength on input line 80.
LaTeX Info: Redefining \addtolength on input line 81.
\calc@Ccount=\count128
\calc@Cskip=\skip73
)
\c@@todonotes@numberoftodonotes=\count129
)
("C:\Users\Agando\AppData\Local\Programs\MiKTeX 2.9\tex/latex/nomencl\nomencl.s
ty"
Package: nomencl 2019/05/05 v5.2 Nomenclature package
Package tocbasic Info: setting babel extension for `nlo' on input line 155.
Package tocbasic Info: setting babel extension for `nls' on input line 156.
\nomlabelwidth=\dimen168
\nom@tempdim=\dimen169
\nomitemsep=\skip74
)
\@nomenclaturefile=\write4
\openout4 = `draft.nlo'.

Package nomencl Info: Writing nomenclature file draft.nlo on input line 72.
 ("C:\Users\Agando\AppData\Local\Programs\MiKTeX 2.9\tex/latex/url\url.sty"
\Urlmuskip=\muskip11
Package: url 2013/09/16  ver 3.4  Verb mode for urls, etc.
)
("C:\Users\Agando\AppData\Local\Programs\MiKTeX 2.9\tex/latex/setspace\setspace
.sty"
Package: setspace 2011/12/19 v6.7a set line spacing
)
("C:\Users\Agando\AppData\Local\Programs\MiKTeX 2.9\tex/generic/babel\babel.sty
"
Package: babel 2019/06/03 3.32 The Babel package

("C:\Users\Agando\AppData\Local\Programs\MiKTeX 2.9\tex/generic/babel\switch.de
f"
File: switch.def 2019/06/03 3.32 Babel switching mechanism
)
*************************************
* Local config file bblopts.cfg used
*
("C:\Users\Agando\AppData\Local\Programs\MiKTeX 2.9\tex/latex/arabi\bblopts.cfg
"
File: bblopts.cfg 2005/09/08 v0.1 add Arabic and Farsi to "declared" options of
 babel
)
("C:\Users\Agando\AppData\Local\Programs\MiKTeX 2.9\tex/latex/babel-german\nger
man.ldf"
Language: ngerman 2018/12/08 v2.11 German support for babel (post-1996 orthogra
phy)

("C:\Users\Agando\AppData\Local\Programs\MiKTeX 2.9\tex/latex/babel-german\nger
manb.ldf"
Language: ngermanb 2018/12/08 v2.11 German support for babel (post-1996 orthogr
aphy)

("C:\Users\Agando\AppData\Local\Programs\MiKTeX 2.9\tex/generic/babel\babel.def
"
File: babel.def 2019/06/03 3.32 Babel common definitions
\babel@savecnt=\count130
\U@D=\dimen170

("C:\Users\Agando\AppData\Local\Programs\MiKTeX 2.9\tex/generic/babel\txtbabel.
def")
\bbl@dirlevel=\count131
)
Package babel Info: Making " an active character on input line 121.
)))
("C:\Users\Agando\AppData\Local\Programs\MiKTeX 2.9\tex/latex/csquotes\csquotes
.sty"
Package: csquotes 2019/05/10 v5.2e context-sensitive quotations (JAW)

("C:\Users\Agando\AppData\Local\Programs\MiKTeX 2.9\tex/latex/etoolbox\etoolbox
.sty"
Package: etoolbox 2018/08/19 v2.5f e-TeX tools for LaTeX (JAW)
\etb@tempcnta=\count132
)
\csq@reset=\count133
\csq@gtype=\count134
\csq@glevel=\count135
\csq@qlevel=\count136
\csq@maxlvl=\count137
\csq@tshold=\count138
\csq@ltx@everypar=\toks41

("C:\Users\Agando\AppData\Local\Programs\MiKTeX 2.9\tex/latex/csquotes\csquotes
.def"
File: csquotes.def 2019/05/10 v5.2e csquotes generic definitions (JAW)
)
Package csquotes Info: Trying to load configuration file 'csquotes.cfg'...
Package csquotes Info: ... configuration file loaded successfully.

("C:\Users\Agando\AppData\Local\Programs\MiKTeX 2.9\tex/latex/csquotes\csquotes
.cfg"
File: csquotes.cfg 
)
Package csquotes Info: Option 'babel' depreciated.
(csquotes)             Using 'autostyle'.
Package csquotes Info: Enabling multilingual quotes.
Package csquotes Info: Redefining alias 'german' -> 'german/quotes'.
)
("C:\Users\Agando\AppData\Local\Programs\MiKTeX 2.9\tex/latex/colortbl\colortbl
.sty"
Package: colortbl 2018/12/12 v1.0d Color table columns (DPC)

("C:\Users\Agando\AppData\Local\Programs\MiKTeX 2.9\tex/latex/tools\array.sty"
Package: array 2018/12/30 v2.4k Tabular extension package (FMi)
\col@sep=\dimen171
\ar@mcellbox=\box43
\extrarowheight=\dimen172
\NC@list=\toks42
\extratabsurround=\skip75
\backup@length=\skip76
\ar@cellbox=\box44
)
\everycr=\toks43
\minrowclearance=\skip77
)
("C:\Users\Agando\AppData\Local\Programs\MiKTeX 2.9\tex/latex/graphics\rotating
.sty"
Package: rotating 2016/08/11 v2.16d rotated objects in LaTeX
\c@r@tfl@t=\count139
\rotFPtop=\skip78
\rotFPbot=\skip79
\rot@float@box=\box45
\rot@mess@toks=\toks44
)
("C:\Users\Agando\AppData\Local\Programs\MiKTeX 2.9\tex/latex/graphics\lscape.s
ty"
Package: lscape 2000/10/22 v3.01 Landscape Pages (DPC)
)
("C:\Users\Agando\AppData\Local\Programs\MiKTeX 2.9\tex/latex/fancyvrb\fancyvrb
.sty"
Package: fancyvrb 2019/01/15
 Style option: `fancyvrb' v3.2a <2019/01/15> (tvz)
\FV@CodeLineNo=\count140
\FV@InFile=\read2
\FV@TabBox=\box46
\c@FancyVerbLine=\count141
\FV@StepNumber=\count142
\FV@OutFile=\write5
)
("C:\Users\Agando\AppData\Local\Programs\MiKTeX 2.9\tex/latex/tools\verbatim.st
y"
Package: verbatim 2014/10/28 v1.5q LaTeX2e package for verbatim enhancements
\every@verbatim=\toks45
\verbatim@line=\toks46
\verbatim@in@stream=\read3
)
("C:\Users\Agando\AppData\Local\Programs\MiKTeX 2.9\tex/latex/moreverb\moreverb
.sty"
Package: moreverb 2008/06/03 v2.3a `more' verbatim facilities
\tab@position=\count143
\tab@size=\count144
\listing@line=\count145
)
("C:\Users\Agando\AppData\Local\Programs\MiKTeX 2.9\tex/latex/listings\listings
.sty"
\lst@mode=\count146
\lst@gtempboxa=\box47
\lst@token=\toks47
\lst@length=\count147
\lst@currlwidth=\dimen173
\lst@column=\count148
\lst@pos=\count149
\lst@lostspace=\dimen174
\lst@width=\dimen175
\lst@newlines=\count150
\lst@lineno=\count151
\lst@maxwidth=\dimen176

("C:\Users\Agando\AppData\Local\Programs\MiKTeX 2.9\tex/latex/listings\lstmisc.
sty"
File: lstmisc.sty 2019/02/27 1.8b (Carsten Heinz)
\c@lstnumber=\count152
\lst@skipnumbers=\count153
\lst@framebox=\box48
)
("C:\Users\Agando\AppData\Local\Programs\MiKTeX 2.9\tex/latex/listings\listings
.cfg"
File: listings.cfg 2019/02/27 1.8b listings configuration
))
Package: listings 2019/02/27 1.8b (Carsten Heinz)

("C:\Users\Agando\AppData\Local\Programs\MiKTeX 2.9\tex/latex/listings\lstlang1
.sty"
File: lstlang1.sty 2019/02/27 1.8b listings language file
)
("C:\Users\Agando\AppData\Local\Programs\MiKTeX 2.9\tex/latex/float\float.sty"
Package: float 2001/11/08 v1.3d Float enhancements (AL)
\c@float@type=\count154
\float@exts=\toks48
\float@box=\box49
\@float@everytoks=\toks49
\@floatcapt=\box50
)
("C:\Users\Agando\AppData\Local\Programs\MiKTeX 2.9\tex/latex/tools\longtable.s
ty"
Package: longtable 2014/10/28 v4.11 Multi-page Table package (DPC)+ FMi change
\LTleft=\skip80
\LTright=\skip81
\LTpre=\skip82
\LTpost=\skip83
\LTchunksize=\count155
\LTcapwidth=\dimen177
\LT@head=\box51
\LT@firsthead=\box52
\LT@foot=\box53
\LT@lastfoot=\box54
\LT@cols=\count156
\LT@rows=\count157
\c@LT@tables=\count158
\c@LT@chunks=\count159
\LT@p@ftn=\toks50
)
Class scrbook Info: longtable captions redefined on input line 213.

("C:\Users\Agando\AppData\Local\Programs\MiKTeX 2.9\tex/latex/supertabular\supe
rtabular.sty"
Package: supertabular 2004/02/20 v4.1e the supertabular environment
\c@tracingst=\count160
\ST@wd=\dimen178
\ST@rightskip=\skip84
\ST@leftskip=\skip85
\ST@parfillskip=\skip86
\ST@pageleft=\dimen179
\ST@headht=\dimen180
\ST@tailht=\dimen181
\ST@pagesofar=\dimen182
\ST@pboxht=\dimen183
\ST@lineht=\dimen184
\ST@stretchht=\dimen185
\ST@prevht=\dimen186
\ST@toadd=\dimen187
\ST@dimen=\dimen188
\ST@pbox=\box55
)
("C:\Users\Agando\AppData\Local\Programs\MiKTeX 2.9\tex/latex/multirow\multirow
.sty"
Package: multirow 2019/05/31 v2.5 Span multiple rows of a table
\multirow@colwidth=\skip87
\multirow@cntb=\count161
\multirow@dima=\skip88
\bigstrutjot=\dimen189
)
("C:\Users\Agando\AppData\Local\Programs\MiKTeX 2.9\tex/latex/pdfpages\pdfpages
.sty"
Package: pdfpages 2017/10/31 v0.5l Insert pages of external PDF documents (AM)

("C:\Users\Agando\AppData\Local\Programs\MiKTeX 2.9\tex/latex/eso-pic\eso-pic.s
ty"
Package: eso-pic 2018/04/12 v2.0h eso-pic (RN)

("C:\Users\Agando\AppData\Local\Programs\MiKTeX 2.9\tex/generic/oberdiek\atbegs
hi.sty"
Package: atbegshi 2016/06/09 v1.18 At begin shipout hook (HO)

("C:\Users\Agando\AppData\Local\Programs\MiKTeX 2.9\tex/generic/oberdiek\infwar
err.sty"
Package: infwarerr 2016/05/16 v1.4 Providing info/warning/error messages (HO)
)
("C:\Users\Agando\AppData\Local\Programs\MiKTeX 2.9\tex/generic/oberdiek\ltxcmd
s.sty"
Package: ltxcmds 2016/05/16 v1.23 LaTeX kernel commands for general use (HO)
)
("C:\Users\Agando\AppData\Local\Programs\MiKTeX 2.9\tex/generic/oberdiek\ifpdf.
sty"
Package: ifpdf 2018/09/07 v3.3 Provides the ifpdf switch
)))
\AM@pagewidth=\dimen190
\AM@pageheight=\dimen191

("C:\Users\Agando\AppData\Local\Programs\MiKTeX 2.9\tex/latex/pdfpages\pppdftex
.def"
File: pppdftex.def 2017/10/31 v0.5l Pdfpages driver for pdfTeX (AM)
)
\AM@pagebox=\box56
\AM@global@opts=\toks51
\AM@toc@title=\toks52
\c@AM@survey=\count162
\AM@templatesizebox=\box57
)
("C:\Users\Agando\AppData\Local\Programs\MiKTeX 2.9\tex/latex/hyperref\hyperref
.sty"
Package: hyperref 2018/11/30 v6.88e Hypertext links for LaTeX

("C:\Users\Agando\AppData\Local\Programs\MiKTeX 2.9\tex/generic/oberdiek\hobsub
-hyperref.sty"
Package: hobsub-hyperref 2016/05/16 v1.14 Bundle oberdiek, subset hyperref (HO)


("C:\Users\Agando\AppData\Local\Programs\MiKTeX 2.9\tex/generic/oberdiek\hobsub
-generic.sty"
Package: hobsub-generic 2016/05/16 v1.14 Bundle oberdiek, subset generic (HO)
Package: hobsub 2016/05/16 v1.14 Construct package bundles (HO)
Package hobsub Info: Skipping package `infwarerr' (already loaded).
Package hobsub Info: Skipping package `ltxcmds' (already loaded).
Package: ifluatex 2016/05/16 v1.4 Provides the ifluatex switch (HO)
Package ifluatex Info: LuaTeX not detected.
Package: ifvtex 2016/05/16 v1.6 Detect VTeX and its facilities (HO)
Package ifvtex Info: VTeX not detected.
Package: intcalc 2016/05/16 v1.2 Expandable calculations with integers (HO)
Package hobsub Info: Skipping package `ifpdf' (already loaded).
Package: etexcmds 2016/05/16 v1.6 Avoid name clashes with e-TeX commands (HO)
Package: kvsetkeys 2016/05/16 v1.17 Key value parser (HO)
Package: kvdefinekeys 2016/05/16 v1.4 Define keys (HO)
Package: pdftexcmds 2018/09/10 v0.29 Utility functions of pdfTeX for LuaTeX (HO
)
Package pdftexcmds Info: LuaTeX not detected.
Package pdftexcmds Info: \pdf@primitive is available.
Package pdftexcmds Info: \pdf@ifprimitive is available.
Package pdftexcmds Info: \pdfdraftmode found.
Package: pdfescape 2016/05/16 v1.14 Implements pdfTeX's escape features (HO)
Package: bigintcalc 2016/05/16 v1.4 Expandable calculations on big integers (HO
)
Package: bitset 2016/05/16 v1.2 Handle bit-vector datatype (HO)
Package: uniquecounter 2016/05/16 v1.3 Provide unlimited unique counter (HO)
)
Package hobsub Info: Skipping package `hobsub' (already loaded).
Package: letltxmacro 2016/05/16 v1.5 Let assignment for LaTeX macros (HO)
Package: hopatch 2016/05/16 v1.3 Wrapper for package hooks (HO)
Package: xcolor-patch 2016/05/16 xcolor patch
Package: atveryend 2016/05/16 v1.9 Hooks at the very end of document (HO)
Package hobsub Info: Skipping package `atbegshi' (already loaded).
Package: refcount 2016/05/16 v3.5 Data extraction from label references (HO)
Package: hycolor 2016/05/16 v1.8 Color options for hyperref/bookmark (HO)
)
("C:\Users\Agando\AppData\Local\Programs\MiKTeX 2.9\tex/generic/ifxetex\ifxetex
.sty"
Package: ifxetex 2010/09/12 v0.6 Provides ifxetex conditional
)
("C:\Users\Agando\AppData\Local\Programs\MiKTeX 2.9\tex/latex/oberdiek\auxhook.
sty"
Package: auxhook 2016/05/16 v1.4 Hooks for auxiliary files (HO)
)
("C:\Users\Agando\AppData\Local\Programs\MiKTeX 2.9\tex/latex/oberdiek\kvoption
s.sty"
Package: kvoptions 2016/05/16 v3.12 Key value format for package options (HO)
)
\@linkdim=\dimen192
\Hy@linkcounter=\count163
\Hy@pagecounter=\count164

("C:\Users\Agando\AppData\Local\Programs\MiKTeX 2.9\tex/latex/hyperref\pd1enc.d
ef"
File: pd1enc.def 2018/11/30 v6.88e Hyperref: PDFDocEncoding definition (HO)
)
\Hy@SavedSpaceFactor=\count165

("C:\Users\Agando\AppData\Local\Programs\MiKTeX 2.9\tex/latex/00miktex\hyperref
.cfg"
File: hyperref.cfg 2002/06/06 v1.2 hyperref configuration of TeXLive
)
Package hyperref Info: Option `plainpages' set `false' on input line 4393.
Package hyperref Info: Option `pdfpagelabels' set `true' on input line 4393.
Package hyperref Info: Hyper figures OFF on input line 4519.
Package hyperref Info: Link nesting OFF on input line 4524.
Package hyperref Info: Hyper index ON on input line 4527.
Package hyperref Info: Plain pages OFF on input line 4534.
Package hyperref Info: Backreferencing OFF on input line 4539.
Package hyperref Info: Implicit mode ON; LaTeX internals redefined.
Package hyperref Info: Bookmarks ON on input line 4772.
\c@Hy@tempcnt=\count166
LaTeX Info: Redefining \url on input line 5125.
\XeTeXLinkMargin=\dimen193
\Fld@menulength=\count167
\Field@Width=\dimen194
\Fld@charsize=\dimen195
Package hyperref Info: Hyper figures OFF on input line 6380.
Package hyperref Info: Link nesting OFF on input line 6385.
Package hyperref Info: Hyper index ON on input line 6388.
Package hyperref Info: backreferencing OFF on input line 6395.
Package hyperref Info: Link coloring OFF on input line 6400.
Package hyperref Info: Link coloring with OCG OFF on input line 6405.
Package hyperref Info: PDF/A mode OFF on input line 6410.
LaTeX Info: Redefining \ref on input line 6450.
LaTeX Info: Redefining \pageref on input line 6454.
\Hy@abspage=\count168
\c@Item=\count169
\c@Hfootnote=\count170
)
Package hyperref Info: Driver: hpdftex.

("C:\Users\Agando\AppData\Local\Programs\MiKTeX 2.9\tex/latex/hyperref\hpdftex.
def"
File: hpdftex.def 2018/11/30 v6.88e Hyperref driver for pdfTeX
\Fld@listcount=\count171
\c@bookmark@seq@number=\count172

("C:\Users\Agando\AppData\Local\Programs\MiKTeX 2.9\tex/latex/oberdiek\rerunfil
echeck.sty"
Package: rerunfilecheck 2016/05/16 v1.8 Rerun checks for auxiliary files (HO)
Package uniquecounter Info: New unique counter `rerunfilecheck' on input line 2
82.
)
\Hy@SectionHShift=\skip89
)
Package hyperref Info: Option `colorlinks' set `true' on input line 230.
)
("C:\Users\Agando\AppData\Local\Programs\MiKTeX 2.9\tex/latex/appendix\appendix
.sty"
Package: appendix 2009/09/02 v1.2b extra appendix facilities
\c@@pps=\count173
\c@@ppsavesec=\count174
\c@@ppsaveapp=\count175
)
Package csquotes Info: Checking for multilingual support...
Package csquotes Info: ... found 'babel' package.
 (draft.aux (chapter/titelseite.aux) (chapter/abstract.aux)
(chapter/inhaltsverzeichnis.aux) (chapter/vorwort.aux) (chapter/einleitung.aux)
(chapter/theoretische_grundlagen.aux) (chapter/methodik_und_durchfuehrung.aux)
(chapter/ergebnisse.aux) (chapter/diskussion.aux) (chapter/fazit.aux)
(chapter/verzeichnisse.aux) (chapter/anhang.aux) (chapter/eid.aux))
\openout1 = `draft.aux'.

LaTeX Font Info:    Checking defaults for OML/cmm/m/it on input line 3.
LaTeX Font Info:    ... okay on input line 3.
LaTeX Font Info:    Checking defaults for T1/cmr/m/n on input line 3.
LaTeX Font Info:    ... okay on input line 3.
LaTeX Font Info:    Checking defaults for OT1/cmr/m/n on input line 3.
LaTeX Font Info:    ... okay on input line 3.
LaTeX Font Info:    Checking defaults for OMS/cmsy/m/n on input line 3.
LaTeX Font Info:    ... okay on input line 3.
LaTeX Font Info:    Checking defaults for OMX/cmex/m/n on input line 3.
LaTeX Font Info:    ... okay on input line 3.
LaTeX Font Info:    Checking defaults for U/cmr/m/n on input line 3.
LaTeX Font Info:    ... okay on input line 3.
LaTeX Font Info:    Checking defaults for TS1/cmr/m/n on input line 3.
LaTeX Font Info:    Try loading font information for TS1+cmr on input line 3.

("C:\Users\Agando\AppData\Local\Programs\MiKTeX 2.9\tex/latex/base\ts1cmr.fd"
File: ts1cmr.fd 2014/09/29 v2.5h Standard LaTeX font definitions
)
LaTeX Font Info:    ... okay on input line 3.
LaTeX Font Info:    Checking defaults for PD1/pdf/m/n on input line 3.
LaTeX Font Info:    ... okay on input line 3.

("C:\Users\Agando\AppData\Local\Programs\MiKTeX 2.9\tex/latex/ucs\ucsencs.def"
File: ucsencs.def 2011/01/21 Fixes to fontencodings LGR, T3
)
("C:\Users\Agando\AppData\Local\Programs\MiKTeX 2.9\tex/context/base/mkii\supp-
pdf.mkii"
[Loading MPS to PDF converter (version 2006.09.02).]
\scratchcounter=\count176
\scratchdimen=\dimen196
\scratchbox=\box58
\nofMPsegments=\count177
\nofMParguments=\count178
\everyMPshowfont=\toks53
\MPscratchCnt=\count179
\MPscratchDim=\dimen197
\MPnumerator=\count180
\makeMPintoPDFobject=\count181
\everyMPtoPDFconversion=\toks54
)
("C:\Users\Agando\AppData\Local\Programs\MiKTeX 2.9\tex/latex/oberdiek\epstopdf
-base.sty"
Package: epstopdf-base 2016/05/15 v2.6 Base part for package epstopdf

("C:\Users\Agando\AppData\Local\Programs\MiKTeX 2.9\tex/latex/oberdiek\grfext.s
ty"
Package: grfext 2016/05/16 v1.2 Manage graphics extensions (HO)
)
Package epstopdf-base Info: Redefining graphics rule for `.eps' on input line 4
38.
Package grfext Info: Graphics extension search list:
(grfext)             [.pdf,.png,.jpg,.mps,.jpeg,.jbig2,.jb2,.PDF,.PNG,.JPG,.JPE
G,.JBIG2,.JB2,.eps]
(grfext)             \AppendGraphicsExtensions on input line 456.
) ABD: EveryShipout initializing macros

Package todonotes Warning: The length marginparwidth is less than 2cm and will 
most likely cause issues with the appearance of inserted todonotes. The issue c
an be solved by adding a line like \setlength {\marginparwidth }{2cm} prior to 
loading the todonotes package. on input line 3.

\c@lstlisting=\count182
\AtBeginShipoutBox=\box59

("C:\Users\Agando\AppData\Local\Programs\MiKTeX 2.9\tex/latex/oberdiek\pdflscap
e.sty"
Package: pdflscape 2016/05/14 v0.11 Display of landscape pages in PDF (HO)
Package pdflscape Info: Auto-detected driver: pdftex on input line 81.
)
Package hyperref Info: Link coloring ON on input line 3.

("C:\Users\Agando\AppData\Local\Programs\MiKTeX 2.9\tex/latex/hyperref\nameref.
sty"
Package: nameref 2016/05/21 v2.44 Cross-referencing by name of section

("C:\Users\Agando\AppData\Local\Programs\MiKTeX 2.9\tex/generic/oberdiek\gettit
lestring.sty"
Package: gettitlestring 2016/05/16 v1.5 Cleanup title references (HO)
)
\c@section@level=\count183
)
LaTeX Info: Redefining \ref on input line 3.
LaTeX Info: Redefining \pageref on input line 3.
LaTeX Info: Redefining \nameref on input line 3.
 (draft.out) (draft.out)
\@outlinefile=\write6
\openout6 = `draft.out'.

Class scrbook Info: loading recommended package `bookmark'.
(scrbook)           Using `bookmark' together with `hyperref' is recommended,
(scrbook)           because of handling of possible bookmark level gaps.
(scrbook)           You can avoid loading `bookmark' with KOMA-Script option
(scrbook)           `bookmarkpackage=false' before \begin{document} and
(scrbook)           you can avoid this message with `\usepackage{bookmark}'
(scrbook)           before \begin{document} on input line 3.

("C:\Users\Agando\AppData\Local\Programs\MiKTeX 2.9\tex/latex/oberdiek\bookmark
.sty"
Package: bookmark 2016/05/17 v1.26 PDF bookmarks (HO)

("C:\Users\Agando\AppData\Local\Programs\MiKTeX 2.9\tex/latex/oberdiek\bkm-pdft
ex.def"
File: bkm-pdftex.def 2016/05/17 v1.26 bookmark driver for pdfTeX (HO)
Package auxhook Info: \AddLineBeginMainAux comes a little late,
(auxhook)             because the main .aux file is already opened on input lin
e 164.
\BKM@id=\count184
))
\openout2 = `chapter/titelseite.aux'.

 (chapter/titelseite.tex
<images/logo.pdf, id=30, 114.93842pt x 62.16425pt>
File: images/logo.pdf Graphic file (type pdf)
<use images/logo.pdf>
Package pdftex.def Info: images/logo.pdf  used on input line 8.
(pdftex.def)             Requested size: 81.94269pt x 44.31808pt.
<images/balken.png, id=31, 1011.78pt x 6.0225pt>
File: images/balken.png Graphic file (type png)
<use images/balken.png>
Package pdftex.def Info: images/balken.png  used on input line 9.
(pdftex.def)             Requested size: 409.71974pt x 2.43881pt.

("C:\Users\Agando\AppData\Local\Programs\MiKTeX 2.9\tex/latex/ucs\uni-0.def"
File: uni-0.def 2013/05/13 UCS: Unicode data U+0000..U+00FF
)
File: images/balken.png Graphic file (type png)
<use images/balken.png>
Package pdftex.def Info: images/balken.png  used on input line 103.
(pdftex.def)             Requested size: 409.71974pt x 2.43881pt.

(chapter/adressen.tex
File: images/logo.pdf Graphic file (type pdf)
<use images/logo.pdf>
Package pdftex.def Info: images/logo.pdf  used on input line 8.
(pdftex.def)             Requested size: 81.94269pt x 44.31808pt.
 [1







{C:/Users/Agando/AppData/Local/MiKTeX/2.9/pdftex/config/pdftex.map} <./images/l
ogo.pdf> <./images/balken.png>]
Overfull \vbox (78.43706pt too high) has occurred while \output is active []



Package Fancyhdr Warning: \headheight is too small (17.0pt): 
Make it at least 23.11996pt.
We now make it that large for the rest of the document.
This may cause the page layout to be inconsistent, however.

[2]))
\openout2 = `chapter/abstract.aux'.

 (chapter/abstract.tex
LaTeX Font Info:    Try loading font information for T1+cmss on input line 2.

("C:\Users\Agando\AppData\Local\Programs\MiKTeX 2.9\tex/latex/base\t1cmss.fd"
File: t1cmss.fd 2014/09/29 v2.5h Standard LaTeX font definitions
))
Underfull \hbox (badness 10000) in paragraph at lines 3--13

 []


Underfull \hbox (badness 10000) in paragraph at lines 3--13

 []


Underfull \hbox (badness 10000) in paragraph at lines 3--13

 []

[3




]
\openout2 = `chapter/inhaltsverzeichnis.aux'.

 (chapter/inhaltsverzeichnis.tex (draft.toc [4




])
\tf@toc=\write7
\openout7 = `draft.toc'.

) [5]
\openout2 = `chapter/vorwort.aux'.

 (chapter/vorwort.tex)
Underfull \hbox (badness 10000) in paragraph at lines 4--24

 []


Underfull \hbox (badness 10000) in paragraph at lines 4--24

 []


Underfull \hbox (badness 10000) in paragraph at lines 4--24

 []


Underfull \hbox (badness 10000) in paragraph at lines 4--24

 []


Underfull \hbox (badness 10000) in paragraph at lines 4--24

 []

[1





]
\openout2 = `chapter/einleitung.aux'.

 (chapter/einleitung.tex
chapter 1.

Class scrbook Warning: \float@addtolists detected!
(scrbook)              Implementation of \float@addtolist became
(scrbook)              deprecated in KOMA-Script v3.01 2008/11/14 and
(scrbook)              has been replaced by several more flexible
(scrbook)              features of package `tocbasic`.
(scrbook)              Since Version 3.12 support for deprecated
(scrbook)              \float@addtolist interface has been
(scrbook)              restricted to only some of the KOMA-Script
(scrbook)              features and been removed from others.
(scrbook)              Loading of package `scrhack' may help to
(scrbook)              avoid this warning, if you are using a
(scrbook)              a package that still implements the
(scrbook)              deprecated \float@addtolist interface .

<Sources/Vergleich.png, id=160, 578.16pt x 216.81pt>
File: Sources/Vergleich.png Graphic file (type png)
<use Sources/Vergleich.png>
Package pdftex.def Info: Sources/Vergleich.png  used on input line 9.
(pdftex.def)             Requested size: 404.70924pt x 151.76596pt.

LaTeX Warning: `h' float specifier changed to `ht'.

[2




] [3 <./Sources/Vergleich.png>]
Overfull \hbox (0.5723pt too wide) in paragraph at lines 19--20
[]\T1/cmr/m/n/10.95 Die Nor-ma-li-sie-rungs-ver-fah-ren sol-len auf ver-schie-d
e-ne Da-ten-st-ze an-ge-wen-det wer-
 []

) [4]
\openout2 = `chapter/theoretische_grundlagen.aux'.

 (chapter/theoretische_grundlagen.tex
chapter 2.
<Sources/Digitalesbild.JPG, id=190, 694.09312pt x 299.61937pt>
File: Sources/Digitalesbild.JPG Graphic file (type jpg)
<use Sources/Digitalesbild.JPG>
Package pdftex.def Info: Sources/Digitalesbild.JPG  used on input line 10.
(pdftex.def)             Requested size: 347.04572pt x 149.80931pt.

Underfull \hbox (badness 10000) in paragraph at lines 5--15

 []


LaTeX Warning: `h' float specifier changed to `ht'.


Underfull \hbox (badness 10000) in paragraph at lines 16--19

 []


Underfull \hbox (badness 10000) in paragraph at lines 16--19

 []


Underfull \hbox (badness 10000) in paragraph at lines 16--19

 []

[5




] [6 <./Sources/Digitalesbild.JPG>]
Underfull \hbox (badness 10000) in paragraph at lines 20--26

 []


Underfull \hbox (badness 10000) in paragraph at lines 20--26

 []

<Sources/histogramm.jpg, id=210, 405.76593pt x 233.37187pt>
File: Sources/histogramm.jpg Graphic file (type jpg)
<use Sources/histogramm.jpg>
Package pdftex.def Info: Sources/histogramm.jpg  used on input line 33.
(pdftex.def)             Requested size: 324.61317pt x 186.69774pt.
<Sources/kontrast.JPG, id=216, 506.6428pt x 309.40594pt>
File: Sources/kontrast.JPG Graphic file (type jpg)
<use Sources/kontrast.JPG>
Package pdftex.def Info: Sources/kontrast.JPG  used on input line 43.
(pdftex.def)             Requested size: 253.32079pt x 154.70259pt.

Underfull \hbox (badness 10000) in paragraph at lines 27--47

 []


Underfull \hbox (badness 10000) in paragraph at lines 27--47

 []

[7]

LaTeX Warning: `h' float specifier changed to `ht'.

[8 <./Sources/histogramm.jpg>]
<Sources/dynamik.JPG, id=237, 504.38437pt x 310.15875pt>
File: Sources/dynamik.JPG Graphic file (type jpg)
<use Sources/dynamik.JPG>
Package pdftex.def Info: Sources/dynamik.JPG  used on input line 53.
(pdftex.def)             Requested size: 252.19156pt x 155.079pt.
 [9 <./Sources/kontrast.JPG> <./Sources/dynamik.JPG>]
Underfull \hbox (badness 10000) in paragraph at lines 61--64

 []


Underfull \hbox (badness 10000) in paragraph at lines 61--64

 []

[10]
<Sources/neuron.jpg, id=261, 554.82281pt x 230.36063pt>
File: Sources/neuron.jpg Graphic file (type jpg)
<use Sources/neuron.jpg>
Package pdftex.def Info: Sources/neuron.jpg  used on input line 71.
(pdftex.def)             Requested size: 388.37332pt x 161.25133pt.
<Sources/perzeptron2.png, id=268, 1204.5pt x 572.1375pt>
File: Sources/perzeptron2.png Graphic file (type png)
<use Sources/perzeptron2.png>
Package pdftex.def Info: Sources/perzeptron2.png  used on input line 81.
(pdftex.def)             Requested size: 301.12427pt x 143.03401pt.

Underfull \hbox (badness 10000) in paragraph at lines 65--86

 []


LaTeX Warning: `h' float specifier changed to `ht'.

[11] [12 <./Sources/neuron.jpg> <./Sources/perzeptron2.png>]
Overfull \hbox (2.5681pt too wide) in paragraph at lines 90--92
\T1/cmr/m/n/10.95 Der \T1/cmr/m/it/10.95 Bi-as \T1/cmr/m/n/10.95 ist ei-ne Art 
zu-stz-li-ches Neu-ron fr das Ver-rin-gern von Konvergenz-Problemen,
 []


Underfull \hbox (badness 10000) in paragraph at lines 92--96

 []

[13]
<Sources/nnet.png, id=301, 499.3857pt x 269.3262pt>
File: Sources/nnet.png Graphic file (type png)
<use Sources/nnet.png>
Package pdftex.def Info: Sources/nnet.png  used on input line 108.
(pdftex.def)             Requested size: 249.69223pt x 134.66277pt.
<Sources/cnnet.jpg, id=307, 739.76375pt x 250.9375pt>
File: Sources/cnnet.jpg Graphic file (type jpg)
<use Sources/cnnet.jpg>
Package pdftex.def Info: Sources/cnnet.jpg  used on input line 118.
(pdftex.def)             Requested size: 369.88097pt x 125.46843pt.

Underfull \hbox (badness 10000) in paragraph at lines 97--125

 []


Underfull \hbox (badness 10000) in paragraph at lines 97--125

 []


Underfull \hbox (badness 10000) in paragraph at lines 97--125

 []


Underfull \hbox (badness 10000) in paragraph at lines 97--125

 []


Underfull \hbox (badness 10000) in paragraph at lines 97--125

 []


LaTeX Warning: `h' float specifier changed to `ht'.

[14]

LaTeX Warning: `h' float specifier changed to `ht'.

[15 <./Sources/nnet.png>]
Underfull \hbox (badness 10000) in paragraph at lines 131--138

 []


Underfull \hbox (badness 10000) in paragraph at lines 131--138

 []


Underfull \hbox (badness 10000) in paragraph at lines 131--138

 []

[16 <./Sources/cnnet.jpg>]
<Sources/CNN.png, id=336, 501.875pt x 461.725pt>
File: Sources/CNN.png Graphic file (type png)
<use Sources/CNN.png>
Package pdftex.def Info: Sources/CNN.png  used on input line 151.
(pdftex.def)             Requested size: 276.03209pt x 253.94954pt.


LaTeX Warning: `h' float specifier changed to `ht'.

[17]
<Sources/MaxpoolSample2.png, id=348, 164.25pt x 68.547pt>
File: Sources/MaxpoolSample2.png Graphic file (type png)
<use Sources/MaxpoolSample2.png>
Package pdftex.def Info: Sources/MaxpoolSample2.png  used on input line 161.
(pdftex.def)             Requested size: 213.52496pt x 89.11105pt.

Overfull \hbox (9.64952pt too wide) in paragraph at lines 156--167
\T1/cmr/m/n/10.95 Die Poo-ling Schicht oder auch \T1/cmr/m/it/10.95 Poo-ling La
yer \T1/cmr/m/n/10.95 kommt nach je-der Fal-tungs-schicht [[],
 []

[18 <./Sources/CNN.png> <./Sources/MaxpoolSample2.png>]
<Sources/labelimg.jpg, id=360, 411.78844pt x 280.04625pt>
File: Sources/labelimg.jpg Graphic file (type jpg)
<use Sources/labelimg.jpg>
Package pdftex.def Info: Sources/labelimg.jpg  used on input line 174.
(pdftex.def)             Requested size: 247.07495pt x 168.02904pt.
 [19 <./Sources/labelimg.jpg>] [20]

LaTeX Warning: `h' float specifier changed to `ht'.

[21]
Overfull \hbox (14.17921pt too wide) in paragraph at lines 247--268
 [][] 
 []

[22] [23]

LaTeX Warning: `h' float specifier changed to `ht'.

[24])
Underfull \hbox (badness 10000) in paragraph at lines 404--38

 []

[25] [26]
\openout2 = `chapter/methodik_und_durchfuehrung.aux'.

 (chapter/methodik_und_durchfuehrung.tex
chapter 3.

Underfull \hbox (badness 10000) in paragraph at lines 26--80

 []

[27




]

LaTeX Warning: `h' float specifier changed to `ht'.

[28] [29]
Underfull \hbox (badness 10000) in paragraph at lines 84--85

 []

LaTeX Font Info:    Try loading font information for T1+cmtt on input line 85.
("C:\Users\Agando\AppData\Local\Programs\MiKTeX 2.9\tex/latex/base\t1cmtt.fd"
File: t1cmtt.fd 2014/09/29 v2.5h Standard LaTeX font definitions
)
<Sources/gwn.png, id=476, 578.16pt x 216.81pt>
File: Sources/gwn.png Graphic file (type png)
<use Sources/gwn.png>
Package pdftex.def Info: Sources/gwn.png  used on input line 97.
(pdftex.def)             Requested size: 346.89867pt x 130.08699pt.

[30 <./Sources/gwn.png>]
Underfull \hbox (badness 10000) in paragraph at lines 103--104

 []

<Sources/histeq.jpg, id=498, 578.16pt x 216.81pt>
File: Sources/histeq.jpg Graphic file (type jpg)
<use Sources/histeq.jpg>
Package pdftex.def Info: Sources/histeq.jpg  used on input line 114.
(pdftex.def)             Requested size: 404.70924pt x 151.76596pt.
[31 <./Sources/histeq.jpg>]
Underfull \hbox (badness 10000) in paragraph at lines 120--121

 []

<Sources/HS_beispiel.png, id=513, 578.16pt x 216.81pt>
File: Sources/HS_beispiel.png Graphic file (type png)
<use Sources/HS_beispiel.png>
Package pdftex.def Info: Sources/HS_beispiel.png  used on input line 130.
(pdftex.def)             Requested size: 346.89867pt x 130.08699pt.
) [32 <./Sources/HS_beispiel.png>]
\openout2 = `chapter/ergebnisse.aux'.

 (chapter/ergebnisse.tex
chapter 4.

Overfull \hbox (5.19582pt too wide) in paragraph at lines 3--4
\T1/cmr/m/n/10.95 Nachdem al-le Trai-nings-ein-hei-ten mit den ver-schie-de-nen
 Nor-ma-li-sie-rungs-ver-fah-ren durch-
 []

[33




]
Underfull \hbox (badness 2521) in paragraph at lines 32--32
[][][]\T1/cmr/m/n/10.95 Durchschnittliche Ge-nau-ig-kei-ten des Mo-dells mit de
m PascalVOC-
 []

[34] [35]
<Sources/Bild1.jpg, id=550, 782.925pt x 1043.9pt>
File: Sources/Bild1.jpg Graphic file (type jpg)
<use Sources/Bild1.jpg>
Package pdftex.def Info: Sources/Bild1.jpg  used on input line 102.
(pdftex.def)             Requested size: 81.94269pt x 109.25433pt.
<Sources/Bild1.png, id=551, 144.54pt x 456.70625pt>
File: Sources/Bild1.png Graphic file (type png)
<use Sources/Bild1.png>
Package pdftex.def Info: Sources/Bild1.png  used on input line 106.
(pdftex.def)             Requested size: 32.77832pt x 103.56981pt.
<Sources/Bild1_histo.png, id=552, 462.528pt x 346.896pt>
File: Sources/Bild1_histo.png Graphic file (type png)
<use Sources/Bild1_histo.png>
Package pdftex.def Info: Sources/Bild1_histo.png  used on input line 110.
(pdftex.def)             Requested size: 122.91716pt x 92.18636pt.
<Sources/Bild2.jpg, id=553, 782.925pt x 1043.9pt>
File: Sources/Bild2.jpg Graphic file (type jpg)
<use Sources/Bild2.jpg>
Package pdftex.def Info: Sources/Bild2.jpg  used on input line 115.
(pdftex.def)             Requested size: 81.94269pt x 109.25433pt.
<Sources/Bild2.png, id=554, 153.57375pt x 469.755pt>
File: Sources/Bild2.png Graphic file (type png)
<use Sources/Bild2.png>
Package pdftex.def Info: Sources/Bild2.png  used on input line 119.
(pdftex.def)             Requested size: 32.77832pt x 100.26424pt.
<Sources/Bild2_histo.png, id=555, 462.528pt x 346.896pt>
File: Sources/Bild2_histo.png Graphic file (type png)
<use Sources/Bild2_histo.png>
Package pdftex.def Info: Sources/Bild2_histo.png  used on input line 123.
(pdftex.def)             Requested size: 122.91716pt x 92.18636pt.
 [36]
<Sources/Obst_mit_hintergrund.jpg, id=563, 1043.9pt x 782.925pt>
File: Sources/Obst_mit_hintergrund.jpg Graphic file (type jpg)
<use Sources/Obst_mit_hintergrund.jpg>
Package pdftex.def Info: Sources/Obst_mit_hintergrund.jpg  used on input line 1
36.
(pdftex.def)             Requested size: 131.10881pt x 98.3313pt.
 [37 <./Sources/Bild1.jpg> <./Sources/Bild1.png> <./Sources/Bild1_histo.png> <.
/Sources/Bild2.jpg> <./Sources/Bild2.png> <./Sources/Bild2_histo.png>])

LaTeX Warning: `h' float specifier changed to `ht'.

[38 <./Sources/Obst_mit_hintergrund.jpg>] [39]
\openout2 = `chapter/diskussion.aux'.

 (chapter/diskussion.tex
chapter 5.
[40




]) [41]
\openout2 = `chapter/fazit.aux'.

 (chapter/fazit.tex
chapter 6.
[42




])
Underfull \hbox (badness 10000) in paragraph at lines 8--66

 []


Underfull \hbox (badness 10000) in paragraph at lines 8--66

 []


Underfull \hbox (badness 10000) in paragraph at lines 8--66

 []

[43] [44]
\openout2 = `chapter/verzeichnisse.aux'.

 (chapter/verzeichnisse.tex (draft.lof
Overfull \hbox (7.83038pt too wide) in paragraph at lines 6--6
 [][] [][][]\T1/cmr/m/n/10.95 Histogramm ei-nes Graustufen-Bildes mit 16 Hel-li
g-keits-ab-stu-fun-gen [[], 
 []


Overfull \hbox (35.0789pt too wide) in paragraph at lines 7--7
 \T1/cmr/m/n/10.95 ri-ger Kon-trast (links), nor-ma-ler Kon-trast (Mit-te), ho-
her Kon-trast (rechts)[[], 
 []


Overfull \hbox (16.88219pt too wide) in paragraph at lines 21--21
 [][] [][][]\T1/cmr/m/n/10.95 Histogramm des seg-men-tier-ten Ob-jek-tes aus de
m Nahrungsmittel-Datensatz 
 []


Overfull \hbox (19.90828pt too wide) in paragraph at lines 24--24
 [][] [][][]\T1/cmr/m/n/10.95 Histogramm des seg-men-tier-ten Ob-jek-tes aus de
m Nahrungsmittel-Datensatz. 
 []


Overfull \hbox (19.90828pt too wide) in paragraph at lines 25--25
 [][] [][][]\T1/cmr/m/n/10.95 Histogramm des seg-men-tier-ten Ob-jek-tes aus de
m Nahrungsmittel-Datensatz. 
 []


Overfull \hbox (19.90828pt too wide) in paragraph at lines 26--26
 [][] [][][]\T1/cmr/m/n/10.95 Histogramm des seg-men-tier-ten Ob-jek-tes aus de
m Nahrungsmittel-Datensatz. 
 []


Overfull \hbox (14.32945pt too wide) in paragraph at lines 27--27
 \T1/cmr/m/n/10.95 den nor-ma-li-siert wur-den. Be-son-ders gu-te Er-geb-nis-se
 sind beim Histogramm- 
 []

[45




]
Overfull \hbox (14.61766pt too wide) in paragraph at lines 28--28
 [][] [][][]\T1/cmr/m/n/10.95 Auftretende Farb-an-oma-li-en in den drei Da-ten-
st-zen durch den Histogramm- 
 []


Overfull \hbox (12.83896pt too wide) in paragraph at lines 28--28
 \T1/cmr/m/n/10.95 Ausgleich. Oben: PascalVOC-Datensatz, Mit-te: Nahrungsmittel
-Datensatz, 
 []


Overfull \hbox (11.59537pt too wide) in paragraph at lines 29--29
 [][] [][][]\T1/cmr/m/n/10.95 Auftretende Farb-an-oma-li-en in den drei Da-ten-
st-zen durch die Histogramm- 
 []


Overfull \hbox (27.90816pt too wide) in paragraph at lines 29--29
 \T1/cmr/m/n/10.95 Spezifikation. Oben: PascalVOC-Datensatz, Mit-te: Nahrungsmi
ttel-Datensatz, 
 []

)
\tf@lof=\write8
\openout8 = `draft.lof'.

 [46] (draft.lot
Overfull \hbox (8.06447pt too wide) in paragraph at lines 18--18
 [][] [][][]\T1/cmr/m/n/10.95 Durchschnittliche Ge-nau-ig-kei-ten des Mo-dells 
mit dem PascalVOC-Datensatz[][] [][]  
 []

)
\tf@lot=\write9
\openout9 = `draft.lot'.

 (draft.bbl [47


]
Underfull \hbox (badness 10000) in paragraph at lines 36--40
[]\T1/cmr/m/sc/10.95 Coco\T1/cmr/m/n/10.95 :  \T1/cmr/m/it/10.95 CO-CO Da-ten-s
et\T1/cmr/m/n/10.95 .  [][]$\T1/cmtt/m/n/10.95 http : / / cocodataset . org / #
ho m e$[][]\T1/cmr/m/n/10.95 .
 []


Underfull \hbox (badness 1496) in paragraph at lines 61--65
[]\T1/cmr/m/sc/10.95 EdjeElectronics\T1/cmr/m/n/10.95 , Evan:  \T1/cmr/m/it/10.
95 Test-bil-der\T1/cmr/m/n/10.95 .  [][]$\T1/cmtt/m/n/10.95 https : / / bit . l
y / 2RjFVHz$[][]\T1/cmr/m/n/10.95 .
 []

[48


]
Underfull \hbox (badness 1708) in paragraph at lines 130--134
[]\T1/cmr/m/sc/10.95 LLC\T1/cmr/m/n/10.95 , Goo-gle:  \T1/cmr/m/it/10.95 Bild 3
b Um-schlos-sen\T1/cmr/m/n/10.95 .  [][]$\T1/cmtt/m/n/10.95 https : / / bit . l
y / 2QRkQF0$[][]\T1/cmr/m/n/10.95 .
 []


Underfull \hbox (badness 10000) in paragraph at lines 136--140
[]\T1/cmr/m/sc/10.95 LLC\T1/cmr/m/n/10.95 , Goo-gle:  \T1/cmr/m/it/10.95 Ten-so
r-flow\T1/cmr/m/n/10.95 .  [][]$\T1/cmtt/m/n/10.95 https : / / www . tensor f l
ow . org/$[][]\T1/cmr/m/n/10.95 .
 []

[49]
Underfull \hbox (badness 2744) in paragraph at lines 196--200
[]\T1/cmr/m/sc/10.95 Uni-Protokolle\T1/cmr/m/n/10.95 :  \T1/cmr/m/it/10.95 YUV-
Farbmodell\T1/cmr/m/n/10.95 .  [][]$\T1/cmtt/m/n/10.95 https : / / bit . ly / 2
Z29MVu$[][]\T1/cmr/m/n/10.95 .
 []


Underfull \hbox (badness 8075) in paragraph at lines 208--212
[]\T1/cmr/m/sc/10.95 Wikipedia\T1/cmr/m/n/10.95 :  \T1/cmr/m/it/10.95 Knst-li-
ches Neu-ron\T1/cmr/m/n/10.95 .  [][]$\T1/cmtt/m/n/10.95 https : / / bit . ly /
 2X m y6oj$[][]\T1/cmr/m/n/10.95 .
 []

)) [50]
\openout2 = `chapter/anhang.aux'.

 (chapter/anhang.tex [1






]
<Sources/Bild1_HA.jpg, id=758, 782.925pt x 1043.9pt>
File: Sources/Bild1_HA.jpg Graphic file (type jpg)
<use Sources/Bild1_HA.jpg>
Package pdftex.def Info: Sources/Bild1_HA.jpg  used on input line 25.
(pdftex.def)             Requested size: 81.94269pt x 109.25433pt.
<Sources/Bild1_HA.png, id=759, 148.555pt x 458.71375pt>
File: Sources/Bild1_HA.png Graphic file (type png)
<use Sources/Bild1_HA.png>
Package pdftex.def Info: Sources/Bild1_HA.png  used on input line 29.
(pdftex.def)             Requested size: 32.77832pt x 101.2113pt.
<Sources/Bild1_HA_histo.png, id=760, 462.528pt x 346.896pt>
File: Sources/Bild1_HA_histo.png Graphic file (type png)
<use Sources/Bild1_HA_histo.png>
Package pdftex.def Info: Sources/Bild1_HA_histo.png  used on input line 33.
(pdftex.def)             Requested size: 122.91716pt x 92.18636pt.
<Sources/Bild2_HA.jpg, id=761, 782.925pt x 1043.9pt>
File: Sources/Bild2_HA.jpg Graphic file (type jpg)
<use Sources/Bild2_HA.jpg>
Package pdftex.def Info: Sources/Bild2_HA.jpg  used on input line 38.
(pdftex.def)             Requested size: 81.94269pt x 109.25433pt.
<Sources/Bild2_HA.png, id=762, 156.585pt x 469.755pt>
File: Sources/Bild2_HA.png Graphic file (type png)
<use Sources/Bild2_HA.png>
Package pdftex.def Info: Sources/Bild2_HA.png  used on input line 42.
(pdftex.def)             Requested size: 32.77832pt x 98.33607pt.
<Sources/Bild2_HA_histo.png, id=763, 462.528pt x 346.896pt>
File: Sources/Bild2_HA_histo.png Graphic file (type png)
<use Sources/Bild2_HA_histo.png>
Package pdftex.def Info: Sources/Bild2_HA_histo.png  used on input line 46.
(pdftex.def)             Requested size: 122.91716pt x 92.18636pt.
<Sources/Bild3_HA.jpg, id=764, 782.925pt x 1043.9pt>
File: Sources/Bild3_HA.jpg Graphic file (type jpg)
<use Sources/Bild3_HA.jpg>
Package pdftex.def Info: Sources/Bild3_HA.jpg  used on input line 51.
(pdftex.def)             Requested size: 81.94269pt x 109.25433pt.
<Sources/Bild3_HA.png, id=765, 150.5625pt x 453.695pt>
File: Sources/Bild3_HA.png Graphic file (type png)
<use Sources/Bild3_HA.png>
Package pdftex.def Info: Sources/Bild3_HA.png  used on input line 55.
(pdftex.def)             Requested size: 32.77832pt x 98.76785pt.
<Sources/Bild3_HA_histo.png, id=766, 462.528pt x 346.896pt>
File: Sources/Bild3_HA_histo.png Graphic file (type png)
<use Sources/Bild3_HA_histo.png>
Package pdftex.def Info: Sources/Bild3_HA_histo.png  used on input line 59.
(pdftex.def)             Requested size: 122.91716pt x 92.18636pt.
 [2 <./Sources/Bild1_HA.jpg> <./Sources/Bild1_HA.png> <./Sources/Bild1_HA_histo
.png> <./Sources/Bild2_HA.jpg> <./Sources/Bild2_HA.png> <./Sources/Bild2_HA_his
to.png> <./Sources/Bild3_HA.jpg> <./Sources/Bild3_HA.png> <./Sources/Bild3_HA_h
isto.png>]
<Sources/Bild1_GW.jpg, id=777, 782.925pt x 1043.9pt>
File: Sources/Bild1_GW.jpg Graphic file (type jpg)
<use Sources/Bild1_GW.jpg>
Package pdftex.def Info: Sources/Bild1_GW.jpg  used on input line 67.
(pdftex.def)             Requested size: 81.94269pt x 109.25433pt.
<Sources/Bild1_GW.png, id=778, 144.54pt x 456.70625pt>
File: Sources/Bild1_GW.png Graphic file (type png)
<use Sources/Bild1_GW.png>
Package pdftex.def Info: Sources/Bild1_GW.png  used on input line 71.
(pdftex.def)             Requested size: 32.77832pt x 103.56981pt.
<Sources/Bild1_GW_histo.png, id=779, 462.528pt x 346.896pt>
File: Sources/Bild1_GW_histo.png Graphic file (type png)
<use Sources/Bild1_GW_histo.png>
Package pdftex.def Info: Sources/Bild1_GW_histo.png  used on input line 75.
(pdftex.def)             Requested size: 122.91716pt x 92.18636pt.
<Sources/Bild2_GW.jpg, id=780, 782.925pt x 1043.9pt>
File: Sources/Bild2_GW.jpg Graphic file (type jpg)
<use Sources/Bild2_GW.jpg>
Package pdftex.def Info: Sources/Bild2_GW.jpg  used on input line 80.
(pdftex.def)             Requested size: 81.94269pt x 109.25433pt.
<Sources/Bild2_GW.png, id=781, 153.57375pt x 468.75125pt>
File: Sources/Bild2_GW.png Graphic file (type png)
<use Sources/Bild2_GW.png>
Package pdftex.def Info: Sources/Bild2_GW.png  used on input line 84.
(pdftex.def)             Requested size: 32.77832pt x 100.04999pt.
<Sources/Bild2_GW_histo.png, id=782, 462.528pt x 346.896pt>
File: Sources/Bild2_GW_histo.png Graphic file (type png)
<use Sources/Bild2_GW_histo.png>
Package pdftex.def Info: Sources/Bild2_GW_histo.png  used on input line 88.
(pdftex.def)             Requested size: 122.91716pt x 92.18636pt.
<Sources/Bild3_GW.jpg, id=783, 782.925pt x 1043.9pt>
File: Sources/Bild3_GW.jpg Graphic file (type jpg)
<use Sources/Bild3_GW.jpg>
Package pdftex.def Info: Sources/Bild3_GW.jpg  used on input line 93.
(pdftex.def)             Requested size: 81.94269pt x 109.25433pt.
<Sources/Bild3_GW.png, id=784, 143.53625pt x 452.69125pt>
File: Sources/Bild3_GW.png Graphic file (type png)
<use Sources/Bild3_GW.png>
Package pdftex.def Info: Sources/Bild3_GW.png  used on input line 97.
(pdftex.def)             Requested size: 32.77832pt x 103.37769pt.
<Sources/Bild3_GW_histo.png, id=785, 462.528pt x 346.896pt>
File: Sources/Bild3_GW_histo.png Graphic file (type png)
<use Sources/Bild3_GW_histo.png>
Package pdftex.def Info: Sources/Bild3_GW_histo.png  used on input line 101.
(pdftex.def)             Requested size: 122.91716pt x 92.18636pt.
 [3 <./Sources/Bild1_GW.jpg> <./Sources/Bild1_GW.png> <./Sources/Bild1_GW_histo
.png> <./Sources/Bild2_GW.jpg> <./Sources/Bild2_GW.png> <./Sources/Bild2_GW_his
to.png> <./Sources/Bild3_GW.jpg> <./Sources/Bild3_GW.png> <./Sources/Bild3_GW_h
isto.png>]
<Sources/Bild1_HS.jpg, id=796, 782.925pt x 1043.9pt>
File: Sources/Bild1_HS.jpg Graphic file (type jpg)
<use Sources/Bild1_HS.jpg>
Package pdftex.def Info: Sources/Bild1_HS.jpg  used on input line 109.
(pdftex.def)             Requested size: 81.94269pt x 109.25433pt.
<Sources/Bild1_HS.png, id=797, 144.54pt x 456.70625pt>
File: Sources/Bild1_HS.png Graphic file (type png)
<use Sources/Bild1_HS.png>
Package pdftex.def Info: Sources/Bild1_HS.png  used on input line 113.
(pdftex.def)             Requested size: 32.77832pt x 103.56981pt.
<Sources/Bild1_HS_histo.png, id=798, 462.528pt x 346.896pt>
File: Sources/Bild1_HS_histo.png Graphic file (type png)
<use Sources/Bild1_HS_histo.png>
Package pdftex.def Info: Sources/Bild1_HS_histo.png  used on input line 117.
(pdftex.def)             Requested size: 122.91716pt x 92.18636pt.
<Sources/Bild2_HS.jpg, id=799, 782.925pt x 1043.9pt>
File: Sources/Bild2_HS.jpg Graphic file (type jpg)
<use Sources/Bild2_HS.jpg>
Package pdftex.def Info: Sources/Bild2_HS.jpg  used on input line 122.
(pdftex.def)             Requested size: 81.94269pt x 109.25433pt.
<Sources/Bild2_HS.png, id=800, 156.585pt x 468.75125pt>
File: Sources/Bild2_HS.png Graphic file (type png)
<use Sources/Bild2_HS.png>
Package pdftex.def Info: Sources/Bild2_HS.png  used on input line 126.
(pdftex.def)             Requested size: 32.77832pt x 98.12595pt.
<Sources/Bild2_HS_histo.png, id=801, 462.528pt x 346.896pt>
File: Sources/Bild2_HS_histo.png Graphic file (type png)
<use Sources/Bild2_HS_histo.png>
Package pdftex.def Info: Sources/Bild2_HS_histo.png  used on input line 130.
(pdftex.def)             Requested size: 122.91716pt x 92.18636pt.
<Sources/Bild3_HS.jpg, id=802, 782.925pt x 1043.9pt>
File: Sources/Bild3_HS.jpg Graphic file (type jpg)
<use Sources/Bild3_HS.jpg>
Package pdftex.def Info: Sources/Bild3_HS.jpg  used on input line 135.
(pdftex.def)             Requested size: 81.94269pt x 109.25433pt.
<Sources/Bild3_HS.png, id=803, 143.53625pt x 452.69125pt>
File: Sources/Bild3_HS.png Graphic file (type png)
<use Sources/Bild3_HS.png>
Package pdftex.def Info: Sources/Bild3_HS.png  used on input line 139.
(pdftex.def)             Requested size: 32.77832pt x 103.37769pt.
<Sources/Bild3_HS_histo.png, id=804, 462.528pt x 346.896pt>
File: Sources/Bild3_HS_histo.png Graphic file (type png)
<use Sources/Bild3_HS_histo.png>
Package pdftex.def Info: Sources/Bild3_HS_histo.png  used on input line 143.
(pdftex.def)             Requested size: 122.91716pt x 92.18636pt.
 [4 <./Sources/Bild1_HS.jpg> <./Sources/Bild1_HS.png> <./Sources/Bild1_HS_histo
.png> <./Sources/Bild2_HS.jpg> <./Sources/Bild2_HS.png> <./Sources/Bild2_HS_his
to.png> <./Sources/Bild3_HS.jpg> <./Sources/Bild3_HS.png> <./Sources/Bild3_HS_h
isto.png>]
<Sources/Anhang/resize_0250.jpg, id=815, 1043.9pt x 782.925pt>
File: Sources/Anhang/resize_0250.jpg Graphic file (type jpg)
<use Sources/Anhang/resize_0250.jpg>
Package pdftex.def Info: Sources/Anhang/resize_0250.jpg  used on input line 152
.
(pdftex.def)             Requested size: 160.61255pt x 120.45613pt.
<Sources/Anhang/resize_0250.png, id=816, 462.528pt x 346.896pt>
File: Sources/Anhang/resize_0250.png Graphic file (type png)
<use Sources/Anhang/resize_0250.png>
Package pdftex.def Info: Sources/Anhang/resize_0250.png  used on input line 155
.
(pdftex.def)             Requested size: 200.76492pt x 150.57565pt.
<Sources/Anhang/resize_0250_GW.jpg, id=817, 1043.9pt x 782.925pt>
File: Sources/Anhang/resize_0250_GW.jpg Graphic file (type jpg)
<use Sources/Anhang/resize_0250_GW.jpg>
Package pdftex.def Info: Sources/Anhang/resize_0250_GW.jpg  used on input line 
158.
(pdftex.def)             Requested size: 160.61255pt x 120.45613pt.
<Sources/Anhang/resize_0250_GW.png, id=818, 462.528pt x 346.896pt>
File: Sources/Anhang/resize_0250_GW.png Graphic file (type png)
<use Sources/Anhang/resize_0250_GW.png>
Package pdftex.def Info: Sources/Anhang/resize_0250_GW.png  used on input line 
161.
(pdftex.def)             Requested size: 200.76492pt x 150.57565pt.
<Sources/Anhang/resize_0250_HA.jpg, id=819, 1043.9pt x 782.925pt>
File: Sources/Anhang/resize_0250_HA.jpg Graphic file (type jpg)
<use Sources/Anhang/resize_0250_HA.jpg>
Package pdftex.def Info: Sources/Anhang/resize_0250_HA.jpg  used on input line 
164.
(pdftex.def)             Requested size: 160.61255pt x 120.45613pt.
<Sources/Anhang/resize_0250_HA.png, id=820, 462.528pt x 346.896pt>
File: Sources/Anhang/resize_0250_HA.png Graphic file (type png)
<use Sources/Anhang/resize_0250_HA.png>
Package pdftex.def Info: Sources/Anhang/resize_0250_HA.png  used on input line 
167.
(pdftex.def)             Requested size: 200.76492pt x 150.57565pt.
<Sources/Anhang/resize_0250_HS.jpg, id=821, 1043.9pt x 782.925pt>
File: Sources/Anhang/resize_0250_HS.jpg Graphic file (type jpg)
<use Sources/Anhang/resize_0250_HS.jpg>
Package pdftex.def Info: Sources/Anhang/resize_0250_HS.jpg  used on input line 
170.
(pdftex.def)             Requested size: 160.61255pt x 120.45613pt.
<Sources/Anhang/resize_0250_HS.png, id=822, 462.528pt x 346.896pt>
File: Sources/Anhang/resize_0250_HS.png Graphic file (type png)
<use Sources/Anhang/resize_0250_HS.png>
Package pdftex.def Info: Sources/Anhang/resize_0250_HS.png  used on input line 
173.
(pdftex.def)             Requested size: 200.76492pt x 150.57565pt.


LaTeX Warning: Float too large for page by 34.10234pt on input line 177.

<images/anomalien/HA/000613.jpg, id=823, 501.875pt x 334.24875pt>
File: images/anomalien/HA/000613.jpg Graphic file (type jpg)
<use images/anomalien/HA/000613.jpg>
Package pdftex.def Info: images/anomalien/HA/000613.jpg  used on input line 188
.
(pdftex.def)             Requested size: 77.84775pt x 51.84372pt.
<images/anomalien/HA/000750.jpg, id=824, 376.40625pt x 501.875pt>
File: images/anomalien/HA/000750.jpg Graphic file (type jpg)
<use images/anomalien/HA/000750.jpg>
Package pdftex.def Info: images/anomalien/HA/000750.jpg  used on input line 191
.
(pdftex.def)             Requested size: 77.84775pt x 103.79633pt.
<images/anomalien/HA/000777.jpg, id=825, 501.875pt x 334.24875pt>
File: images/anomalien/HA/000777.jpg Graphic file (type jpg)
<use images/anomalien/HA/000777.jpg>
Package pdftex.def Info: images/anomalien/HA/000777.jpg  used on input line 194
.
(pdftex.def)             Requested size: 77.84775pt x 51.84372pt.
<images/anomalien/HA/001608.jpg, id=826, 501.875pt x 376.40625pt>
File: images/anomalien/HA/001608.jpg Graphic file (type jpg)
<use images/anomalien/HA/001608.jpg>
Package pdftex.def Info: images/anomalien/HA/001608.jpg  used on input line 197
.
(pdftex.def)             Requested size: 77.84775pt x 58.38257pt.
<images/anomalien/HA/003339.jpg, id=827, 433.62pt x 289.08pt>
File: images/anomalien/HA/003339.jpg Graphic file (type jpg)
<use images/anomalien/HA/003339.jpg>
Package pdftex.def Info: images/anomalien/HA/003339.jpg  used on input line 200
.
(pdftex.def)             Requested size: 77.84775pt x 51.8954pt.
<images/anomalien/HA/image41.jpg, id=828, 391.4625pt x 521.95pt>
File: images/anomalien/HA/image41.jpg Graphic file (type jpg)
<use images/anomalien/HA/image41.jpg>
Package pdftex.def Info: images/anomalien/HA/image41.jpg  used on input line 20
6.
(pdftex.def)             Requested size: 77.84775pt x 103.79082pt.
<images/anomalien/HA/image67.jpg, id=829, 391.4625pt x 521.95pt>
File: images/anomalien/HA/image67.jpg Graphic file (type jpg)
<use images/anomalien/HA/image67.jpg>
Package pdftex.def Info: images/anomalien/HA/image67.jpg  used on input line 20
9.
(pdftex.def)             Requested size: 77.84775pt x 103.79082pt.
<images/anomalien/HA/image104.jpg, id=830, 1335.99126pt x 1001.7425pt>
File: images/anomalien/HA/image104.jpg Graphic file (type jpg)
<use images/anomalien/HA/image104.jpg>
Package pdftex.def Info: images/anomalien/HA/image104.jpg  used on input line 2
12.
(pdftex.def)             Requested size: 77.84775pt x 58.35942pt.
<images/anomalien/HA/image157.jpg, id=831, 391.4625pt x 521.95pt>
File: images/anomalien/HA/image157.jpg Graphic file (type jpg)
<use images/anomalien/HA/image157.jpg>
Package pdftex.def Info: images/anomalien/HA/image157.jpg  used on input line 2
15.
(pdftex.def)             Requested size: 77.84775pt x 103.79082pt.
<images/anomalien/HA/IMG_20181209_160502.jpg, id=832, 626.34pt x 835.12pt>
File: images/anomalien/HA/IMG_20181209_160502.jpg Graphic file (type jpg)
<use images/anomalien/HA/IMG_20181209_160502.jpg>
Package pdftex.def Info: images/anomalien/HA/IMG_20181209_160502.jpg  used on i
nput line 218.
(pdftex.def)             Requested size: 77.84775pt x 103.79082pt.
<images/anomalien/HA/n02085620_952.jpg, id=833, 417.56pt x 531.9875pt>
File: images/anomalien/HA/n02085620_952.jpg Graphic file (type jpg)
<use images/anomalien/HA/n02085620_952.jpg>
Package pdftex.def Info: images/anomalien/HA/n02085620_952.jpg  used on input l
ine 224.
(pdftex.def)             Requested size: 77.84775pt x 99.17918pt.
<images/anomalien/HA/n02088466_9359.jpg, id=834, 220.825pt x 220.825pt>
File: images/anomalien/HA/n02088466_9359.jpg Graphic file (type jpg)
<use images/anomalien/HA/n02088466_9359.jpg>
Package pdftex.def Info: images/anomalien/HA/n02088466_9359.jpg  used on input 
line 227.
(pdftex.def)             Requested size: 62.27843pt x 62.27534pt.
<images/anomalien/HA/n02088466_9691.jpg, id=835, 501.875pt x 376.40625pt>
File: images/anomalien/HA/n02088466_9691.jpg Graphic file (type jpg)
<use images/anomalien/HA/n02088466_9691.jpg>
Package pdftex.def Info: images/anomalien/HA/n02088466_9691.jpg  used on input 
line 230.
(pdftex.def)             Requested size: 77.84775pt x 58.38257pt.
<images/anomalien/HA/n02089078_4544.jpg, id=836, 427.5975pt x 415.5525pt>
File: images/anomalien/HA/n02089078_4544.jpg Graphic file (type jpg)
<use images/anomalien/HA/n02089078_4544.jpg>
Package pdftex.def Info: images/anomalien/HA/n02089078_4544.jpg  used on input 
line 233.
(pdftex.def)             Requested size: 77.84775pt x 75.65222pt.
<images/anomalien/HA/n02091032_12113.jpg, id=837, 501.875pt x 426.59375pt>
File: images/anomalien/HA/n02091032_12113.jpg Graphic file (type jpg)
<use images/anomalien/HA/n02091032_12113.jpg>
Package pdftex.def Info: images/anomalien/HA/n02091032_12113.jpg  used on input
 line 236.
(pdftex.def)             Requested size: 77.84775pt x 66.1669pt.

Underfull \hbox (badness 2359) in paragraph at lines 238--238
[][][]\T1/cmr/m/n/10.95 Auftretende Farb-an-oma-li-en in den drei Da-ten-st-ze
n durch den
 []


Underfull \hbox (badness 10000) in paragraph at lines 238--238
\T1/cmr/m/n/10.95 Histogramm-Ausgleich. Oben: PascalVOC-Datensatz, Mit-te:
 []

<images/anomalien/HS/007911.jpg, id=838, 501.875pt x 499.8675pt>
File: images/anomalien/HS/007911.jpg Graphic file (type jpg)
<use images/anomalien/HS/007911.jpg>
Package pdftex.def Info: images/anomalien/HS/007911.jpg  used on input line 251
.
(pdftex.def)             Requested size: 77.84775pt x 77.53204pt.
<images/anomalien/HS/007935.jpg, id=839, 501.875pt x 376.40625pt>
File: images/anomalien/HS/007935.jpg Graphic file (type jpg)
<use images/anomalien/HS/007935.jpg>
Package pdftex.def Info: images/anomalien/HS/007935.jpg  used on input line 254
.
(pdftex.def)             Requested size: 77.84775pt x 58.38257pt.
<images/anomalien/HS/008085.jpg, id=840, 501.875pt x 283.0575pt>
File: images/anomalien/HS/008085.jpg Graphic file (type jpg)
<use images/anomalien/HS/008085.jpg>
Package pdftex.def Info: images/anomalien/HS/008085.jpg  used on input line 257
.
(pdftex.def)             Requested size: 77.84775pt x 43.90369pt.
<images/anomalien/HS/008103.jpg, id=841, 501.875pt x 375.4025pt>
File: images/anomalien/HS/008103.jpg Graphic file (type jpg)
<use images/anomalien/HS/008103.jpg>
Package pdftex.def Info: images/anomalien/HS/008103.jpg  used on input line 260
.
(pdftex.def)             Requested size: 77.84775pt x 58.22688pt.
<images/anomalien/HS/008112.jpg, id=842, 501.875pt x 299.1175pt>
File: images/anomalien/HS/008112.jpg Graphic file (type jpg)
<use images/anomalien/HS/008112.jpg>
Package pdftex.def Info: images/anomalien/HS/008112.jpg  used on input line 263
.
(pdftex.def)             Requested size: 77.84775pt x 46.39467pt.
<images/anomalien/HS/image157.jpg, id=843, 391.4625pt x 521.95pt>
File: images/anomalien/HS/image157.jpg Graphic file (type jpg)
<use images/anomalien/HS/image157.jpg>
Package pdftex.def Info: images/anomalien/HS/image157.jpg  used on input line 2
69.
(pdftex.def)             Requested size: 77.84775pt x 103.79082pt.
<images/anomalien/HS/image159.jpg, id=844, 391.4625pt x 521.95pt>
File: images/anomalien/HS/image159.jpg Graphic file (type jpg)
<use images/anomalien/HS/image159.jpg>
Package pdftex.def Info: images/anomalien/HS/image159.jpg  used on input line 2
72.
(pdftex.def)             Requested size: 77.84775pt x 103.79082pt.
<images/anomalien/HS/image160.jpg, id=845, 521.95pt x 391.4625pt>
File: images/anomalien/HS/image160.jpg Graphic file (type jpg)
<use images/anomalien/HS/image160.jpg>
Package pdftex.def Info: images/anomalien/HS/image160.jpg  used on input line 2
75.
(pdftex.def)             Requested size: 77.84775pt x 58.38234pt.
<images/anomalien/HS/image240.jpg, id=846, 391.4625pt x 521.95pt>
File: images/anomalien/HS/image240.jpg Graphic file (type jpg)
<use images/anomalien/HS/image240.jpg>
Package pdftex.def Info: images/anomalien/HS/image240.jpg  used on input line 2
78.
(pdftex.def)             Requested size: 77.84775pt x 103.79082pt.
<images/anomalien/HS/IMG_20181209_160802.jpg, id=847, 626.34pt x 835.12pt>
File: images/anomalien/HS/IMG_20181209_160802.jpg Graphic file (type jpg)
<use images/anomalien/HS/IMG_20181209_160802.jpg>
Package pdftex.def Info: images/anomalien/HS/IMG_20181209_160802.jpg  used on i
nput line 281.
(pdftex.def)             Requested size: 77.84775pt x 103.79082pt.
<images/anomalien/HS/n02085620_1620.jpg, id=848, 501.875pt x 376.40625pt>
File: images/anomalien/HS/n02085620_1620.jpg Graphic file (type jpg)
<use images/anomalien/HS/n02085620_1620.jpg>
Package pdftex.def Info: images/anomalien/HS/n02085620_1620.jpg  used on input 
line 287.
(pdftex.def)             Requested size: 77.84775pt x 58.38257pt.
<images/anomalien/HS/n02085620_2188.jpg, id=849, 376.40625pt x 501.875pt>
File: images/anomalien/HS/n02085620_2188.jpg Graphic file (type jpg)
<use images/anomalien/HS/n02085620_2188.jpg>
Package pdftex.def Info: images/anomalien/HS/n02085620_2188.jpg  used on input 
line 290.
(pdftex.def)             Requested size: 62.27843pt x 83.03554pt.
<images/anomalien/HS/n02085782_1503.jpg, id=850, 216.81pt x 289.08pt>
File: images/anomalien/HS/n02085782_1503.jpg Graphic file (type jpg)
<use images/anomalien/HS/n02085782_1503.jpg>
Package pdftex.def Info: images/anomalien/HS/n02085782_1503.jpg  used on input 
line 293.
(pdftex.def)             Requested size: 77.84775pt x 103.79523pt.
<images/anomalien/HS/n02085782_1626.jpg, id=851, 621.32124pt x 496.85625pt>
File: images/anomalien/HS/n02085782_1626.jpg Graphic file (type jpg)
<use images/anomalien/HS/n02085782_1626.jpg>
Package pdftex.def Info: images/anomalien/HS/n02085782_1626.jpg  used on input 
line 296.
(pdftex.def)             Requested size: 77.84775pt x 62.25092pt.
<images/anomalien/HS/n02088094_1406.jpg, id=852, 331.2375pt x 501.875pt>
File: images/anomalien/HS/n02088094_1406.jpg Graphic file (type jpg)
<use images/anomalien/HS/n02088094_1406.jpg>
Package pdftex.def Info: images/anomalien/HS/n02088094_1406.jpg  used on input 
line 299.
(pdftex.def)             Requested size: 77.84775pt x 117.94829pt.

Underfull \hbox (badness 3000) in paragraph at lines 301--301
[][][]\T1/cmr/m/n/10.95 Auftretende Farb-an-oma-li-en in den drei Da-ten-st-ze
n durch die
 []


Underfull \hbox (badness 10000) in paragraph at lines 301--301
\T1/cmr/m/n/10.95 Histogramm-Spezifikation. Oben: PascalVOC-Datensatz, Mit-te:
 []

) [5 <./Sources/Anhang/resize_0250.jpg> <./Sources/Anhang/resize_0250.png> <./S
ources/Anhang/resize_0250_GW.jpg> <./Sources/Anhang/resize_0250_GW.png> <./Sour
ces/Anhang/resize_0250_HA.jpg> <./Sources/Anhang/resize_0250_HA.png> <./Sources
/Anhang/resize_0250_HS.jpg> <./Sources/Anhang/resize_0250_HS.png>] [6 <./images
/anomalien/HA/000613.jpg> <./images/anomalien/HA/000750.jpg> <./images/anomalie
n/HA/000777.jpg> <./images/anomalien/HA/001608.jpg> <./images/anomalien/HA/0033
39.jpg> <./images/anomalien/HA/image41.jpg> <./images/anomalien/HA/image67.jpg>
 <./images/anomalien/HA/image104.jpg> <./images/anomalien/HA/image157.jpg> <./i
mages/anomalien/HA/IMG_20181209_160502.jpg> <./images/anomalien/HA/n02085620_95
2.jpg> <./images/anomalien/HA/n02088466_9359.jpg> <./images/anomalien/HA/n02088
466_9691.jpg> <./images/anomalien/HA/n02089078_4544.jpg> <./images/anomalien/HA
/n02091032_12113.jpg>] [7 <./images/anomalien/HS/007911.jpg> <./images/anomalie
n/HS/007935.jpg> <./images/anomalien/HS/008085.jpg> <./images/anomalien/HS/0081
03.jpg> <./images/anomalien/HS/008112.jpg> <./images/anomalien/HS/image157.jpg>
 <./images/anomalien/HS/image159.jpg> <./images/anomalien/HS/image160.jpg> <./i
mages/anomalien/HS/image240.jpg> <./images/anomalien/HS/IMG_20181209_160802.jpg
> <./images/anomalien/HS/n02085620_1620.jpg> <./images/anomalien/HS/n02085620_2
188.jpg> <./images/anomalien/HS/n02085782_1503.jpg> <./images/anomalien/HS/n020
85782_1626.jpg> <./images/anomalien/HS/n02088094_1406.jpg>]
\openout2 = `chapter/eid.aux'.

 (chapter/eid.tex
Underfull \hbox (badness 10000) in paragraph at lines 3--4

 []


Underfull \hbox (badness 10000) in paragraph at lines 3--4

 []

) [8




]
Package atveryend Info: Empty hook `BeforeClearDocument' on input line 85.
Package atveryend Info: Empty hook `AfterLastShipout' on input line 85.
 (draft.aux (chapter/titelseite.aux) (chapter/abstract.aux)
(chapter/inhaltsverzeichnis.aux) (chapter/vorwort.aux) (chapter/einleitung.aux)
(chapter/theoretische_grundlagen.aux) (chapter/methodik_und_durchfuehrung.aux)
(chapter/ergebnisse.aux) (chapter/diskussion.aux) (chapter/fazit.aux)
(chapter/verzeichnisse.aux) (chapter/anhang.aux) (chapter/eid.aux))
Package atveryend Info: Executing hook `AtVeryEndDocument' on input line 85.
Package atveryend Info: Executing hook `AtEndAfterFileList' on input line 85.
Package rerunfilecheck Info: File `draft.out' has not changed.
(rerunfilecheck)             Checksum: D41D8CD98F00B204E9800998ECF8427E;0.
 ) 
Here is how much of TeX's memory you used:
 26688 strings out of 492895
 490900 string characters out of 3123269
 788714 words of memory out of 3000000
 29694 multiletter control sequences out of 15000+200000
 22734 words of font info for 48 fonts, out of 3000000 for 9000
 1141 hyphenation exceptions out of 8191
 77i,12n,87p,9103b,1256s stack positions out of 5000i,500n,10000p,200000b,50000s
 <C:\Users\Agando\AppData\Local\MiKTeX\2.9\fonts/pk/ljfour/jknappen/ec/dpi600
\ecsx2488.pk> <C:\Users\Agando\AppData\Local\MiKTeX\2.9\fonts/pk/ljfour/jknappe
n/ec/dpi600\ectt1095.pk> <C:\Users\Agando\AppData\Local\MiKTeX\2.9\fonts/pk/ljf
our/jknappen/ec/dpi600\eccc1095.pk> <C:\Users\Agando\AppData\Local\MiKTeX\2.9\f
onts/pk/ljfour/jknappen/ec/dpi600\ectt0900.pk> <C:\Users\Agando\AppData\Local\M
iKTeX\2.9\fonts/pk/ljfour/jknappen/ec/dpi600\ecrm0600.pk> <C:\Users\Agando\AppD
ata\Local\MiKTeX\2.9\fonts/pk/ljfour/jknappen/ec/dpi600\ecbx1095.pk> <C:\Users\
Agando\AppData\Local\MiKTeX\2.9\fonts/pk/ljfour/jknappen/ec/dpi600\ecsx1200.pk>
 <C:\Users\Agando\AppData\Local\MiKTeX\2.9\fonts/pk/ljfour/jknappen/ec/dpi600\e
csx1440.pk> <C:\Users\Agando\AppData\Local\MiKTeX\2.9\fonts/pk/ljfour/jknappen/
ec/dpi600\ecti1095.pk> <C:\Users\Agando\AppData\Local\MiKTeX\2.9\fonts/pk/ljfou
r/jknappen/ec/dpi600\ecsx1095.pk> <C:\Users\Agando\AppData\Local\MiKTeX\2.9\fon
ts/pk/ljfour/jknappen/ec/dpi600\ecsx2074.pk> <C:\Users\Agando\AppData\Local\MiK
TeX\2.9\fonts/pk/ljfour/jknappen/ec/dpi600\ecbx1200.pk> <C:\Users\Agando\AppDat
a\Local\MiKTeX\2.9\fonts/pk/ljfour/jknappen/ec/dpi600\ecrm1000.pk> <C:\Users\Ag
ando\AppData\Local\MiKTeX\2.9\fonts/pk/ljfour/jknappen/ec/dpi600\ecrm1095.pk> <
C:\Users\Agando\AppData\Local\MiKTeX\2.9\fonts/pk/ljfour/jknappen/ec/dpi600\ecc
c1200.pk> <C:\Users\Agando\AppData\Local\MiKTeX\2.9\fonts/pk/ljfour/jknappen/ec
/dpi600\ecrm1728.pk> <C:\Users\Agando\AppData\Local\MiKTeX\2.9\fonts/pk/ljfour/
jknappen/ec/dpi600\ecrm1200.pk> <C:\Users\Agando\AppData\Local\MiKTeX\2.9\fonts
/pk/ljfour/jknappen/ec/dpi600\eccc1728.pk> <C:\Users\Agando\AppData\Local\MiKTe
X\2.9\fonts/pk/ljfour/jknappen/ec/dpi600\ecbx2074.pk><C:/Users/Agando/AppData/L
ocal/Programs/MiKTeX 2.9/fonts/type1/public/amsfonts/cm/cmex10.pfb><C:/Users/Ag
ando/AppData/Local/Programs/MiKTeX 2.9/fonts/type1/public/amsfonts/cm/cmmi10.pf
b><C:/Users/Agando/AppData/Local/Programs/MiKTeX 2.9/fonts/type1/public/amsfont
s/cm/cmmi8.pfb><C:/Users/Agando/AppData/Local/Programs/MiKTeX 2.9/fonts/type1/p
ublic/amsfonts/cm/cmr10.pfb><C:/Users/Agando/AppData/Local/Programs/MiKTeX 2.9/
fonts/type1/public/amsfonts/cm/cmr8.pfb><C:/Users/Agando/AppData/Local/Programs
/MiKTeX 2.9/fonts/type1/public/amsfonts/cm/cmsy10.pfb><C:/Users/Agando/AppData/
Local/Programs/MiKTeX 2.9/fonts/type1/public/amsfonts/cm/cmsy8.pfb>
Output written on draft.pdf (63 pages, 11087314 bytes).
PDF statistics:
 1799 PDF objects out of 2073 (max. 8388607)
 219 named destinations out of 1000 (max. 500000)
 882 words of extra memory for PDF output out of 10000 (max. 10000000)

