\BOOKMARK [1][]{section.6}{1 Einleitung}{}% 1
\BOOKMARK [2][]{subsection.7}{1.1 Problemstellung und Ziele}{section.6}% 2
\BOOKMARK [2][]{subsection.9}{1.2 Erl\344uterung der These}{section.6}% 3
\BOOKMARK [2][]{subsection.10}{1.3 Anforderungen}{section.6}% 4
\BOOKMARK [2][]{subsection.15}{1.4 Struktur der Arbeit}{section.6}% 5
\BOOKMARK [1][]{section.16}{2 Theoretische Grundlagen}{}% 6
\BOOKMARK [2][]{subsection.17}{2.1 Digitale Bilder}{section.16}% 7
\BOOKMARK [3][]{subsubsection.19}{2.1.1 Aufbau von Digitalbildern}{subsection.17}% 8
\BOOKMARK [2][]{subsection.20}{2.2 Histogramme}{section.16}% 9
\BOOKMARK [3][]{subsubsection.24}{2.2.1 Einfluss von Belichtungen}{subsection.20}% 10
\BOOKMARK [2][]{subsection.25}{2.3 K\374nstliche Intelligenz}{section.16}% 11
\BOOKMARK [2][]{subsection.26}{2.4 Neuronale Netze}{section.16}% 12
\BOOKMARK [3][]{subsubsection.36}{2.4.1 Funktionsweise k\374nstlicher und Faltender neuronaler Netze}{subsection.26}% 13
\BOOKMARK [3][]{subsubsection.41}{2.4.2 Entstehung von Trainingsdaten}{subsection.26}% 14
\BOOKMARK [2][]{subsection.43}{2.5 Mean average Precision}{section.16}% 15
\BOOKMARK [3][]{subsubsection.45}{2.5.1 Arten der Farbnormalisierung}{subsection.43}% 16
\BOOKMARK [1][]{section.54}{3 Methodik und Durchf\374hrung}{}% 17
\BOOKMARK [2][]{subsection.55}{3.1 Verwendetes Modell}{section.54}% 18
\BOOKMARK [2][]{subsection.57}{3.2 Trainingsdaten}{section.54}% 19
\BOOKMARK [2][]{subsection.61}{3.3 Normalisierung-Algorithmen}{section.54}% 20
\BOOKMARK [3][]{subsubsection.62}{3.3.1 Gray-World-Algorithmus}{subsection.61}% 21
\BOOKMARK [3][]{subsubsection.82}{3.3.2 Histogramm Ausgleich}{subsection.61}% 22
\BOOKMARK [3][]{subsubsection.96}{3.3.3 Histogramm Spezifikation}{subsection.61}% 23
\BOOKMARK [1][]{section.107}{4 Ergebnisse}{}% 24
\BOOKMARK [2][]{subsection.108}{4.1 Frameworks und Entwicklungsumgebung}{section.107}% 25
\BOOKMARK [2][]{subsection.109}{4.2 Nahrungsmittel Datensatz}{section.107}% 26
\BOOKMARK [2][]{subsection.111}{4.3 PascalVOC Datensatz}{section.107}% 27
\BOOKMARK [2][]{subsection.113}{4.4 Stanford Dogs Dataset}{section.107}% 28
\BOOKMARK [2][]{subsection.115}{4.5 Zwischenstand}{section.107}% 29
\BOOKMARK [2][]{subsection.118}{4.6 Obst Datensatz}{section.107}% 30
\BOOKMARK [2][]{subsection.120}{4.7 Auswertung des Obst Datensatzes}{section.107}% 31
\BOOKMARK [1][]{section.122}{5 Diskussion}{}% 32
\BOOKMARK [2][]{subsection.123}{5.1 Laufzeittest}{section.122}% 33
\BOOKMARK [1][]{section.125}{6 Fazit}{}% 34
\BOOKMARK [2][]{subsection.126}{6.1 Gray-World-Algorithmus}{section.125}% 35
\BOOKMARK [2][]{subsection.127}{6.2 Histogramm Ausgleich}{section.125}% 36
\BOOKMARK [2][]{subsection.128}{6.3 Histogramm Spezifizierung}{section.125}% 37
