This is pdfTeX, Version 3.14159265-2.6-1.40.20 (MiKTeX 2.9.7050 64-bit) (preloaded format=pdflatex 2019.7.8)  8 JUL 2019 23:18
entering extended mode
**"./Bachelorarbeit Dokumentation.tex"
("Bachelorarbeit Dokumentation.tex"
LaTeX2e <2018-12-01>
("C:\Users\Agando\AppData\Local\Programs\MiKTeX 2.9\tex/latex/base\article.cls"
Document Class: article 2018/09/03 v1.4i Standard LaTeX document class
("C:\Users\Agando\AppData\Local\Programs\MiKTeX 2.9\tex/latex/base\size12.clo"
File: size12.clo 2018/09/03 v1.4i Standard LaTeX file (size option)
)
\c@part=\count80
\c@section=\count81
\c@subsection=\count82
\c@subsubsection=\count83
\c@paragraph=\count84
\c@subparagraph=\count85
\c@figure=\count86
\c@table=\count87
\abovecaptionskip=\skip41
\belowcaptionskip=\skip42
\bibindent=\dimen102
)
("C:\Users\Agando\AppData\Local\Programs\MiKTeX 2.9\tex/generic/babel\babel.sty
"
Package: babel 2019/06/03 3.32 The Babel package

("C:\Users\Agando\AppData\Local\Programs\MiKTeX 2.9\tex/generic/babel\switch.de
f"
File: switch.def 2019/06/03 3.32 Babel switching mechanism
)
*************************************
* Local config file bblopts.cfg used
*
("C:\Users\Agando\AppData\Local\Programs\MiKTeX 2.9\tex/latex/arabi\bblopts.cfg
"
File: bblopts.cfg 2005/09/08 v0.1 add Arabic and Farsi to "declared" options of
 babel
)
("C:\Users\Agando\AppData\Local\Programs\MiKTeX 2.9\tex/latex/babel-german\nger
man.ldf"
Language: ngerman 2018/12/08 v2.11 German support for babel (post-1996 orthogra
phy)

("C:\Users\Agando\AppData\Local\Programs\MiKTeX 2.9\tex/latex/babel-german\nger
manb.ldf"
Language: ngermanb 2018/12/08 v2.11 German support for babel (post-1996 orthogr
aphy)

("C:\Users\Agando\AppData\Local\Programs\MiKTeX 2.9\tex/generic/babel\babel.def
"
File: babel.def 2019/06/03 3.32 Babel common definitions
\babel@savecnt=\count88
\U@D=\dimen103

("C:\Users\Agando\AppData\Local\Programs\MiKTeX 2.9\tex/generic/babel\txtbabel.
def")
\bbl@dirlevel=\count89
)
Package babel Info: Making " an active character on input line 121.
)))
("C:\Users\Agando\AppData\Local\Programs\MiKTeX 2.9\tex/latex/caption\caption.s
ty"
Package: caption 2018/10/06 v3.3-154 Customizing captions (AR)

("C:\Users\Agando\AppData\Local\Programs\MiKTeX 2.9\tex/latex/caption\caption3.
sty"
Package: caption3 2018/09/12 v1.8c caption3 kernel (AR)
Package caption3 Info: TeX engine: e-TeX on input line 64.

("C:\Users\Agando\AppData\Local\Programs\MiKTeX 2.9\tex/latex/graphics\keyval.s
ty"
Package: keyval 2014/10/28 v1.15 key=value parser (DPC)
\KV@toks@=\toks14
)
\captionmargin=\dimen104
\captionmargin@=\dimen105
\captionwidth=\dimen106
\caption@tempdima=\dimen107
\caption@indent=\dimen108
\caption@parindent=\dimen109
\caption@hangindent=\dimen110
)
\c@caption@flags=\count90
\c@ContinuedFloat=\count91
)
("C:\Users\Agando\AppData\Local\Programs\MiKTeX 2.9\tex/latex/base\fontenc.sty"
Package: fontenc 2018/08/11 v2.0j Standard LaTeX package
("C:\Users\Agando\AppData\Local\Programs\MiKTeX 2.9\tex/latex/base\t1enc.def"
File: t1enc.def 2018/08/11 v2.0j Standard LaTeX file
LaTeX Font Info:    Redeclaring font encoding T1 on input line 48.
)) ("C:\Users\Agando\AppData\Local\Programs\MiKTeX 2.9\tex/latex/base\inputenc.
sty"
Package: inputenc 2018/08/11 v1.3c Input encoding file
\inpenc@prehook=\toks15
\inpenc@posthook=\toks16
)
("C:\Users\Agando\AppData\Local\Programs\MiKTeX 2.9\tex/latex/fancyhdr\fancyhdr
.sty"
Package: fancyhdr 2019/01/31 v3.10 Extensive control of page headers and footer
s
\f@nch@headwidth=\skip43
\f@nch@O@elh=\skip44
\f@nch@O@erh=\skip45
\f@nch@O@olh=\skip46
\f@nch@O@orh=\skip47
\f@nch@O@elf=\skip48
\f@nch@O@erf=\skip49
\f@nch@O@olf=\skip50
\f@nch@O@orf=\skip51
)
("C:\Users\Agando\AppData\Local\Programs\MiKTeX 2.9\tex/latex/graphics\lscape.s
ty"
Package: lscape 2000/10/22 v3.01 Landscape Pages (DPC)

("C:\Users\Agando\AppData\Local\Programs\MiKTeX 2.9\tex/latex/graphics\graphics
.sty"
Package: graphics 2017/06/25 v1.2c Standard LaTeX Graphics (DPC,SPQR)

("C:\Users\Agando\AppData\Local\Programs\MiKTeX 2.9\tex/latex/graphics\trig.sty
"
Package: trig 2016/01/03 v1.10 sin cos tan (DPC)
)
("C:\Users\Agando\AppData\Local\Programs\MiKTeX 2.9\tex/latex/graphics-cfg\grap
hics.cfg"
File: graphics.cfg 2016/06/04 v1.11 sample graphics configuration
)
Package graphics Info: Driver file: pdftex.def on input line 99.

("C:\Users\Agando\AppData\Local\Programs\MiKTeX 2.9\tex/latex/graphics-def\pdft
ex.def"
File: pdftex.def 2018/01/08 v1.0l Graphics/color driver for pdftex
)))
("C:\Users\Agando\AppData\Local\Programs\MiKTeX 2.9\tex/latex/lm\lmodern.sty"
Package: lmodern 2009/10/30 v1.6 Latin Modern Fonts
LaTeX Font Info:    Overwriting symbol font `operators' in version `normal'
(Font)                  OT1/cmr/m/n --> OT1/lmr/m/n on input line 22.
LaTeX Font Info:    Overwriting symbol font `letters' in version `normal'
(Font)                  OML/cmm/m/it --> OML/lmm/m/it on input line 23.
LaTeX Font Info:    Overwriting symbol font `symbols' in version `normal'
(Font)                  OMS/cmsy/m/n --> OMS/lmsy/m/n on input line 24.
LaTeX Font Info:    Overwriting symbol font `largesymbols' in version `normal'
(Font)                  OMX/cmex/m/n --> OMX/lmex/m/n on input line 25.
LaTeX Font Info:    Overwriting symbol font `operators' in version `bold'
(Font)                  OT1/cmr/bx/n --> OT1/lmr/bx/n on input line 26.
LaTeX Font Info:    Overwriting symbol font `letters' in version `bold'
(Font)                  OML/cmm/b/it --> OML/lmm/b/it on input line 27.
LaTeX Font Info:    Overwriting symbol font `symbols' in version `bold'
(Font)                  OMS/cmsy/b/n --> OMS/lmsy/b/n on input line 28.
LaTeX Font Info:    Overwriting symbol font `largesymbols' in version `bold'
(Font)                  OMX/cmex/m/n --> OMX/lmex/m/n on input line 29.
LaTeX Font Info:    Overwriting math alphabet `\mathbf' in version `normal'
(Font)                  OT1/cmr/bx/n --> OT1/lmr/bx/n on input line 31.
LaTeX Font Info:    Overwriting math alphabet `\mathsf' in version `normal'
(Font)                  OT1/cmss/m/n --> OT1/lmss/m/n on input line 32.
LaTeX Font Info:    Overwriting math alphabet `\mathit' in version `normal'
(Font)                  OT1/cmr/m/it --> OT1/lmr/m/it on input line 33.
LaTeX Font Info:    Overwriting math alphabet `\mathtt' in version `normal'
(Font)                  OT1/cmtt/m/n --> OT1/lmtt/m/n on input line 34.
LaTeX Font Info:    Overwriting math alphabet `\mathbf' in version `bold'
(Font)                  OT1/cmr/bx/n --> OT1/lmr/bx/n on input line 35.
LaTeX Font Info:    Overwriting math alphabet `\mathsf' in version `bold'
(Font)                  OT1/cmss/bx/n --> OT1/lmss/bx/n on input line 36.
LaTeX Font Info:    Overwriting math alphabet `\mathit' in version `bold'
(Font)                  OT1/cmr/bx/it --> OT1/lmr/bx/it on input line 37.
LaTeX Font Info:    Overwriting math alphabet `\mathtt' in version `bold'
(Font)                  OT1/cmtt/m/n --> OT1/lmtt/m/n on input line 38.
)
("C:\Users\Agando\AppData\Local\Programs\MiKTeX 2.9\tex/latex/ulem\ulem.sty"
\UL@box=\box27
\UL@hyphenbox=\box28
\UL@skip=\skip52
\UL@hook=\toks17
\UL@height=\dimen111
\UL@pe=\count92
\UL@pixel=\dimen112
\ULC@box=\box29
Package: ulem 2012/05/18
\ULdepth=\dimen113
)
("C:\Users\Agando\AppData\Local\Programs\MiKTeX 2.9\tex/latex/geometry\geometry
.sty"
Package: geometry 2018/04/16 v5.8 Page Geometry

("C:\Users\Agando\AppData\Local\Programs\MiKTeX 2.9\tex/generic/oberdiek\ifpdf.
sty"
Package: ifpdf 2018/09/07 v3.3 Provides the ifpdf switch
)
("C:\Users\Agando\AppData\Local\Programs\MiKTeX 2.9\tex/generic/oberdiek\ifvtex
.sty"
Package: ifvtex 2016/05/16 v1.6 Detect VTeX and its facilities (HO)
Package ifvtex Info: VTeX not detected.
)
("C:\Users\Agando\AppData\Local\Programs\MiKTeX 2.9\tex/generic/ifxetex\ifxetex
.sty"
Package: ifxetex 2010/09/12 v0.6 Provides ifxetex conditional
)
\Gm@cnth=\count93
\Gm@cntv=\count94
\c@Gm@tempcnt=\count95
\Gm@bindingoffset=\dimen114
\Gm@wd@mp=\dimen115
\Gm@odd@mp=\dimen116
\Gm@even@mp=\dimen117
\Gm@layoutwidth=\dimen118
\Gm@layoutheight=\dimen119
\Gm@layouthoffset=\dimen120
\Gm@layoutvoffset=\dimen121
\Gm@dimlist=\toks18

("C:\Users\Agando\AppData\Local\Programs\MiKTeX 2.9\tex/latex/geometry\geometry
.cfg")

Package geometry Warning: Over-specification in `h'-direction.
    `width' (455.24408pt) is ignored.


Package geometry Warning: Over-specification in `v'-direction.
    `height' (768.597pt) is ignored.

)
("C:\Users\Agando\AppData\Local\Programs\MiKTeX 2.9\tex/latex/graphics\graphicx
.sty"
Package: graphicx 2017/06/01 v1.1a Enhanced LaTeX Graphics (DPC,SPQR)
\Gin@req@height=\dimen122
\Gin@req@width=\dimen123
)
("C:\Users\Agando\AppData\Local\Programs\MiKTeX 2.9\tex/latex/oberdiek\epstopdf
.sty"
Package: epstopdf 2016/05/15 v2.6 Conversion with epstopdf on the fly (HO)

("C:\Users\Agando\AppData\Local\Programs\MiKTeX 2.9\tex/latex/oberdiek\epstopdf
-base.sty"
Package: epstopdf-base 2016/05/15 v2.6 Base part for package epstopdf

("C:\Users\Agando\AppData\Local\Programs\MiKTeX 2.9\tex/generic/oberdiek\infwar
err.sty"
Package: infwarerr 2016/05/16 v1.4 Providing info/warning/error messages (HO)
)
("C:\Users\Agando\AppData\Local\Programs\MiKTeX 2.9\tex/latex/oberdiek\grfext.s
ty"
Package: grfext 2016/05/16 v1.2 Manage graphics extensions (HO)

("C:\Users\Agando\AppData\Local\Programs\MiKTeX 2.9\tex/generic/oberdiek\kvdefi
nekeys.sty"
Package: kvdefinekeys 2016/05/16 v1.4 Define keys (HO)

("C:\Users\Agando\AppData\Local\Programs\MiKTeX 2.9\tex/generic/oberdiek\ltxcmd
s.sty"
Package: ltxcmds 2016/05/16 v1.23 LaTeX kernel commands for general use (HO)
)))
("C:\Users\Agando\AppData\Local\Programs\MiKTeX 2.9\tex/latex/oberdiek\kvoption
s.sty"
Package: kvoptions 2016/05/16 v3.12 Key value format for package options (HO)

("C:\Users\Agando\AppData\Local\Programs\MiKTeX 2.9\tex/generic/oberdiek\kvsetk
eys.sty"
Package: kvsetkeys 2016/05/16 v1.17 Key value parser (HO)

("C:\Users\Agando\AppData\Local\Programs\MiKTeX 2.9\tex/generic/oberdiek\etexcm
ds.sty"
Package: etexcmds 2016/05/16 v1.6 Avoid name clashes with e-TeX commands (HO)

("C:\Users\Agando\AppData\Local\Programs\MiKTeX 2.9\tex/generic/oberdiek\ifluat
ex.sty"
Package: ifluatex 2016/05/16 v1.4 Provides the ifluatex switch (HO)
Package ifluatex Info: LuaTeX not detected.
))))
("C:\Users\Agando\AppData\Local\Programs\MiKTeX 2.9\tex/generic/oberdiek\pdftex
cmds.sty"
Package: pdftexcmds 2018/09/10 v0.29 Utility functions of pdfTeX for LuaTeX (HO
)
Package pdftexcmds Info: LuaTeX not detected.
Package pdftexcmds Info: \pdf@primitive is available.
Package pdftexcmds Info: \pdf@ifprimitive is available.
Package pdftexcmds Info: \pdfdraftmode found.
)
Package epstopdf-base Info: Redefining graphics rule for `.eps' on input line 4
38.
Package grfext Info: Graphics extension search list:
(grfext)             [.pdf,.png,.jpg,.mps,.jpeg,.jbig2,.jb2,.PDF,.PNG,.JPG,.JPE
G,.JBIG2,.JB2,.eps]
(grfext)             \AppendGraphicsExtensions on input line 456.
))
("C:\Users\Agando\AppData\Local\Programs\MiKTeX 2.9\tex/latex/tools\tabularx.st
y"
Package: tabularx 2016/02/03 v2.11b `tabularx' package (DPC)
 ("C:\Users\Agando\AppData\Local\Programs\MiKTeX 2.9\tex/latex/tools\array.sty"
Package: array 2018/12/30 v2.4k Tabular extension package (FMi)
\col@sep=\dimen124
\ar@mcellbox=\box30
\extrarowheight=\dimen125
\NC@list=\toks19
\extratabsurround=\skip53
\backup@length=\skip54
\ar@cellbox=\box31
)
\TX@col@width=\dimen126
\TX@old@table=\dimen127
\TX@old@col=\dimen128
\TX@target=\dimen129
\TX@delta=\dimen130
\TX@cols=\count96
\TX@ftn=\toks20
)
("C:\Users\Agando\AppData\Local\Programs\MiKTeX 2.9\tex/latex/booktabs\booktabs
.sty"
Package: booktabs 2005/04/14 v1.61803 publication quality tables
\heavyrulewidth=\dimen131
\lightrulewidth=\dimen132
\cmidrulewidth=\dimen133
\belowrulesep=\dimen134
\belowbottomsep=\dimen135
\aboverulesep=\dimen136
\abovetopsep=\dimen137
\cmidrulesep=\dimen138
\cmidrulekern=\dimen139
\defaultaddspace=\dimen140
\@cmidla=\count97
\@cmidlb=\count98
\@aboverulesep=\dimen141
\@belowrulesep=\dimen142
\@thisruleclass=\count99
\@lastruleclass=\count100
\@thisrulewidth=\dimen143
)
("C:\Users\Agando\AppData\Local\Programs\MiKTeX 2.9\tex/latex/tools\longtable.s
ty"
Package: longtable 2014/10/28 v4.11 Multi-page Table package (DPC)+ FMi change
\LTleft=\skip55
\LTright=\skip56
\LTpre=\skip57
\LTpost=\skip58
\LTchunksize=\count101
\LTcapwidth=\dimen144
\LT@head=\box32
\LT@firsthead=\box33
\LT@foot=\box34
\LT@lastfoot=\box35
\LT@cols=\count102
\LT@rows=\count103
\c@LT@tables=\count104
\c@LT@chunks=\count105
\LT@p@ftn=\toks21
)
("C:\Users\Agando\AppData\Local\Programs\MiKTeX 2.9\tex/latex/multirow\multirow
.sty"
Package: multirow 2019/05/31 v2.5 Span multiple rows of a table
\multirow@colwidth=\skip59
\multirow@cntb=\count106
\multirow@dima=\skip60
\bigstrutjot=\dimen145
)
("C:\Users\Agando\AppData\Local\Programs\MiKTeX 2.9\tex/latex/amsmath\amsmath.s
ty"
Package: amsmath 2018/12/01 v2.17b AMS math features
\@mathmargin=\skip61

For additional information on amsmath, use the `?' option.

("C:\Users\Agando\AppData\Local\Programs\MiKTeX 2.9\tex/latex/amsmath\amstext.s
ty"
Package: amstext 2000/06/29 v2.01 AMS text

("C:\Users\Agando\AppData\Local\Programs\MiKTeX 2.9\tex/latex/amsmath\amsgen.st
y"
File: amsgen.sty 1999/11/30 v2.0 generic functions
\@emptytoks=\toks22
\ex@=\dimen146
))
("C:\Users\Agando\AppData\Local\Programs\MiKTeX 2.9\tex/latex/amsmath\amsbsy.st
y"
Package: amsbsy 1999/11/29 v1.2d Bold Symbols
\pmbraise@=\dimen147
)
("C:\Users\Agando\AppData\Local\Programs\MiKTeX 2.9\tex/latex/amsmath\amsopn.st
y"
Package: amsopn 2016/03/08 v2.02 operator names
)
\inf@bad=\count107
LaTeX Info: Redefining \frac on input line 223.
\uproot@=\count108
\leftroot@=\count109
LaTeX Info: Redefining \overline on input line 385.
\classnum@=\count110
\DOTSCASE@=\count111
LaTeX Info: Redefining \ldots on input line 482.
LaTeX Info: Redefining \dots on input line 485.
LaTeX Info: Redefining \cdots on input line 606.
\Mathstrutbox@=\box36
\strutbox@=\box37
\big@size=\dimen148
LaTeX Font Info:    Redeclaring font encoding OML on input line 729.
LaTeX Font Info:    Redeclaring font encoding OMS on input line 730.
\macc@depth=\count112
\c@MaxMatrixCols=\count113
\dotsspace@=\muskip10
\c@parentequation=\count114
\dspbrk@lvl=\count115
\tag@help=\toks23
\row@=\count116
\column@=\count117
\maxfields@=\count118
\andhelp@=\toks24
\eqnshift@=\dimen149
\alignsep@=\dimen150
\tagshift@=\dimen151
\tagwidth@=\dimen152
\totwidth@=\dimen153
\lineht@=\dimen154
\@envbody=\toks25
\multlinegap=\skip62
\multlinetaggap=\skip63
\mathdisplay@stack=\toks26
LaTeX Info: Redefining \[ on input line 2844.
LaTeX Info: Redefining \] on input line 2845.
)
("C:\Users\Agando\AppData\Local\Programs\MiKTeX 2.9\tex/latex/amscls\amsthm.sty
"
Package: amsthm 2017/10/31 v2.20.4
\thm@style=\toks27
\thm@bodyfont=\toks28
\thm@headfont=\toks29
\thm@notefont=\toks30
\thm@headpunct=\toks31
\thm@preskip=\skip64
\thm@postskip=\skip65
\thm@headsep=\skip66
\dth@everypar=\toks32
)
("C:\Users\Agando\AppData\Local\Programs\MiKTeX 2.9\tex/latex/amsfonts\amsfonts
.sty"
Package: amsfonts 2013/01/14 v3.01 Basic AMSFonts support
\symAMSa=\mathgroup4
\symAMSb=\mathgroup5
LaTeX Font Info:    Overwriting math alphabet `\mathfrak' in version `bold'
(Font)                  U/euf/m/n --> U/euf/b/n on input line 106.
)
("C:\Users\Agando\AppData\Local\Programs\MiKTeX 2.9\tex/latex/listings\listings
.sty"
\lst@mode=\count119
\lst@gtempboxa=\box38
\lst@token=\toks33
\lst@length=\count120
\lst@currlwidth=\dimen155
\lst@column=\count121
\lst@pos=\count122
\lst@lostspace=\dimen156
\lst@width=\dimen157
\lst@newlines=\count123
\lst@lineno=\count124
\lst@maxwidth=\dimen158

("C:\Users\Agando\AppData\Local\Programs\MiKTeX 2.9\tex/latex/listings\lstmisc.
sty"
File: lstmisc.sty 2019/02/27 1.8b (Carsten Heinz)
\c@lstnumber=\count125
\lst@skipnumbers=\count126
\lst@framebox=\box39
)
("C:\Users\Agando\AppData\Local\Programs\MiKTeX 2.9\tex/latex/listings\listings
.cfg"
File: listings.cfg 2019/02/27 1.8b listings configuration
))
Package: listings 2019/02/27 1.8b (Carsten Heinz)

("C:\Users\Agando\AppData\Local\Programs\MiKTeX 2.9\tex/latex/graphics\color.st
y"
Package: color 2016/07/10 v1.1e Standard LaTeX Color (DPC)

("C:\Users\Agando\AppData\Local\Programs\MiKTeX 2.9\tex/latex/graphics-cfg\colo
r.cfg"
File: color.cfg 2016/01/02 v1.6 sample color configuration
)
Package color Info: Driver file: pdftex.def on input line 147.
)
("C:\Users\Agando\AppData\Local\Programs\MiKTeX 2.9\tex/latex/listings\lstlang1
.sty"
File: lstlang1.sty 2019/02/27 1.8b listings language file
)
("C:\Users\Agando\AppData\Local\Programs\MiKTeX 2.9\tex/latex/setspace\setspace
.sty"
Package: setspace 2011/12/19 v6.7a set line spacing
)
("C:\Users\Agando\AppData\Local\Programs\MiKTeX 2.9\tex/latex/tcolorbox\tcolorb
ox.sty"
Package: tcolorbox 2019/03/02 version 4.20 text color boxes

("C:\Users\Agando\AppData\Local\Programs\MiKTeX 2.9\tex/latex/pgf/basiclayer\pg
f.sty"
("C:\Users\Agando\AppData\Local\Programs\MiKTeX 2.9\tex/latex/pgf/utilities\pgf
rcs.sty"
("C:\Users\Agando\AppData\Local\Programs\MiKTeX 2.9\tex/generic/pgf/utilities\p
gfutil-common.tex"
\pgfutil@everybye=\toks34
\pgfutil@tempdima=\dimen159
\pgfutil@tempdimb=\dimen160

("C:\Users\Agando\AppData\Local\Programs\MiKTeX 2.9\tex/generic/pgf/utilities\p
gfutil-common-lists.tex"))
("C:\Users\Agando\AppData\Local\Programs\MiKTeX 2.9\tex/generic/pgf/utilities\p
gfutil-latex.def"
\pgfutil@abb=\box40

("C:\Users\Agando\AppData\Local\Programs\MiKTeX 2.9\tex/latex/ms\everyshi.sty"
Package: everyshi 2001/05/15 v3.00 EveryShipout Package (MS)
))
("C:\Users\Agando\AppData\Local\Programs\MiKTeX 2.9\tex/generic/pgf/utilities\p
gfrcs.code.tex"
("C:\Users\Agando\AppData\Local\Programs\MiKTeX 2.9\tex/generic/pgf\pgf.revisio
n.tex")
Package: pgfrcs 2019/05/09 v3.1.3 (3.1.3)
))
Package: pgf 2019/05/09 v3.1.3 (3.1.3)

("C:\Users\Agando\AppData\Local\Programs\MiKTeX 2.9\tex/latex/pgf/basiclayer\pg
fcore.sty"
("C:\Users\Agando\AppData\Local\Programs\MiKTeX 2.9\tex/latex/pgf/systemlayer\p
gfsys.sty"
("C:\Users\Agando\AppData\Local\Programs\MiKTeX 2.9\tex/generic/pgf/systemlayer
\pgfsys.code.tex"
Package: pgfsys 2019/05/09 v3.1.3 (3.1.3)

("C:\Users\Agando\AppData\Local\Programs\MiKTeX 2.9\tex/generic/pgf/utilities\p
gfkeys.code.tex"
\pgfkeys@pathtoks=\toks35
\pgfkeys@temptoks=\toks36

("C:\Users\Agando\AppData\Local\Programs\MiKTeX 2.9\tex/generic/pgf/utilities\p
gfkeysfiltered.code.tex"
\pgfkeys@tmptoks=\toks37
))
\pgf@x=\dimen161
\pgf@y=\dimen162
\pgf@xa=\dimen163
\pgf@ya=\dimen164
\pgf@xb=\dimen165
\pgf@yb=\dimen166
\pgf@xc=\dimen167
\pgf@yc=\dimen168
\pgf@xd=\dimen169
\pgf@yd=\dimen170
\w@pgf@writea=\write3
\r@pgf@reada=\read1
\c@pgf@counta=\count127
\c@pgf@countb=\count128
\c@pgf@countc=\count129
\c@pgf@countd=\count130
\t@pgf@toka=\toks38
\t@pgf@tokb=\toks39
\t@pgf@tokc=\toks40
\pgf@sys@id@count=\count131

("C:\Users\Agando\AppData\Local\Programs\MiKTeX 2.9\tex/generic/pgf/systemlayer
\pgf.cfg"
File: pgf.cfg 2019/05/09 v3.1.3 (3.1.3)
)
Driver file for pgf: pgfsys-pdftex.def

("C:\Users\Agando\AppData\Local\Programs\MiKTeX 2.9\tex/generic/pgf/systemlayer
\pgfsys-pdftex.def"
File: pgfsys-pdftex.def 2019/05/09 v3.1.3 (3.1.3)

("C:\Users\Agando\AppData\Local\Programs\MiKTeX 2.9\tex/generic/pgf/systemlayer
\pgfsys-common-pdf.def"
File: pgfsys-common-pdf.def 2019/05/09 v3.1.3 (3.1.3)
)))
("C:\Users\Agando\AppData\Local\Programs\MiKTeX 2.9\tex/generic/pgf/systemlayer
\pgfsyssoftpath.code.tex"
File: pgfsyssoftpath.code.tex 2019/05/09 v3.1.3 (3.1.3)
\pgfsyssoftpath@smallbuffer@items=\count132
\pgfsyssoftpath@bigbuffer@items=\count133
)
("C:\Users\Agando\AppData\Local\Programs\MiKTeX 2.9\tex/generic/pgf/systemlayer
\pgfsysprotocol.code.tex"
File: pgfsysprotocol.code.tex 2019/05/09 v3.1.3 (3.1.3)
))
("C:\Users\Agando\AppData\Local\Programs\MiKTeX 2.9\tex/latex/xcolor\xcolor.sty
"
Package: xcolor 2016/05/11 v2.12 LaTeX color extensions (UK)

("C:\Users\Agando\AppData\Local\Programs\MiKTeX 2.9\tex/latex/graphics-cfg\colo
r.cfg"
File: color.cfg 2016/01/02 v1.6 sample color configuration
)
Package xcolor Info: Driver file: pdftex.def on input line 225.
LaTeX Info: Redefining \color on input line 709.
Package xcolor Info: Model `cmy' substituted by `cmy0' on input line 1348.
Package xcolor Info: Model `hsb' substituted by `rgb' on input line 1352.
Package xcolor Info: Model `RGB' extended on input line 1364.
Package xcolor Info: Model `HTML' substituted by `rgb' on input line 1366.
Package xcolor Info: Model `Hsb' substituted by `hsb' on input line 1367.
Package xcolor Info: Model `tHsb' substituted by `hsb' on input line 1368.
Package xcolor Info: Model `HSB' substituted by `hsb' on input line 1369.
Package xcolor Info: Model `Gray' substituted by `gray' on input line 1370.
Package xcolor Info: Model `wave' substituted by `hsb' on input line 1371.
)
("C:\Users\Agando\AppData\Local\Programs\MiKTeX 2.9\tex/generic/pgf/basiclayer\
pgfcore.code.tex"
Package: pgfcore 2019/05/09 v3.1.3 (3.1.3)

("C:\Users\Agando\AppData\Local\Programs\MiKTeX 2.9\tex/generic/pgf/math\pgfmat
h.code.tex"
("C:\Users\Agando\AppData\Local\Programs\MiKTeX 2.9\tex/generic/pgf/math\pgfmat
hcalc.code.tex"
("C:\Users\Agando\AppData\Local\Programs\MiKTeX 2.9\tex/generic/pgf/math\pgfmat
hutil.code.tex")
("C:\Users\Agando\AppData\Local\Programs\MiKTeX 2.9\tex/generic/pgf/math\pgfmat
hparser.code.tex"
\pgfmath@dimen=\dimen171
\pgfmath@count=\count134
\pgfmath@box=\box41
\pgfmath@toks=\toks41
\pgfmath@stack@operand=\toks42
\pgfmath@stack@operation=\toks43
)
("C:\Users\Agando\AppData\Local\Programs\MiKTeX 2.9\tex/generic/pgf/math\pgfmat
hfunctions.code.tex"
("C:\Users\Agando\AppData\Local\Programs\MiKTeX 2.9\tex/generic/pgf/math\pgfmat
hfunctions.basic.code.tex")
("C:\Users\Agando\AppData\Local\Programs\MiKTeX 2.9\tex/generic/pgf/math\pgfmat
hfunctions.trigonometric.code.tex")
("C:\Users\Agando\AppData\Local\Programs\MiKTeX 2.9\tex/generic/pgf/math\pgfmat
hfunctions.random.code.tex")
("C:\Users\Agando\AppData\Local\Programs\MiKTeX 2.9\tex/generic/pgf/math\pgfmat
hfunctions.comparison.code.tex")
("C:\Users\Agando\AppData\Local\Programs\MiKTeX 2.9\tex/generic/pgf/math\pgfmat
hfunctions.base.code.tex")
("C:\Users\Agando\AppData\Local\Programs\MiKTeX 2.9\tex/generic/pgf/math\pgfmat
hfunctions.round.code.tex")
("C:\Users\Agando\AppData\Local\Programs\MiKTeX 2.9\tex/generic/pgf/math\pgfmat
hfunctions.misc.code.tex")
("C:\Users\Agando\AppData\Local\Programs\MiKTeX 2.9\tex/generic/pgf/math\pgfmat
hfunctions.integerarithmetics.code.tex")))
("C:\Users\Agando\AppData\Local\Programs\MiKTeX 2.9\tex/generic/pgf/math\pgfmat
hfloat.code.tex"
\c@pgfmathroundto@lastzeros=\count135
))
("C:\Users\Agando\AppData\Local\Programs\MiKTeX 2.9\tex/generic/pgf/math\pgfint
.code.tex")
("C:\Users\Agando\AppData\Local\Programs\MiKTeX 2.9\tex/generic/pgf/basiclayer\
pgfcorepoints.code.tex"
File: pgfcorepoints.code.tex 2019/05/09 v3.1.3 (3.1.3)
\pgf@picminx=\dimen172
\pgf@picmaxx=\dimen173
\pgf@picminy=\dimen174
\pgf@picmaxy=\dimen175
\pgf@pathminx=\dimen176
\pgf@pathmaxx=\dimen177
\pgf@pathminy=\dimen178
\pgf@pathmaxy=\dimen179
\pgf@xx=\dimen180
\pgf@xy=\dimen181
\pgf@yx=\dimen182
\pgf@yy=\dimen183
\pgf@zx=\dimen184
\pgf@zy=\dimen185
)
("C:\Users\Agando\AppData\Local\Programs\MiKTeX 2.9\tex/generic/pgf/basiclayer\
pgfcorepathconstruct.code.tex"
File: pgfcorepathconstruct.code.tex 2019/05/09 v3.1.3 (3.1.3)
\pgf@path@lastx=\dimen186
\pgf@path@lasty=\dimen187
)
("C:\Users\Agando\AppData\Local\Programs\MiKTeX 2.9\tex/generic/pgf/basiclayer\
pgfcorepathusage.code.tex"
File: pgfcorepathusage.code.tex 2019/05/09 v3.1.3 (3.1.3)
\pgf@shorten@end@additional=\dimen188
\pgf@shorten@start@additional=\dimen189
)
("C:\Users\Agando\AppData\Local\Programs\MiKTeX 2.9\tex/generic/pgf/basiclayer\
pgfcorescopes.code.tex"
File: pgfcorescopes.code.tex 2019/05/09 v3.1.3 (3.1.3)
\pgfpic=\box42
\pgf@hbox=\box43
\pgf@layerbox@main=\box44
\pgf@picture@serial@count=\count136
)
("C:\Users\Agando\AppData\Local\Programs\MiKTeX 2.9\tex/generic/pgf/basiclayer\
pgfcoregraphicstate.code.tex"
File: pgfcoregraphicstate.code.tex 2019/05/09 v3.1.3 (3.1.3)
\pgflinewidth=\dimen190
)
("C:\Users\Agando\AppData\Local\Programs\MiKTeX 2.9\tex/generic/pgf/basiclayer\
pgfcoretransformations.code.tex"
File: pgfcoretransformations.code.tex 2019/05/09 v3.1.3 (3.1.3)
\pgf@pt@x=\dimen191
\pgf@pt@y=\dimen192
\pgf@pt@temp=\dimen193
)
("C:\Users\Agando\AppData\Local\Programs\MiKTeX 2.9\tex/generic/pgf/basiclayer\
pgfcorequick.code.tex"
File: pgfcorequick.code.tex 2019/05/09 v3.1.3 (3.1.3)
)
("C:\Users\Agando\AppData\Local\Programs\MiKTeX 2.9\tex/generic/pgf/basiclayer\
pgfcoreobjects.code.tex"
File: pgfcoreobjects.code.tex 2019/05/09 v3.1.3 (3.1.3)
)
("C:\Users\Agando\AppData\Local\Programs\MiKTeX 2.9\tex/generic/pgf/basiclayer\
pgfcorepathprocessing.code.tex"
File: pgfcorepathprocessing.code.tex 2019/05/09 v3.1.3 (3.1.3)
)
("C:\Users\Agando\AppData\Local\Programs\MiKTeX 2.9\tex/generic/pgf/basiclayer\
pgfcorearrows.code.tex"
File: pgfcorearrows.code.tex 2019/05/09 v3.1.3 (3.1.3)
\pgfarrowsep=\dimen194
)
("C:\Users\Agando\AppData\Local\Programs\MiKTeX 2.9\tex/generic/pgf/basiclayer\
pgfcoreshade.code.tex"
File: pgfcoreshade.code.tex 2019/05/09 v3.1.3 (3.1.3)
\pgf@max=\dimen195
\pgf@sys@shading@range@num=\count137
\pgf@shadingcount=\count138
)
("C:\Users\Agando\AppData\Local\Programs\MiKTeX 2.9\tex/generic/pgf/basiclayer\
pgfcoreimage.code.tex"
File: pgfcoreimage.code.tex 2019/05/09 v3.1.3 (3.1.3)

("C:\Users\Agando\AppData\Local\Programs\MiKTeX 2.9\tex/generic/pgf/basiclayer\
pgfcoreexternal.code.tex"
File: pgfcoreexternal.code.tex 2019/05/09 v3.1.3 (3.1.3)
\pgfexternal@startupbox=\box45
))
("C:\Users\Agando\AppData\Local\Programs\MiKTeX 2.9\tex/generic/pgf/basiclayer\
pgfcorelayers.code.tex"
File: pgfcorelayers.code.tex 2019/05/09 v3.1.3 (3.1.3)
)
("C:\Users\Agando\AppData\Local\Programs\MiKTeX 2.9\tex/generic/pgf/basiclayer\
pgfcoretransparency.code.tex"
File: pgfcoretransparency.code.tex 2019/05/09 v3.1.3 (3.1.3)
)
("C:\Users\Agando\AppData\Local\Programs\MiKTeX 2.9\tex/generic/pgf/basiclayer\
pgfcorepatterns.code.tex"
File: pgfcorepatterns.code.tex 2019/05/09 v3.1.3 (3.1.3)
)
("C:\Users\Agando\AppData\Local\Programs\MiKTeX 2.9\tex/generic/pgf/basiclayer\
pgfcorerdf.code.tex"
File: pgfcorerdf.code.tex 2019/05/09 v3.1.3 (3.1.3)
)))
("C:\Users\Agando\AppData\Local\Programs\MiKTeX 2.9\tex/generic/pgf/modules\pgf
moduleshapes.code.tex"
File: pgfmoduleshapes.code.tex 2019/05/09 v3.1.3 (3.1.3)
\pgfnodeparttextbox=\box46
)
("C:\Users\Agando\AppData\Local\Programs\MiKTeX 2.9\tex/generic/pgf/modules\pgf
moduleplot.code.tex"
File: pgfmoduleplot.code.tex 2019/05/09 v3.1.3 (3.1.3)
)
("C:\Users\Agando\AppData\Local\Programs\MiKTeX 2.9\tex/latex/pgf/compatibility
\pgfcomp-version-0-65.sty"
Package: pgfcomp-version-0-65 2019/05/09 v3.1.3 (3.1.3)
\pgf@nodesepstart=\dimen196
\pgf@nodesepend=\dimen197
)
("C:\Users\Agando\AppData\Local\Programs\MiKTeX 2.9\tex/latex/pgf/compatibility
\pgfcomp-version-1-18.sty"
Package: pgfcomp-version-1-18 2019/05/09 v3.1.3 (3.1.3)
))
("C:\Users\Agando\AppData\Local\Programs\MiKTeX 2.9\tex/latex/tools\verbatim.st
y"
Package: verbatim 2014/10/28 v1.5q LaTeX2e package for verbatim enhancements
\every@verbatim=\toks44
\verbatim@line=\toks45
\verbatim@in@stream=\read2
)
("C:\Users\Agando\AppData\Local\Programs\MiKTeX 2.9\tex/latex/environ\environ.s
ty"
Package: environ 2014/05/04 v0.3 A new way to define environments

("C:\Users\Agando\AppData\Local\Programs\MiKTeX 2.9\tex/latex/trimspaces\trimsp
aces.sty"
Package: trimspaces 2009/09/17 v1.1 Trim spaces around a token list
))
("C:\Users\Agando\AppData\Local\Programs\MiKTeX 2.9\tex/latex/etoolbox\etoolbox
.sty"
Package: etoolbox 2018/08/19 v2.5f e-TeX tools for LaTeX (JAW)
\etb@tempcnta=\count139
)
\tcb@titlebox=\box47
\tcb@upperbox=\box48
\tcb@lowerbox=\box49
\tcb@phantombox=\box50
\c@tcbbreakpart=\count140
\c@tcblayer=\count141
\tcolorbox@number=\count142
\tcb@temp=\box51
\tcb@temp=\box52
\tcb@temp=\box53
\tcb@temp=\box54
\tcb@out=\write4
\tcb@record@out=\write5
)
("C:\Users\Agando\AppData\Local\Programs\MiKTeX 2.9\tex/latex/hyperref\hyperref
.sty"
Package: hyperref 2018/11/30 v6.88e Hypertext links for LaTeX

("C:\Users\Agando\AppData\Local\Programs\MiKTeX 2.9\tex/generic/oberdiek\hobsub
-hyperref.sty"
Package: hobsub-hyperref 2016/05/16 v1.14 Bundle oberdiek, subset hyperref (HO)


("C:\Users\Agando\AppData\Local\Programs\MiKTeX 2.9\tex/generic/oberdiek\hobsub
-generic.sty"
Package: hobsub-generic 2016/05/16 v1.14 Bundle oberdiek, subset generic (HO)
Package: hobsub 2016/05/16 v1.14 Construct package bundles (HO)
Package hobsub Info: Skipping package `infwarerr' (already loaded).
Package hobsub Info: Skipping package `ltxcmds' (already loaded).
Package hobsub Info: Skipping package `ifluatex' (already loaded).
Package hobsub Info: Skipping package `ifvtex' (already loaded).
Package: intcalc 2016/05/16 v1.2 Expandable calculations with integers (HO)
Package hobsub Info: Skipping package `ifpdf' (already loaded).
Package hobsub Info: Skipping package `etexcmds' (already loaded).
Package hobsub Info: Skipping package `kvsetkeys' (already loaded).
Package hobsub Info: Skipping package `kvdefinekeys' (already loaded).
Package hobsub Info: Skipping package `pdftexcmds' (already loaded).
Package: pdfescape 2016/05/16 v1.14 Implements pdfTeX's escape features (HO)
Package: bigintcalc 2016/05/16 v1.4 Expandable calculations on big integers (HO
)
Package: bitset 2016/05/16 v1.2 Handle bit-vector datatype (HO)
Package: uniquecounter 2016/05/16 v1.3 Provide unlimited unique counter (HO)
)
Package hobsub Info: Skipping package `hobsub' (already loaded).
Package: letltxmacro 2016/05/16 v1.5 Let assignment for LaTeX macros (HO)
Package: hopatch 2016/05/16 v1.3 Wrapper for package hooks (HO)
Package: xcolor-patch 2016/05/16 xcolor patch
Package: atveryend 2016/05/16 v1.9 Hooks at the very end of document (HO)
Package: atbegshi 2016/06/09 v1.18 At begin shipout hook (HO)
Package: refcount 2016/05/16 v3.5 Data extraction from label references (HO)
Package: hycolor 2016/05/16 v1.8 Color options for hyperref/bookmark (HO)
)
("C:\Users\Agando\AppData\Local\Programs\MiKTeX 2.9\tex/latex/oberdiek\auxhook.
sty"
Package: auxhook 2016/05/16 v1.4 Hooks for auxiliary files (HO)
)
\@linkdim=\dimen198
\Hy@linkcounter=\count143
\Hy@pagecounter=\count144

("C:\Users\Agando\AppData\Local\Programs\MiKTeX 2.9\tex/latex/hyperref\pd1enc.d
ef"
File: pd1enc.def 2018/11/30 v6.88e Hyperref: PDFDocEncoding definition (HO)
Now handling font encoding PD1 ...
... no UTF-8 mapping file for font encoding PD1
)
\Hy@SavedSpaceFactor=\count145

("C:\Users\Agando\AppData\Local\Programs\MiKTeX 2.9\tex/latex/00miktex\hyperref
.cfg"
File: hyperref.cfg 2002/06/06 v1.2 hyperref configuration of TeXLive
)
Package hyperref Info: Option `colorlinks' set `true' on input line 4393.
Package hyperref Info: Option `pdfpagelabels' set `true' on input line 4393.
Package hyperref Info: Option `bookmarksopen' set `true' on input line 4393.
Package hyperref Info: Option `bookmarksnumbered' set `true' on input line 4393
.
Package hyperref Info: Option `plainpages' set `false' on input line 4393.
Package hyperref Info: Option `hypertexnames' set `false' on input line 4393.
Package hyperref Info: Hyper figures OFF on input line 4519.
Package hyperref Info: Link nesting OFF on input line 4524.
Package hyperref Info: Hyper index ON on input line 4527.
Package hyperref Info: Plain pages OFF on input line 4534.
Package hyperref Info: Backreferencing OFF on input line 4539.
Package hyperref Info: Implicit mode ON; LaTeX internals redefined.
Package hyperref Info: Bookmarks ON on input line 4772.
\c@Hy@tempcnt=\count146
 ("C:\Users\Agando\AppData\Local\Programs\MiKTeX 2.9\tex/latex/url\url.sty"
\Urlmuskip=\muskip11
Package: url 2013/09/16  ver 3.4  Verb mode for urls, etc.
)
LaTeX Info: Redefining \url on input line 5125.
\XeTeXLinkMargin=\dimen199
\Fld@menulength=\count147
\Field@Width=\dimen256
\Fld@charsize=\dimen257
Package hyperref Info: Hyper figures OFF on input line 6380.
Package hyperref Info: Link nesting OFF on input line 6385.
Package hyperref Info: Hyper index ON on input line 6388.
Package hyperref Info: backreferencing OFF on input line 6395.
Package hyperref Info: Link coloring ON on input line 6398.
Package hyperref Info: Link coloring with OCG OFF on input line 6405.
Package hyperref Info: PDF/A mode OFF on input line 6410.
LaTeX Info: Redefining \ref on input line 6450.
LaTeX Info: Redefining \pageref on input line 6454.
\Hy@abspage=\count148
\c@Item=\count149
\c@Hfootnote=\count150
)
Package hyperref Info: Driver (autodetected): hpdftex.

("C:\Users\Agando\AppData\Local\Programs\MiKTeX 2.9\tex/latex/hyperref\hpdftex.
def"
File: hpdftex.def 2018/11/30 v6.88e Hyperref driver for pdfTeX
\Fld@listcount=\count151
\c@bookmark@seq@number=\count152

("C:\Users\Agando\AppData\Local\Programs\MiKTeX 2.9\tex/latex/oberdiek\rerunfil
echeck.sty"
Package: rerunfilecheck 2016/05/16 v1.8 Rerun checks for auxiliary files (HO)
Package uniquecounter Info: New unique counter `rerunfilecheck' on input line 2
82.
)
\Hy@SectionHShift=\skip67
)
("C:\Users\Agando\AppData\Local\Programs\MiKTeX 2.9\tex/latex/csquotes\csquotes
.sty"
Package: csquotes 2019/05/10 v5.2e context-sensitive quotations (JAW)
\csq@reset=\count153
\csq@gtype=\count154
\csq@glevel=\count155
\csq@qlevel=\count156
\csq@maxlvl=\count157
\csq@tshold=\count158
\csq@ltx@everypar=\toks46

("C:\Users\Agando\AppData\Local\Programs\MiKTeX 2.9\tex/latex/csquotes\csquotes
.def"
File: csquotes.def 2019/05/10 v5.2e csquotes generic definitions (JAW)
)
Package csquotes Info: Trying to load configuration file 'csquotes.cfg'...
Package csquotes Info: ... configuration file loaded successfully.

("C:\Users\Agando\AppData\Local\Programs\MiKTeX 2.9\tex/latex/csquotes\csquotes
.cfg"
File: csquotes.cfg 
))
("C:\Users\Agando\AppData\Local\Programs\MiKTeX 2.9\tex/latex/biblatex\biblatex
.sty"
Package: biblatex 2018/11/02 v3.12 programmable bibliographies (PK/MW)

("C:\Users\Agando\AppData\Local\Programs\MiKTeX 2.9\tex/latex/logreq\logreq.sty
"
Package: logreq 2010/08/04 v1.0 xml request logger
\lrq@indent=\count159

("C:\Users\Agando\AppData\Local\Programs\MiKTeX 2.9\tex/latex/logreq\logreq.def
"
File: logreq.def 2010/08/04 v1.0 logreq spec v1.0
))
("C:\Users\Agando\AppData\Local\Programs\MiKTeX 2.9\tex/latex/base\ifthen.sty"
Package: ifthen 2014/09/29 v1.1c Standard LaTeX ifthen package (DPC)
)
\c@tabx@nest=\count160
\c@listtotal=\count161
\c@listcount=\count162
\c@liststart=\count163
\c@liststop=\count164
\c@citecount=\count165
\c@citetotal=\count166
\c@multicitecount=\count167
\c@multicitetotal=\count168
\c@instcount=\count169
\c@maxnames=\count170
\c@minnames=\count171
\c@maxitems=\count172
\c@minitems=\count173
\c@citecounter=\count174
\c@maxcitecounter=\count175
\c@savedcitecounter=\count176
\c@uniquelist=\count177
\c@uniquename=\count178
\c@refsection=\count179
\c@refsegment=\count180
\c@maxextratitle=\count181
\c@maxextratitleyear=\count182
\c@maxextraname=\count183
\c@maxextradate=\count184
\c@maxextraalpha=\count185
\c@abbrvpenalty=\count186
\c@highnamepenalty=\count187
\c@lownamepenalty=\count188
\c@maxparens=\count189
\c@parenlevel=\count190
\blx@tempcnta=\count191
\blx@tempcntb=\count192
\blx@tempcntc=\count193
\blx@maxsection=\count194
\blx@maxsegment@0=\count195
\blx@notetype=\count196
\blx@parenlevel@text=\count197
\blx@parenlevel@foot=\count198
\blx@sectionciteorder@0=\count199
\blx@entrysetcounter=\count266
\labelnumberwidth=\skip68
\labelalphawidth=\skip69
\biblabelsep=\skip70
\bibitemsep=\skip71
\bibnamesep=\skip72
\bibinitsep=\skip73
\bibparsep=\skip74
\bibhang=\skip75
\blx@bcfin=\read3
\blx@bcfout=\write6
\c@mincomprange=\count267
\c@maxcomprange=\count268
\c@mincompwidth=\count269
Package biblatex Info: Trying to load biblatex default data model...
Package biblatex Info: ... file 'blx-dm.def' found.

("C:\Users\Agando\AppData\Local\Programs\MiKTeX 2.9\tex/latex/biblatex\blx-dm.d
ef"
File: blx-dm.def 2018/11/02 v3.12 biblatex localization (PK/MW)
)
Package biblatex Info: Trying to load biblatex style data model...
Package biblatex Info: ... file 'alphabetic.dbx' not found.
Package biblatex Info: Trying to load biblatex custom data model...
Package biblatex Info: ... file 'biblatex-dm.cfg' not found.
\c@afterword=\count270
\c@savedafterword=\count271
\c@annotator=\count272
\c@savedannotator=\count273
\c@author=\count274
\c@savedauthor=\count275
\c@bookauthor=\count276
\c@savedbookauthor=\count277
\c@commentator=\count278
\c@savedcommentator=\count279
\c@editor=\count280
\c@savededitor=\count281
\c@editora=\count282
\c@savededitora=\count283
\c@editorb=\count284
\c@savededitorb=\count285
\c@editorc=\count286
\c@savededitorc=\count287
\c@foreword=\count288
\c@savedforeword=\count289
\c@holder=\count290
\c@savedholder=\count291
\c@introduction=\count292
\c@savedintroduction=\count293
\c@namea=\count294
\c@savednamea=\count295
\c@nameb=\count296
\c@savednameb=\count297
\c@namec=\count298
\c@savednamec=\count299
\c@translator=\count300
\c@savedtranslator=\count301
\c@shortauthor=\count302
\c@savedshortauthor=\count303
\c@shorteditor=\count304
\c@savedshorteditor=\count305
\c@labelname=\count306
\c@savedlabelname=\count307
\c@institution=\count308
\c@savedinstitution=\count309
\c@lista=\count310
\c@savedlista=\count311
\c@listb=\count312
\c@savedlistb=\count313
\c@listc=\count314
\c@savedlistc=\count315
\c@listd=\count316
\c@savedlistd=\count317
\c@liste=\count318
\c@savedliste=\count319
\c@listf=\count320
\c@savedlistf=\count321
\c@location=\count322
\c@savedlocation=\count323
\c@organization=\count324
\c@savedorganization=\count325
\c@origlocation=\count326
\c@savedoriglocation=\count327
\c@origpublisher=\count328
\c@savedorigpublisher=\count329
\c@publisher=\count330
\c@savedpublisher=\count331
\c@language=\count332
\c@savedlanguage=\count333
\c@origlanguage=\count334
\c@savedoriglanguage=\count335
\c@pageref=\count336
\c@savedpageref=\count337
\shorthandwidth=\skip76
\shortjournalwidth=\skip77
\shortserieswidth=\skip78
\shorttitlewidth=\skip79
\shortauthorwidth=\skip80
\shorteditorwidth=\skip81
\locallabelnumberwidth=\skip82
\locallabelalphawidth=\skip83
\localshorthandwidth=\skip84
\localshortjournalwidth=\skip85
\localshortserieswidth=\skip86
\localshorttitlewidth=\skip87
\localshortauthorwidth=\skip88
\localshorteditorwidth=\skip89
Package biblatex Info: Trying to load compatibility code...
Package biblatex Info: ... file 'blx-compat.def' found.

("C:\Users\Agando\AppData\Local\Programs\MiKTeX 2.9\tex/latex/biblatex\blx-comp
at.def"
File: blx-compat.def 2018/11/02 v3.12 biblatex compatibility (PK/MW)
)
Package biblatex Info: Trying to load BibTeX backend compatibility...
Package biblatex Info: ... file 'blx-bibtex.def' found.

("C:\Users\Agando\AppData\Local\Programs\MiKTeX 2.9\tex/latex/biblatex\blx-bibt
ex.def"
File: blx-bibtex.def 2018/11/02 v3.12 biblatex compatibility (PK/MW)


Package biblatex Warning: Using fall-back BibTeX(8) backend:
(biblatex)                functionality may be reduced/unavailable.

)
Package biblatex Info: Trying to load generic definitions...
Package biblatex Info: ... file 'biblatex.def' found.

("C:\Users\Agando\AppData\Local\Programs\MiKTeX 2.9\tex/latex/biblatex\biblatex
.def"
File: biblatex.def 2018/11/02 v3.12 biblatex compatibility (PK/MW)
\c@textcitecount=\count338
\c@textcitetotal=\count339
\c@textcitemaxnames=\count340
\c@biburlnumpenalty=\count341
\c@biburlucpenalty=\count342
\c@biburllcpenalty=\count343
\c@smartand=\count344
)
Package biblatex Info: Trying to load bibliography style 'alphabetic'...
Package biblatex Info: ... file 'alphabetic.bbx' found.

("C:\Users\Agando\AppData\Local\Programs\MiKTeX 2.9\tex/latex/biblatex/bbx\alph
abetic.bbx"
File: alphabetic.bbx 2018/11/02 v3.12 biblatex bibliography style (PK/MW)
Package biblatex Info: Trying to load bibliography style 'standard'...
Package biblatex Info: ... file 'standard.bbx' found.

("C:\Users\Agando\AppData\Local\Programs\MiKTeX 2.9\tex/latex/biblatex/bbx\stan
dard.bbx"
File: standard.bbx 2018/11/02 v3.12 biblatex bibliography style (PK/MW)
\c@bbx:relatedcount=\count345
\c@bbx:relatedtotal=\count346
))
Package biblatex Info: Trying to load citation style 'alphabetic'...
Package biblatex Info: ... file 'alphabetic.cbx' found.

("C:\Users\Agando\AppData\Local\Programs\MiKTeX 2.9\tex/latex/biblatex/cbx\alph
abetic.cbx"
File: alphabetic.cbx 2018/11/02 v3.12 biblatex citation style (PK/MW)
Package biblatex Info: Redefining '\cite'.
Package biblatex Info: Redefining '\parencite'.
Package biblatex Info: Redefining '\footcite'.
Package biblatex Info: Redefining '\footcitetext'.
Package biblatex Info: Redefining '\smartcite'.
Package biblatex Info: Redefining '\textcite'.
Package biblatex Info: Redefining '\textcites'.
Package biblatex Info: Redefining '\cites'.
Package biblatex Info: Redefining '\parencites'.
Package biblatex Info: Redefining '\smartcites'.
)
Package biblatex Info: Trying to load configuration file...
Package biblatex Info: ... file 'biblatex.cfg' found.

("C:\Users\Agando\AppData\Local\Programs\MiKTeX 2.9\tex/latex/biblatex\biblatex
.cfg"
File: biblatex.cfg 
))
Package csquotes Info: Checking for multilingual support...
Package csquotes Info: ... found 'babel' package.
Package csquotes Info: Adjusting default style.
Package csquotes Info: Redefining alias 'default' -> 'ngerman'.
Package biblatex Info: Trying to load language 'ngerman'...
Package biblatex Info: ... file 'ngerman.lbx' found.

("C:\Users\Agando\AppData\Local\Programs\MiKTeX 2.9\tex/latex/biblatex/lbx\nger
man.lbx"
File: ngerman.lbx 2018/11/02 v3.12 biblatex localization (PK/MW)
Package biblatex Info: Trying to load language 'german'...
Package biblatex Info: ... file 'german.lbx' found.

("C:\Users\Agando\AppData\Local\Programs\MiKTeX 2.9\tex/latex/biblatex/lbx\germ
an.lbx"
File: german.lbx 2018/11/02 v3.12 biblatex localization (PK/MW)
)
Package biblatex Info: Trying to load language 'german'...
Package biblatex Info: ... file 'german.lbx' found.

("C:\Users\Agando\AppData\Local\Programs\MiKTeX 2.9\tex/latex/biblatex/lbx\germ
an.lbx"
File: german.lbx 2018/11/02 v3.12 biblatex localization (PK/MW)
)) ("Bachelorarbeit Dokumentation.aux")
\openout1 = `"Bachelorarbeit Dokumentation.aux"'.

LaTeX Font Info:    Checking defaults for OML/cmm/m/it on input line 182.
LaTeX Font Info:    ... okay on input line 182.
LaTeX Font Info:    Checking defaults for T1/cmr/m/n on input line 182.
LaTeX Font Info:    ... okay on input line 182.
LaTeX Font Info:    Checking defaults for OT1/cmr/m/n on input line 182.
LaTeX Font Info:    ... okay on input line 182.
LaTeX Font Info:    Checking defaults for OMS/cmsy/m/n on input line 182.
LaTeX Font Info:    ... okay on input line 182.
LaTeX Font Info:    Checking defaults for OMX/cmex/m/n on input line 182.
LaTeX Font Info:    ... okay on input line 182.
LaTeX Font Info:    Checking defaults for U/cmr/m/n on input line 182.
LaTeX Font Info:    ... okay on input line 182.
LaTeX Font Info:    Checking defaults for PD1/pdf/m/n on input line 182.
LaTeX Font Info:    ... okay on input line 182.
LaTeX Font Info:    Try loading font information for T1+lmr on input line 182.

("C:\Users\Agando\AppData\Local\Programs\MiKTeX 2.9\tex/latex/lm\t1lmr.fd"
File: t1lmr.fd 2009/10/30 v1.6 Font defs for Latin Modern
)
Package caption Info: Begin \AtBeginDocument code.
Package caption Info: hyperref package is loaded.
Package caption Info: listings package is loaded.
Package caption Info: longtable package is loaded.

("C:\Users\Agando\AppData\Local\Programs\MiKTeX 2.9\tex/latex/caption\ltcaption
.sty"
Package: ltcaption 2018/08/26 v1.4-95 longtable captions (AR)
)
Package caption Info: End \AtBeginDocument code.

("C:\Users\Agando\AppData\Local\Programs\MiKTeX 2.9\tex/context/base/mkii\supp-
pdf.mkii"
[Loading MPS to PDF converter (version 2006.09.02).]
\scratchcounter=\count347
\scratchdimen=\dimen258
\scratchbox=\box55
\nofMPsegments=\count348
\nofMParguments=\count349
\everyMPshowfont=\toks47
\MPscratchCnt=\count350
\MPscratchDim=\dimen259
\MPnumerator=\count351
\makeMPintoPDFobject=\count352
\everyMPtoPDFconversion=\toks48
)
*geometry* driver: auto-detecting
*geometry* detected driver: pdftex
*geometry* verbose mode - [ preamble ] result:
* driver: pdftex
* paper: a4paper
* layout: <same size as paper>
* layoutoffset:(h,v)=(0.0pt,0.0pt)
* modes: includehead includefoot 
* h-part:(L,W,R)=(85.35826pt, 455.24411pt, 56.9055pt)
* v-part:(T,H,B)=(42.67912pt, 773.91498pt, 28.45274pt)
* \paperwidth=597.50787pt
* \paperheight=845.04684pt
* \textwidth=455.24411pt
* \textheight=702.41049pt
* \oddsidemargin=13.08827pt
* \evensidemargin=13.08827pt
* \topmargin=-29.59087pt
* \headheight=14.599pt
* \headsep=28.45274pt
* \topskip=12.0pt
* \footskip=28.45274pt
* \marginparwidth=35.0pt
* \marginparsep=10.0pt
* \columnsep=10.0pt
* \skip\footins=10.8pt plus 4.0pt minus 2.0pt
* \hoffset=0.0pt
* \voffset=0.0pt
* \mag=1000
* \@twocolumnfalse
* \@twosidefalse
* \@mparswitchfalse
* \@reversemarginfalse
* (1in=72.27pt=25.4mm, 1cm=28.453pt)

\c@lstlisting=\count353
ABD: EveryShipout initializing macros
\AtBeginShipoutBox=\box56
Package hyperref Info: Link coloring ON on input line 182.

("C:\Users\Agando\AppData\Local\Programs\MiKTeX 2.9\tex/latex/hyperref\nameref.
sty"
Package: nameref 2016/05/21 v2.44 Cross-referencing by name of section

("C:\Users\Agando\AppData\Local\Programs\MiKTeX 2.9\tex/generic/oberdiek\gettit
lestring.sty"
Package: gettitlestring 2016/05/16 v1.5 Cleanup title references (HO)
)
\c@section@level=\count354
)
LaTeX Info: Redefining \ref on input line 182.
LaTeX Info: Redefining \pageref on input line 182.
LaTeX Info: Redefining \nameref on input line 182.
 ("Bachelorarbeit Dokumentation.out")
("Bachelorarbeit Dokumentation.out")
\@outlinefile=\write7
\openout7 = `"Bachelorarbeit Dokumentation.out"'.

Package biblatex Info: Input encoding 'utf8' detected.
Package biblatex Info: Automatic encoding selection.
(biblatex)             Assuming data encoding 'utf8'.
Package biblatex Info: Input encoding 'utf8' specified.
Package biblatex Info: Data encoding 'utf8' specified.
(biblatex)             No need to reencode data.
\openout6 = `Bachelorarbeit_Dokumentation-blx.bib'.

Package biblatex Info: Trying to load bibliographic data...
Package biblatex Info: ... file '"Bachelorarbeit Dokumentation".bbl' found.
 ("Bachelorarbeit Dokumentation.bbl"

Package biblatex Warning: BibTeX reported the following issues
(biblatex)                with 'bistra2018pic':
(biblatex)                - Invalid format of field 'month'.


Package biblatex Warning: BibTeX reported the following issues
(biblatex)                with 'common2018data':
(biblatex)                - Invalid format of field 'month'.


Package biblatex Warning: BibTeX reported the following issues
(biblatex)                with 'neuron2018UoC':
(biblatex)                - Invalid format of field 'month'.


Package biblatex Warning: BibTeX reported the following issues
(biblatex)                with 'Alpha2016GO':
(biblatex)                - Invalid format of field 'month'.


Package biblatex Warning: BibTeX reported the following issues
(biblatex)                with 'histogram2012equalisation':
(biblatex)                - Invalid format of field 'month'.


Package biblatex Warning: BibTeX reported the following issues
(biblatex)                with 'KhoslaYaoJayadevaprakashFeiFei_FGVC2011':
(biblatex)                - Invalid format of field 'month'.


Package biblatex Warning: BibTeX reported the following issues
(biblatex)                with 'google2018tens':
(biblatex)                - Invalid format of field 'month'.


Package biblatex Warning: BibTeX reported the following issues
(biblatex)                with 'convolutional2019layer':
(biblatex)                - Invalid format of field 'month'.


Package biblatex Warning: BibTeX reported the following issues
(biblatex)                with 'labelimg2019':
(biblatex)                - Invalid format of field 'month'.


Package biblatex Warning: BibTeX reported the following issues
(biblatex)                with 'pooling2018layer':
(biblatex)                - Invalid format of field 'month'.


Package biblatex Warning: BibTeX reported the following issues
(biblatex)                with 'perzeptron2019':
(biblatex)                - Invalid format of field 'month'.

)
Package biblatex Info: Reference section=0 on input line 182.
Package biblatex Info: Reference segment=0 on input line 182.
Package epstopdf Info: Source file: <Sources/logo_TH-Koeln_CMYK_22pt.eps>
(epstopdf)                    date: 2019-07-04 22:15:38
(epstopdf)                    size: 531878 bytes
(epstopdf)             Output file: <Sources/logo_TH-Koeln_CMYK_22pt-eps-conver
ted-to.pdf>
(epstopdf)                    date: 2019-07-04 22:15:38
(epstopdf)                    size: 25875 bytes
(epstopdf)             Command: <epstopdf --outfile=Sources/logo_TH-Koeln_CMYK_
22pt-eps-converted-to.pdf Sources/logo_TH-Koeln_CMYK_22pt.eps>
(epstopdf)             \includegraphics on input line 189.
Package epstopdf Info: Output file is already uptodate.


pdfTeX warning: pdflatex (file ./Sources/logo_TH-Koeln_CMYK_22pt-eps-converted-
to.pdf): PDF inclusion: found PDF version <1.7>, but at most version <1.5> allo
wed
<Sources/logo_TH-Koeln_CMYK_22pt-eps-converted-to.pdf, id=186, 115.43124pt x 62
.2325pt>
File: Sources/logo_TH-Koeln_CMYK_22pt-eps-converted-to.pdf Graphic file (type p
df)
<use Sources/logo_TH-Koeln_CMYK_22pt-eps-converted-to.pdf>
Package pdftex.def Info: Sources/logo_TH-Koeln_CMYK_22pt-eps-converted-to.pdf  
used on input line 189.
(pdftex.def)             Requested size: 115.43095pt x 62.23235pt.

Underfull \hbox (badness 10000) in paragraph at lines 189--190

 []

LaTeX Font Info:    Try loading font information for OT1+lmr on input line 212.

("C:\Users\Agando\AppData\Local\Programs\MiKTeX 2.9\tex/latex/lm\ot1lmr.fd"
File: ot1lmr.fd 2009/10/30 v1.6 Font defs for Latin Modern
)
LaTeX Font Info:    Try loading font information for OML+lmm on input line 212.


("C:\Users\Agando\AppData\Local\Programs\MiKTeX 2.9\tex/latex/lm\omllmm.fd"
File: omllmm.fd 2009/10/30 v1.6 Font defs for Latin Modern
)
LaTeX Font Info:    Try loading font information for OMS+lmsy on input line 212
.

("C:\Users\Agando\AppData\Local\Programs\MiKTeX 2.9\tex/latex/lm\omslmsy.fd"
File: omslmsy.fd 2009/10/30 v1.6 Font defs for Latin Modern
)
LaTeX Font Info:    Try loading font information for OMX+lmex on input line 212
.

("C:\Users\Agando\AppData\Local\Programs\MiKTeX 2.9\tex/latex/lm\omxlmex.fd"
File: omxlmex.fd 2009/10/30 v1.6 Font defs for Latin Modern
)
LaTeX Font Info:    External font `lmex10' loaded for size
(Font)              <14.4> on input line 212.
LaTeX Font Info:    External font `lmex10' loaded for size
(Font)              <10> on input line 212.
LaTeX Font Info:    External font `lmex10' loaded for size
(Font)              <7> on input line 212.
LaTeX Font Info:    Try loading font information for U+msa on input line 212.

("C:\Users\Agando\AppData\Local\Programs\MiKTeX 2.9\tex/latex/amsfonts\umsa.fd"
File: umsa.fd 2013/01/14 v3.01 AMS symbols A
)
LaTeX Font Info:    Try loading font information for U+msb on input line 212.
 ("C:\Users\Agando\AppData\Local\Programs\MiKTeX 2.9\tex/latex/amsfonts\umsb.fd
"
File: umsb.fd 2013/01/14 v3.01 AMS symbols B
) [1

{C:/Users/Agando/AppData/Local/MiKTeX/2.9/pdftex/config/pdftex.map} <./Sources/
logo_TH-Koeln_CMYK_22pt-eps-converted-to.pdf>]
Underfull \hbox (badness 10000) in paragraph at lines 223--231

 []


Underfull \hbox (badness 10000) in paragraph at lines 223--231

 []


Underfull \hbox (badness 10000) in paragraph at lines 223--231

 []


Underfull \hbox (badness 10000) in paragraph at lines 223--231

 []


Underfull \hbox (badness 10000) in paragraph at lines 223--231

 []


Underfull \hbox (badness 10000) in paragraph at lines 223--231

 []


Underfull \hbox (badness 10000) in paragraph at lines 223--231

 []

[1]
Underfull \hbox (badness 10000) in paragraph at lines 233--236

 []


Underfull \hbox (badness 10000) in paragraph at lines 233--236

 []

[2] ("Bachelorarbeit Dokumentation.toc"
LaTeX Font Info:    External font `lmex10' loaded for size
(Font)              <12> on input line 6.
LaTeX Font Info:    External font `lmex10' loaded for size
(Font)              <8> on input line 6.
LaTeX Font Info:    External font `lmex10' loaded for size
(Font)              <6> on input line 6.
 [3])
\tf@toc=\write8
\openout8 = `"Bachelorarbeit Dokumentation.toc"'.

 [4]
("Bachelorarbeit Dokumentation.lof"
Overfull \hbox (12.32114pt too wide) in paragraph at lines 10--10
 \T1/lmr/m/n/12 ger Kon-trast (links), nor-ma-ler Kon-tast (Mit-te), ho-her Kon
-trast (rechts)[[][]BB09[][], 
 []

)
\tf@lof=\write9
\openout9 = `"Bachelorarbeit Dokumentation.lof"'.

 [5] ("Bachelorarbeit Dokumentation.lot")
\tf@lot=\write10
\openout10 = `"Bachelorarbeit Dokumentation.lot"'.

 [6]
Underfull \hbox (badness 10000) in paragraph at lines 244--245

 []

<Sources/Vergleich.png, id=389, 578.16pt x 216.81pt>
File: Sources/Vergleich.png Graphic file (type png)
<use Sources/Vergleich.png>
Package pdftex.def Info: Sources/Vergleich.png  used on input line 250.
(pdftex.def)             Requested size: 404.70924pt x 151.76596pt.

Underfull \hbox (badness 10000) in paragraph at lines 246--254

 []


LaTeX Warning: `h' float specifier changed to `ht'.


Underfull \hbox (badness 10000) in paragraph at lines 255--256

 []

[7]
Underfull \hbox (badness 10000) in paragraph at lines 257--259

 []

[8 <./Sources/Vergleich.png>]
Underfull \hbox (badness 10000) in paragraph at lines 267--269

 []

[9]
<Sources/Digitalesbild.JPG, id=415, 694.09312pt x 328.22626pt>
File: Sources/Digitalesbild.JPG Graphic file (type jpg)
<use Sources/Digitalesbild.JPG>
Package pdftex.def Info: Sources/Digitalesbild.JPG  used on input line 278.
(pdftex.def)             Requested size: 347.04572pt x 164.11272pt.

Underfull \hbox (badness 10000) in paragraph at lines 273--283

 []

[10 <./Sources/Digitalesbild.JPG>] [11]
<Sources/histogramm.jpg, id=427, 405.76593pt x 233.37187pt>
File: Sources/histogramm.jpg Graphic file (type jpg)
<use Sources/histogramm.jpg>
Package pdftex.def Info: Sources/histogramm.jpg  used on input line 299.
(pdftex.def)             Requested size: 405.76494pt x 233.37129pt.
<Sources/kontrast.JPG, id=433, 506.6428pt x 309.40594pt>
File: Sources/kontrast.JPG Graphic file (type jpg)
<use Sources/kontrast.JPG>
Package pdftex.def Info: Sources/kontrast.JPG  used on input line 310.
(pdftex.def)             Requested size: 354.64755pt x 216.58267pt.
<Sources/dynamik.JPG, id=438, 504.38437pt x 310.15875pt>
File: Sources/dynamik.JPG Graphic file (type jpg)
<use Sources/dynamik.JPG>
Package pdftex.def Info: Sources/dynamik.JPG  used on input line 319.
(pdftex.def)             Requested size: 353.06665pt x 217.10963pt.

Underfull \hbox (badness 10000) in paragraph at lines 294--324

 []


Underfull \hbox (badness 10000) in paragraph at lines 294--324

 []


Underfull \hbox (badness 10000) in paragraph at lines 294--324

 []


LaTeX Warning: `h' float specifier changed to `ht'.

[12]

LaTeX Warning: `h' float specifier changed to `ht'.


LaTeX Warning: `h' float specifier changed to `ht'.

[13 <./Sources/histogramm.jpg>] [14 <./Sources/kontrast.JPG>]
Underfull \hbox (badness 10000) in paragraph at lines 328--331

 []


Underfull \hbox (badness 10000) in paragraph at lines 328--331

 []

[15 <./Sources/dynamik.JPG>]
<Sources/neuron.jpg, id=469, 602.25pt x 361.35pt>
File: Sources/neuron.jpg Graphic file (type jpg)
<use Sources/neuron.jpg>
Package pdftex.def Info: Sources/neuron.jpg  used on input line 338.
(pdftex.def)             Requested size: 421.57211pt x 252.94327pt.
<Sources/perzeptron2.png, id=474, 1204.5pt x 572.1375pt>
File: Sources/perzeptron2.png Graphic file (type png)
<use Sources/perzeptron2.png>
Package pdftex.def Info: Sources/perzeptron2.png  used on input line 348.
(pdftex.def)             Requested size: 361.35278pt x 171.64256pt.

Underfull \hbox (badness 10000) in paragraph at lines 332--353

 []


Underfull \hbox (badness 10000) in paragraph at lines 332--353

 []


Underfull \hbox (badness 10000) in paragraph at lines 332--353

 []


Underfull \hbox (badness 10000) in paragraph at lines 332--353

 []


Underfull \hbox (badness 10000) in paragraph at lines 332--353

 []


LaTeX Warning: `h' float specifier changed to `ht'.

[16]

LaTeX Warning: `h' float specifier changed to `ht'.

[17 <./Sources/neuron.jpg>]
<Sources/nnet.png, id=490, 499.3857pt x 269.3262pt>
File: Sources/nnet.png Graphic file (type png)
<use Sources/nnet.png>
Package pdftex.def Info: Sources/nnet.png  used on input line 374.
(pdftex.def)             Requested size: 249.69223pt x 134.66277pt.
<Sources/cnnet.jpg, id=496, 739.76375pt x 250.9375pt>
File: Sources/cnnet.jpg Graphic file (type jpg)
<use Sources/cnnet.jpg>
Package pdftex.def Info: Sources/cnnet.jpg  used on input line 384.
(pdftex.def)             Requested size: 369.88097pt x 125.46843pt.

Underfull \hbox (badness 10000) in paragraph at lines 359--391

 []


Underfull \hbox (badness 10000) in paragraph at lines 359--391

 []


Underfull \hbox (badness 10000) in paragraph at lines 359--391

 []


Underfull \hbox (badness 10000) in paragraph at lines 359--391

 []


Underfull \hbox (badness 10000) in paragraph at lines 359--391

 []


Underfull \hbox (badness 10000) in paragraph at lines 359--391

 []


Underfull \hbox (badness 10000) in paragraph at lines 359--391

 []


Underfull \hbox (badness 10000) in paragraph at lines 359--391

 []


Underfull \hbox (badness 10000) in paragraph at lines 359--391

 []

[18 <./Sources/perzeptron2.png>] [19] [20 <./Sources/nnet.png>]
Underfull \hbox (badness 10000) in paragraph at lines 391--393

 []


Underfull \hbox (badness 10000) in paragraph at lines 396--400

 []


Underfull \hbox (badness 10000) in paragraph at lines 396--400

 []

[21 <./Sources/cnnet.jpg>]
Underfull \hbox (badness 10000) in paragraph at lines 401--404

 []

[22]
<Sources/CNN.png, id=536, 501.875pt x 461.725pt>
File: Sources/CNN.png Graphic file (type png)
<use Sources/CNN.png>
Package pdftex.def Info: Sources/CNN.png  used on input line 417.
(pdftex.def)             Requested size: 200.74643pt x 184.68672pt.
<Sources/MaxpoolSample2.png, id=541, 164.25pt x 68.547pt>
File: Sources/MaxpoolSample2.png Graphic file (type png)
<use Sources/MaxpoolSample2.png>
Package pdftex.def Info: Sources/MaxpoolSample2.png  used on input line 426.
(pdftex.def)             Requested size: 295.64975pt x 123.38446pt.


LaTeX Warning: `h' float specifier changed to `ht'.

<Sources/labelimg.jpg, id=545, 433.62pt x 243.91125pt>
File: Sources/labelimg.jpg Graphic file (type jpg)
<use Sources/labelimg.jpg>
Package pdftex.def Info: Sources/labelimg.jpg  used on input line 437.
(pdftex.def)             Requested size: 303.53192pt x 170.7367pt.
[23 <./Sources/CNN.png>] [24 <./Sources/MaxpoolSample2.png> <./Sources/labelimg
.jpg>] [25]
Overfull \hbox (23.89247pt too wide) in paragraph at lines 497--518
 [][] 
 []


Underfull \hbox (badness 10000) in paragraph at lines 456--519

 []


LaTeX Warning: `h' float specifier changed to `ht'.


Underfull \hbox (badness 10000) in paragraph at lines 520--550

 []


Underfull \hbox (badness 10000) in paragraph at lines 520--550

 []

[26] [27]
Underfull \hbox (badness 10000) in paragraph at lines 559--600

 []

[28]
Underfull \hbox (badness 10000) in paragraph at lines 625--681

 []

[29] [30]

Package xcolor Warning: Incompatible color definition on input line 685.


Package xcolor Warning: Incompatible color definition on input line 685.


Package xcolor Warning: Incompatible color definition on input line 685.


Package xcolor Warning: Incompatible color definition on input line 685.


Package xcolor Warning: Incompatible color definition on input line 685.


Package xcolor Warning: Incompatible color definition on input line 685.


Package xcolor Warning: Incompatible color definition on input line 685.


Package xcolor Warning: Incompatible color definition on input line 685.


Package xcolor Warning: Incompatible color definition on input line 686.


Package xcolor Warning: Incompatible color definition on input line 688.


Package xcolor Warning: Incompatible color definition on input line 688.


Package xcolor Warning: Incompatible color definition on input line 688.


Package xcolor Warning: Incompatible color definition on input line 688.


Package xcolor Warning: Incompatible color definition on input line 688.


Package xcolor Warning: Incompatible color definition on input line 688.


Package xcolor Warning: Incompatible color definition on input line 688.


Package xcolor Warning: Incompatible color definition on input line 688.


Package xcolor Warning: Incompatible color definition on input line 688.


Package xcolor Warning: Incompatible color definition on input line 688.


Package xcolor Warning: Incompatible color definition on input line 688.


Package xcolor Warning: Incompatible color definition on input line 688.


Package xcolor Warning: Incompatible color definition on input line 688.


Package xcolor Warning: Incompatible color definition on input line 688.


Package xcolor Warning: Incompatible color definition on input line 688.


Package xcolor Warning: Incompatible color definition on input line 688.


Package xcolor Warning: Incompatible color definition on input line 688.


Package xcolor Warning: Incompatible color definition on input line 688.


Package xcolor Warning: Incompatible color definition on input line 688.


Package xcolor Warning: Incompatible color definition on input line 688.


Package xcolor Warning: Incompatible color definition on input line 688.


Package xcolor Warning: Incompatible color definition on input line 688.


Package xcolor Warning: Incompatible color definition on input line 688.


Package xcolor Warning: Incompatible color definition on input line 689.


Package xcolor Warning: Incompatible color definition on input line 691.


Package xcolor Warning: Incompatible color definition on input line 691.


Package xcolor Warning: Incompatible color definition on input line 691.


Package xcolor Warning: Incompatible color definition on input line 691.


Package xcolor Warning: Incompatible color definition on input line 691.


Package xcolor Warning: Incompatible color definition on input line 691.


Package xcolor Warning: Incompatible color definition on input line 691.


Package xcolor Warning: Incompatible color definition on input line 691.


Package xcolor Warning: Incompatible color definition on input line 691.


Package xcolor Warning: Incompatible color definition on input line 691.


Package xcolor Warning: Incompatible color definition on input line 691.


Package xcolor Warning: Incompatible color definition on input line 691.


Package xcolor Warning: Incompatible color definition on input line 691.


Package xcolor Warning: Incompatible color definition on input line 691.


Package xcolor Warning: Incompatible color definition on input line 691.


Package xcolor Warning: Incompatible color definition on input line 691.


Package xcolor Warning: Incompatible color definition on input line 691.


Package xcolor Warning: Incompatible color definition on input line 691.


Package xcolor Warning: Incompatible color definition on input line 691.


Package xcolor Warning: Incompatible color definition on input line 691.


Package xcolor Warning: Incompatible color definition on input line 691.


Package xcolor Warning: Incompatible color definition on input line 692.


Package xcolor Warning: Incompatible color definition on input line 694.


Package xcolor Warning: Incompatible color definition on input line 694.


Package xcolor Warning: Incompatible color definition on input line 694.


Package xcolor Warning: Incompatible color definition on input line 694.


Package xcolor Warning: Incompatible color definition on input line 694.


Package xcolor Warning: Incompatible color definition on input line 694.


Package xcolor Warning: Incompatible color definition on input line 694.


Package xcolor Warning: Incompatible color definition on input line 694.


Package xcolor Warning: Incompatible color definition on input line 694.


Package xcolor Warning: Incompatible color definition on input line 694.

LaTeX Font Info:    External font `lmex10' loaded for size
(Font)              <5> on input line 694.

Package xcolor Warning: Incompatible color definition on input line 694.


Package xcolor Warning: Incompatible color definition on input line 694.


Package xcolor Warning: Incompatible color definition on input line 695.

LaTeX Font Info:    Try loading font information for OMS+lmr on input line 695.

("C:\Users\Agando\AppData\Local\Programs\MiKTeX 2.9\tex/latex/lm\omslmr.fd"
File: omslmr.fd 2009/10/30 v1.6 Font defs for Latin Modern
)
LaTeX Font Info:    Font shape `OMS/lmr/m/n' in size <10> not available
(Font)              Font shape `OMS/lmsy/m/n' tried instead on input line 695.


Package xcolor Warning: Incompatible color definition on input line 697.


Package xcolor Warning: Incompatible color definition on input line 697.


Package xcolor Warning: Incompatible color definition on input line 697.


Package xcolor Warning: Incompatible color definition on input line 697.


Package xcolor Warning: Incompatible color definition on input line 697.


Package xcolor Warning: Incompatible color definition on input line 697.


Package xcolor Warning: Incompatible color definition on input line 697.


Package xcolor Warning: Incompatible color definition on input line 697.


Package xcolor Warning: Incompatible color definition on input line 697.


Package xcolor Warning: Incompatible color definition on input line 697.


Package xcolor Warning: Incompatible color definition on input line 697.


Package xcolor Warning: Incompatible color definition on input line 697.


Package xcolor Warning: Incompatible color definition on input line 698.


Package xcolor Warning: Incompatible color definition on input line 700.

[31]

Package xcolor Warning: Incompatible color definition on input line 700.


Package xcolor Warning: Incompatible color definition on input line 701.

<Sources/gwn.png, id=629, 578.16pt x 216.81pt>
File: Sources/gwn.png Graphic file (type png)
<use Sources/gwn.png>
Package pdftex.def Info: Sources/gwn.png  used on input line 707.
(pdftex.def)             Requested size: 404.70924pt x 151.76596pt.

Package xcolor Warning: Incompatible color definition on input line 713.


Package xcolor Warning: Incompatible color definition on input line 713.


Package xcolor Warning: Incompatible color definition on input line 713.


Package xcolor Warning: Incompatible color definition on input line 713.


Package xcolor Warning: Incompatible color definition on input line 713.


Package xcolor Warning: Incompatible color definition on input line 713.


Package xcolor Warning: Incompatible color definition on input line 713.


Package xcolor Warning: Incompatible color definition on input line 713.


Package xcolor Warning: Incompatible color definition on input line 714.


Package xcolor Warning: Incompatible color definition on input line 714.


Package xcolor Warning: Incompatible color definition on input line 714.


Package xcolor Warning: Incompatible color definition on input line 714.


Package xcolor Warning: Incompatible color definition on input line 714.


Package xcolor Warning: Incompatible color definition on input line 714.


Package xcolor Warning: Incompatible color definition on input line 716.


Package xcolor Warning: Incompatible color definition on input line 716.


Package xcolor Warning: Incompatible color definition on input line 716.


Package xcolor Warning: Incompatible color definition on input line 716.


Package xcolor Warning: Incompatible color definition on input line 716.


Package xcolor Warning: Incompatible color definition on input line 716.


Package xcolor Warning: Incompatible color definition on input line 716.


Package xcolor Warning: Incompatible color definition on input line 716.


Package xcolor Warning: Incompatible color definition on input line 716.


Package xcolor Warning: Incompatible color definition on input line 716.


Package xcolor Warning: Incompatible color definition on input line 716.


Package xcolor Warning: Incompatible color definition on input line 716.


Package xcolor Warning: Incompatible color definition on input line 716.


Package xcolor Warning: Incompatible color definition on input line 716.


Package xcolor Warning: Incompatible color definition on input line 716.


Package xcolor Warning: Incompatible color definition on input line 716.


Package xcolor Warning: Incompatible color definition on input line 716.


Package xcolor Warning: Incompatible color definition on input line 717.


Package xcolor Warning: Incompatible color definition on input line 719.


Package xcolor Warning: Incompatible color definition on input line 719.


Package xcolor Warning: Incompatible color definition on input line 719.


Package xcolor Warning: Incompatible color definition on input line 719.


Package xcolor Warning: Incompatible color definition on input line 719.


Package xcolor Warning: Incompatible color definition on input line 719.


Package xcolor Warning: Incompatible color definition on input line 719.


Package xcolor Warning: Incompatible color definition on input line 719.


Package xcolor Warning: Incompatible color definition on input line 719.


Package xcolor Warning: Incompatible color definition on input line 719.


Package xcolor Warning: Incompatible color definition on input line 719.


Package xcolor Warning: Incompatible color definition on input line 719.


Package xcolor Warning: Incompatible color definition on input line 719.


Package xcolor Warning: Incompatible color definition on input line 719.


Package xcolor Warning: Incompatible color definition on input line 719.


Package xcolor Warning: Incompatible color definition on input line 720.


Package xcolor Warning: Incompatible color definition on input line 722.


Package xcolor Warning: Incompatible color definition on input line 722.


Package xcolor Warning: Incompatible color definition on input line 722.


Package xcolor Warning: Incompatible color definition on input line 722.


Package xcolor Warning: Incompatible color definition on input line 722.


Package xcolor Warning: Incompatible color definition on input line 722.


Package xcolor Warning: Incompatible color definition on input line 722.


Package xcolor Warning: Incompatible color definition on input line 722.


Package xcolor Warning: Incompatible color definition on input line 722.


Package xcolor Warning: Incompatible color definition on input line 722.


Package xcolor Warning: Incompatible color definition on input line 722.


Package xcolor Warning: Incompatible color definition on input line 722.


Package xcolor Warning: Incompatible color definition on input line 722.


Package xcolor Warning: Incompatible color definition on input line 722.


Package xcolor Warning: Incompatible color definition on input line 722.


Package xcolor Warning: Incompatible color definition on input line 722.


Package xcolor Warning: Incompatible color definition on input line 722.


Package xcolor Warning: Incompatible color definition on input line 723.

[32 <./Sources/gwn.png>]
<Sources/histeq.jpg, id=656, 578.16pt x 216.81pt>
File: Sources/histeq.jpg Graphic file (type jpg)
<use Sources/histeq.jpg>
Package pdftex.def Info: Sources/histeq.jpg  used on input line 729.
(pdftex.def)             Requested size: 404.70924pt x 151.76596pt.


Package xcolor Warning: Incompatible color definition on input line 735.


Package xcolor Warning: Incompatible color definition on input line 735.


Package xcolor Warning: Incompatible color definition on input line 735.


Package xcolor Warning: Incompatible color definition on input line 735.


Package xcolor Warning: Incompatible color definition on input line 735.


Package xcolor Warning: Incompatible color definition on input line 735.


Package xcolor Warning: Incompatible color definition on input line 735.


Package xcolor Warning: Incompatible color definition on input line 735.


Package xcolor Warning: Incompatible color definition on input line 736.


Package xcolor Warning: Incompatible color definition on input line 736.


Package xcolor Warning: Incompatible color definition on input line 736.


Package xcolor Warning: Incompatible color definition on input line 736.


Package xcolor Warning: Incompatible color definition on input line 736.


Package xcolor Warning: Incompatible color definition on input line 736.


Package xcolor Warning: Incompatible color definition on input line 738.


Package xcolor Warning: Incompatible color definition on input line 738.


Package xcolor Warning: Incompatible color definition on input line 738.


Package xcolor Warning: Incompatible color definition on input line 738.


Package xcolor Warning: Incompatible color definition on input line 738.


Package xcolor Warning: Incompatible color definition on input line 738.


Package xcolor Warning: Incompatible color definition on input line 738.


Package xcolor Warning: Incompatible color definition on input line 738.


Package xcolor Warning: Incompatible color definition on input line 738.


Package xcolor Warning: Incompatible color definition on input line 738.


Package xcolor Warning: Incompatible color definition on input line 738.


Package xcolor Warning: Incompatible color definition on input line 738.


Package xcolor Warning: Incompatible color definition on input line 738.


Package xcolor Warning: Incompatible color definition on input line 739.


Package xcolor Warning: Incompatible color definition on input line 739.


Package xcolor Warning: Incompatible color definition on input line 739.


Package xcolor Warning: Incompatible color definition on input line 739.


Package xcolor Warning: Incompatible color definition on input line 739.


Package xcolor Warning: Incompatible color definition on input line 739.


Package xcolor Warning: Incompatible color definition on input line 741.


Package xcolor Warning: Incompatible color definition on input line 741.


Package xcolor Warning: Incompatible color definition on input line 741.


Package xcolor Warning: Incompatible color definition on input line 741.


Package xcolor Warning: Incompatible color definition on input line 741.


Package xcolor Warning: Incompatible color definition on input line 741.


Package xcolor Warning: Incompatible color definition on input line 741.


Package xcolor Warning: Incompatible color definition on input line 741.


Package xcolor Warning: Incompatible color definition on input line 741.


Package xcolor Warning: Incompatible color definition on input line 741.


Package xcolor Warning: Incompatible color definition on input line 741.


Package xcolor Warning: Incompatible color definition on input line 741.


Package xcolor Warning: Incompatible color definition on input line 741.


Package xcolor Warning: Incompatible color definition on input line 741.


Package xcolor Warning: Incompatible color definition on input line 741.


Package xcolor Warning: Incompatible color definition on input line 741.


Package xcolor Warning: Incompatible color definition on input line 741.


Package xcolor Warning: Incompatible color definition on input line 741.


Package xcolor Warning: Incompatible color definition on input line 741.


Package xcolor Warning: Incompatible color definition on input line 741.


Package xcolor Warning: Incompatible color definition on input line 741.


Package xcolor Warning: Incompatible color definition on input line 741.


Package xcolor Warning: Incompatible color definition on input line 741.


Package xcolor Warning: Incompatible color definition on input line 741.


Package xcolor Warning: Incompatible color definition on input line 741.


Package xcolor Warning: Incompatible color definition on input line 742.

<Sources/HS_beispiel.png, id=660, 578.16pt x 216.81pt>
File: Sources/HS_beispiel.png Graphic file (type png)
<use Sources/HS_beispiel.png>
Package pdftex.def Info: Sources/HS_beispiel.png  used on input line 748.
(pdftex.def)             Requested size: 462.52863pt x 173.44823pt.

Overfull \hbox (7.28452pt too wide) in paragraph at lines 748--749
 [][] 
 []


Overfull \hbox (15.76724pt too wide) in paragraph at lines 744--752
\T1/lmr/m/n/12 bild und ein Ziel-bild ge-la-den. Die-se bei-den Bil-der, wer-de
n mit der Funk-ti-on \T1/lmr/m/it/12 match_histograms
 []

[33 <./Sources/histeq.jpg>] [34 <./Sources/HS_beispiel.png>] [35]

LaTeX Warning: `h' float specifier changed to `ht'.

[36]

LaTeX Warning: `h' float specifier changed to `ht'.

<Sources/Bild1.jpg, id=694, 782.925pt x 1043.9pt>
File: Sources/Bild1.jpg Graphic file (type jpg)
<use Sources/Bild1.jpg>
Package pdftex.def Info: Sources/Bild1.jpg  used on input line 855.
(pdftex.def)             Requested size: 91.04742pt x 121.39194pt.
<Sources/Bild1.png, id=695, 144.54pt x 456.70625pt>
File: Sources/Bild1.png Graphic file (type png)
<use Sources/Bild1.png>
Package pdftex.def Info: Sources/Bild1.png  used on input line 859.
(pdftex.def)             Requested size: 36.42035pt x 115.07524pt.
<Sources/Bild1_histo.png, id=696, 462.528pt x 346.896pt>
File: Sources/Bild1_histo.png Graphic file (type png)
<use Sources/Bild1_histo.png>
Package pdftex.def Info: Sources/Bild1_histo.png  used on input line 863.
(pdftex.def)             Requested size: 136.57462pt x 102.4287pt.
<Sources/Bild2.jpg, id=697, 782.925pt x 1043.9pt>
File: Sources/Bild2.jpg Graphic file (type jpg)
<use Sources/Bild2.jpg>
Package pdftex.def Info: Sources/Bild2.jpg  used on input line 868.
(pdftex.def)             Requested size: 91.04742pt x 121.39194pt.
<Sources/Bild2.png, id=698, 153.57375pt x 469.755pt>
File: Sources/Bild2.png Graphic file (type png)
<use Sources/Bild2.png>
Package pdftex.def Info: Sources/Bild2.png  used on input line 872.
(pdftex.def)             Requested size: 36.42035pt x 111.4031pt.
<Sources/Bild2_histo.png, id=699, 462.528pt x 346.896pt>
File: Sources/Bild2_histo.png Graphic file (type png)
<use Sources/Bild2_histo.png>
Package pdftex.def Info: Sources/Bild2_histo.png  used on input line 876.
(pdftex.def)             Requested size: 136.57462pt x 102.4287pt.
[37] [38 <./Sources/Bild1.jpg> <./Sources/Bild1.png> <./Sources/Bild1_histo.png
>]
<Sources/Obst_mit_hintergrund.jpg, id=713, 1043.9pt x 782.925pt>
File: Sources/Obst_mit_hintergrund.jpg Graphic file (type jpg)
<use Sources/Obst_mit_hintergrund.jpg>
Package pdftex.def Info: Sources/Obst_mit_hintergrund.jpg  used on input line 8
89.
(pdftex.def)             Requested size: 127.46584pt x 95.59555pt.
 [39 <./Sources/Bild2.jpg> <./Sources/Bild2.png> <./Sources/Bild2_histo.png> <.
/Sources/Obst_mit_hintergrund.jpg>]
Underfull \hbox (badness 10000) in paragraph at lines 905--927

 []

[40] [41]
Underfull \hbox (badness 10000) in paragraph at lines 935--953

 []

[42] [43]
Underfull \hbox (badness 10000) in paragraph at lines 961--963

 []

[44]
LaTeX Font Info:    Try loading font information for T1+lmtt on input line 964.

 ("C:\Users\Agando\AppData\Local\Programs\MiKTeX 2.9\tex/latex/lm\t1lmtt.fd"
File: t1lmtt.fd 2009/10/30 v1.6 Font defs for Latin Modern
)
Overfull \hbox (17.55217pt too wide) in paragraph at lines 965--965
[]\T1/lmr/m/n/12 Common Ob-jects in Con-text. \T1/lmr/m/it/12 CO-CO Da-ten-set\
T1/lmr/m/n/12 . 2018. \T1/lmr/m/sc/12 url\T1/lmr/m/n/12 : [][]$\T1/lmtt/m/n/12 
http : / / cocodataset .
 []


Overfull \hbox (2.83942pt too wide) in paragraph at lines 965--965
[]\T1/lmr/m/n/12 Mayank Mishra. \T1/lmr/m/it/12 Con-vo-lu-tio-nal Neural Net-wo
rks, Ex-plai-ned\T1/lmr/m/n/12 . 2019. \T1/lmr/m/sc/12 url\T1/lmr/m/n/12 : [][]
$\T1/lmtt/m/n/12 https :
 []

[45] [46]
<Sources/Bild1_HA.jpg, id=772, 782.925pt x 1043.9pt>
File: Sources/Bild1_HA.jpg Graphic file (type jpg)
<use Sources/Bild1_HA.jpg>
Package pdftex.def Info: Sources/Bild1_HA.jpg  used on input line 969.
(pdftex.def)             Requested size: 91.04742pt x 121.39194pt.
<Sources/Bild1_HA.png, id=773, 148.555pt x 458.71375pt>
File: Sources/Bild1_HA.png Graphic file (type png)
<use Sources/Bild1_HA.png>
Package pdftex.def Info: Sources/Bild1_HA.png  used on input line 973.
(pdftex.def)             Requested size: 36.42035pt x 112.45934pt.
<Sources/Bild1_HA_histo.png, id=774, 462.528pt x 346.896pt>
File: Sources/Bild1_HA_histo.png Graphic file (type png)
<use Sources/Bild1_HA_histo.png>
Package pdftex.def Info: Sources/Bild1_HA_histo.png  used on input line 977.
(pdftex.def)             Requested size: 136.57462pt x 102.4287pt.
<Sources/Bild2_HA.jpg, id=775, 782.925pt x 1043.9pt>
File: Sources/Bild2_HA.jpg Graphic file (type jpg)
<use Sources/Bild2_HA.jpg>
Package pdftex.def Info: Sources/Bild2_HA.jpg  used on input line 982.
(pdftex.def)             Requested size: 91.04742pt x 121.39194pt.
<Sources/Bild2_HA.png, id=776, 156.585pt x 469.755pt>
File: Sources/Bild2_HA.png Graphic file (type png)
<use Sources/Bild2_HA.png>
Package pdftex.def Info: Sources/Bild2_HA.png  used on input line 986.
(pdftex.def)             Requested size: 36.42035pt x 109.25992pt.
<Sources/Bild2_HA_histo.png, id=777, 462.528pt x 346.896pt>
File: Sources/Bild2_HA_histo.png Graphic file (type png)
<use Sources/Bild2_HA_histo.png>
Package pdftex.def Info: Sources/Bild2_HA_histo.png  used on input line 990.
(pdftex.def)             Requested size: 136.57462pt x 102.4287pt.
<Sources/Bild3_HA.jpg, id=778, 782.925pt x 1043.9pt>
File: Sources/Bild3_HA.jpg Graphic file (type jpg)
<use Sources/Bild3_HA.jpg>
Package pdftex.def Info: Sources/Bild3_HA.jpg  used on input line 995.
(pdftex.def)             Requested size: 91.04742pt x 121.39194pt.
<Sources/Bild3_HA.png, id=779, 150.5625pt x 453.695pt>
File: Sources/Bild3_HA.png Graphic file (type png)
<use Sources/Bild3_HA.png>
Package pdftex.def Info: Sources/Bild3_HA.png  used on input line 999.
(pdftex.def)             Requested size: 36.42035pt x 109.74745pt.
<Sources/Bild3_HA_histo.png, id=780, 462.528pt x 346.896pt>
File: Sources/Bild3_HA_histo.png Graphic file (type png)
<use Sources/Bild3_HA_histo.png>
Package pdftex.def Info: Sources/Bild3_HA_histo.png  used on input line 1003.
(pdftex.def)             Requested size: 136.57462pt x 102.4287pt.
 [47 <./Sources/Bild1_HA.jpg> <./Sources/Bild1_HA.png> <./Sources/Bild1_HA_hist
o.png> <./Sources/Bild2_HA.jpg> <./Sources/Bild2_HA.png> <./Sources/Bild2_HA_hi
sto.png> <./Sources/Bild3_HA.jpg> <./Sources/Bild3_HA.png> <./Sources/Bild3_HA_
histo.png>]
<Sources/Bild1_GW.jpg, id=794, 782.925pt x 1043.9pt>
File: Sources/Bild1_GW.jpg Graphic file (type jpg)
<use Sources/Bild1_GW.jpg>
Package pdftex.def Info: Sources/Bild1_GW.jpg  used on input line 1011.
(pdftex.def)             Requested size: 91.04742pt x 121.39194pt.
<Sources/Bild1_GW.png, id=795, 144.54pt x 456.70625pt>
File: Sources/Bild1_GW.png Graphic file (type png)
<use Sources/Bild1_GW.png>
Package pdftex.def Info: Sources/Bild1_GW.png  used on input line 1015.
(pdftex.def)             Requested size: 36.42035pt x 115.07524pt.
<Sources/Bild1_GW_histo.png, id=796, 462.528pt x 346.896pt>
File: Sources/Bild1_GW_histo.png Graphic file (type png)
<use Sources/Bild1_GW_histo.png>
Package pdftex.def Info: Sources/Bild1_GW_histo.png  used on input line 1019.
(pdftex.def)             Requested size: 136.57462pt x 102.4287pt.
<Sources/Bild2_GW.jpg, id=797, 782.925pt x 1043.9pt>
File: Sources/Bild2_GW.jpg Graphic file (type jpg)
<use Sources/Bild2_GW.jpg>
Package pdftex.def Info: Sources/Bild2_GW.jpg  used on input line 1024.
(pdftex.def)             Requested size: 91.04742pt x 121.39194pt.
<Sources/Bild2_GW.png, id=798, 153.57375pt x 468.75125pt>
File: Sources/Bild2_GW.png Graphic file (type png)
<use Sources/Bild2_GW.png>
Package pdftex.def Info: Sources/Bild2_GW.png  used on input line 1028.
(pdftex.def)             Requested size: 36.42035pt x 111.16505pt.
<Sources/Bild2_GW_histo.png, id=799, 462.528pt x 346.896pt>
File: Sources/Bild2_GW_histo.png Graphic file (type png)
<use Sources/Bild2_GW_histo.png>
Package pdftex.def Info: Sources/Bild2_GW_histo.png  used on input line 1032.
(pdftex.def)             Requested size: 136.57462pt x 102.4287pt.
<Sources/Bild3_GW.jpg, id=800, 782.925pt x 1043.9pt>
File: Sources/Bild3_GW.jpg Graphic file (type jpg)
<use Sources/Bild3_GW.jpg>
Package pdftex.def Info: Sources/Bild3_GW.jpg  used on input line 1037.
(pdftex.def)             Requested size: 91.04742pt x 121.39194pt.
<Sources/Bild3_GW.png, id=801, 143.53625pt x 452.69125pt>
File: Sources/Bild3_GW.png Graphic file (type png)
<use Sources/Bild3_GW.png>
Package pdftex.def Info: Sources/Bild3_GW.png  used on input line 1041.
(pdftex.def)             Requested size: 36.42035pt x 114.85796pt.
<Sources/Bild3_GW_histo.png, id=802, 462.528pt x 346.896pt>
File: Sources/Bild3_GW_histo.png Graphic file (type png)
<use Sources/Bild3_GW_histo.png>
Package pdftex.def Info: Sources/Bild3_GW_histo.png  used on input line 1045.
(pdftex.def)             Requested size: 136.57462pt x 102.4287pt.
 [48 <./Sources/Bild1_GW.jpg> <./Sources/Bild1_GW.png> <./Sources/Bild1_GW_hist
o.png> <./Sources/Bild2_GW.jpg> <./Sources/Bild2_GW.png> <./Sources/Bild2_GW_hi
sto.png> <./Sources/Bild3_GW.jpg> <./Sources/Bild3_GW.png> <./Sources/Bild3_GW_
histo.png>]
<Sources/Bild1_HS.jpg, id=816, 782.925pt x 1043.9pt>
File: Sources/Bild1_HS.jpg Graphic file (type jpg)
<use Sources/Bild1_HS.jpg>
Package pdftex.def Info: Sources/Bild1_HS.jpg  used on input line 1053.
(pdftex.def)             Requested size: 91.04742pt x 121.39194pt.
<Sources/Bild1_HS.png, id=817, 144.54pt x 456.70625pt>
File: Sources/Bild1_HS.png Graphic file (type png)
<use Sources/Bild1_HS.png>
Package pdftex.def Info: Sources/Bild1_HS.png  used on input line 1057.
(pdftex.def)             Requested size: 36.42035pt x 115.07524pt.
<Sources/Bild1_HS_histo.png, id=818, 462.528pt x 346.896pt>
File: Sources/Bild1_HS_histo.png Graphic file (type png)
<use Sources/Bild1_HS_histo.png>
Package pdftex.def Info: Sources/Bild1_HS_histo.png  used on input line 1061.
(pdftex.def)             Requested size: 136.57462pt x 102.4287pt.
<Sources/Bild2_HS.jpg, id=819, 782.925pt x 1043.9pt>
File: Sources/Bild2_HS.jpg Graphic file (type jpg)
<use Sources/Bild2_HS.jpg>
Package pdftex.def Info: Sources/Bild2_HS.jpg  used on input line 1066.
(pdftex.def)             Requested size: 91.04742pt x 121.39194pt.
<Sources/Bild2_HS.png, id=820, 156.585pt x 468.75125pt>
File: Sources/Bild2_HS.png Graphic file (type png)
<use Sources/Bild2_HS.png>
Package pdftex.def Info: Sources/Bild2_HS.png  used on input line 1070.
(pdftex.def)             Requested size: 36.42035pt x 109.02644pt.
<Sources/Bild2_HS_histo.png, id=821, 462.528pt x 346.896pt>
File: Sources/Bild2_HS_histo.png Graphic file (type png)
<use Sources/Bild2_HS_histo.png>
Package pdftex.def Info: Sources/Bild2_HS_histo.png  used on input line 1074.
(pdftex.def)             Requested size: 136.57462pt x 102.4287pt.
<Sources/Bild3_HS.jpg, id=822, 782.925pt x 1043.9pt>
File: Sources/Bild3_HS.jpg Graphic file (type jpg)
<use Sources/Bild3_HS.jpg>
Package pdftex.def Info: Sources/Bild3_HS.jpg  used on input line 1079.
(pdftex.def)             Requested size: 91.04742pt x 121.39194pt.
<Sources/Bild3_HS.png, id=823, 143.53625pt x 452.69125pt>
File: Sources/Bild3_HS.png Graphic file (type png)
<use Sources/Bild3_HS.png>
Package pdftex.def Info: Sources/Bild3_HS.png  used on input line 1083.
(pdftex.def)             Requested size: 36.42035pt x 114.85796pt.
<Sources/Bild3_HS_histo.png, id=824, 462.528pt x 346.896pt>
File: Sources/Bild3_HS_histo.png Graphic file (type png)
<use Sources/Bild3_HS_histo.png>
Package pdftex.def Info: Sources/Bild3_HS_histo.png  used on input line 1087.
(pdftex.def)             Requested size: 136.57462pt x 102.4287pt.
<Sources/Anhang/resize_0250.jpg, id=825, 1043.9pt x 782.925pt>
File: Sources/Anhang/resize_0250.jpg Graphic file (type jpg)
<use Sources/Anhang/resize_0250.jpg>
Package pdftex.def Info: Sources/Anhang/resize_0250.jpg  used on input line 109
5.
(pdftex.def)             Requested size: 178.45836pt x 133.83617pt.
<Sources/Anhang/resize_0250.png, id=826, 462.528pt x 346.896pt>
File: Sources/Anhang/resize_0250.png Graphic file (type png)
<use Sources/Anhang/resize_0250.png>
Package pdftex.def Info: Sources/Anhang/resize_0250.png  used on input line 109
8.
(pdftex.def)             Requested size: 223.07211pt x 167.30745pt.
<Sources/Anhang/resize_0250_GW.jpg, id=827, 1043.9pt x 782.925pt>
File: Sources/Anhang/resize_0250_GW.jpg Graphic file (type jpg)
<use Sources/Anhang/resize_0250_GW.jpg>
Package pdftex.def Info: Sources/Anhang/resize_0250_GW.jpg  used on input line 
1101.
(pdftex.def)             Requested size: 178.45836pt x 133.83617pt.
<Sources/Anhang/resize_0250_GW.png, id=828, 462.528pt x 346.896pt>
File: Sources/Anhang/resize_0250_GW.png Graphic file (type png)
<use Sources/Anhang/resize_0250_GW.png>
Package pdftex.def Info: Sources/Anhang/resize_0250_GW.png  used on input line 
1104.
(pdftex.def)             Requested size: 223.07211pt x 167.30745pt.
<Sources/Anhang/resize_0250_HA.jpg, id=829, 1043.9pt x 782.925pt>
File: Sources/Anhang/resize_0250_HA.jpg Graphic file (type jpg)
<use Sources/Anhang/resize_0250_HA.jpg>
Package pdftex.def Info: Sources/Anhang/resize_0250_HA.jpg  used on input line 
1107.
(pdftex.def)             Requested size: 178.45836pt x 133.83617pt.
<Sources/Anhang/resize_0250_HA.png, id=830, 462.528pt x 346.896pt>
File: Sources/Anhang/resize_0250_HA.png Graphic file (type png)
<use Sources/Anhang/resize_0250_HA.png>
Package pdftex.def Info: Sources/Anhang/resize_0250_HA.png  used on input line 
1110.
(pdftex.def)             Requested size: 223.07211pt x 167.30745pt.
<Sources/Anhang/resize_0250_HS.jpg, id=831, 1043.9pt x 782.925pt>
File: Sources/Anhang/resize_0250_HS.jpg Graphic file (type jpg)
<use Sources/Anhang/resize_0250_HS.jpg>
Package pdftex.def Info: Sources/Anhang/resize_0250_HS.jpg  used on input line 
1113.
(pdftex.def)             Requested size: 178.45836pt x 133.83617pt.
<Sources/Anhang/resize_0250_HS.png, id=832, 462.528pt x 346.896pt>
File: Sources/Anhang/resize_0250_HS.png Graphic file (type png)
<use Sources/Anhang/resize_0250_HS.png>
Package pdftex.def Info: Sources/Anhang/resize_0250_HS.png  used on input line 
1116.
(pdftex.def)             Requested size: 223.07211pt x 167.30745pt.


LaTeX Warning: Float too large for page by 8.81929pt on input line 1120.

[49 <./Sources/Bild1_HS.jpg> <./Sources/Bild1_HS.png> <./Sources/Bild1_HS_histo
.png> <./Sources/Bild2_HS.jpg> <./Sources/Bild2_HS.png> <./Sources/Bild2_HS_his
to.png> <./Sources/Bild3_HS.jpg> <./Sources/Bild3_HS.png> <./Sources/Bild3_HS_h
isto.png>] [50 <./Sources/Anhang/resize_0250.jpg> <./Sources/Anhang/resize_0250
.png> <./Sources/Anhang/resize_0250_GW.jpg> <./Sources/Anhang/resize_0250_GW.pn
g> <./Sources/Anhang/resize_0250_HA.jpg> <./Sources/Anhang/resize_0250_HA.png> 
<./Sources/Anhang/resize_0250_HS.jpg> <./Sources/Anhang/resize_0250_HS.png>]
Underfull \hbox (badness 10000) in paragraph at lines 1123--1124

 []


Underfull \hbox (badness 10000) in paragraph at lines 1123--1124

 []

[51]
Package atveryend Info: Empty hook `BeforeClearDocument' on input line 1129.
Package atveryend Info: Empty hook `AfterLastShipout' on input line 1129.
 ("Bachelorarbeit Dokumentation.aux")
Package atveryend Info: Executing hook `AtVeryEndDocument' on input line 1129.
Package atveryend Info: Executing hook `AtEndAfterFileList' on input line 1129.

Package rerunfilecheck Info: File `"Bachelorarbeit Dokumentation".out' has not 
changed.
(rerunfilecheck)             Checksum: 521F7A23EA91E9D11C1007EED981D705;3377.
Package logreq Info: Writing requests to '"Bachelorarbeit Dokumentation".run.xm
l'.
\openout1 = `"Bachelorarbeit Dokumentation.run.xml"'.

 ) 
Here is how much of TeX's memory you used:
 27891 strings out of 492895
 514296 string characters out of 3123269
 848431 words of memory out of 3000000
 31039 multiletter control sequences out of 15000+200000
 76096 words of font info for 68 fonts, out of 3000000 for 9000
 1143 hyphenation exceptions out of 8191
 54i,11n,73p,1400b,3138s stack positions out of 5000i,500n,10000p,200000b,50000s
{C:/Users/Agando/AppData/Local/Programs/MiKTeX 2.9/fonts/enc/dvips/lm/lm-ec.e
nc}{C:/Users/Agando/AppData/Local/Programs/MiKTeX 2.9/fonts/enc/dvips/lm/lm-mat
hex.enc}{C:/Users/Agando/AppData/Local/Programs/MiKTeX 2.9/fonts/enc/dvips/lm/l
m-mathit.enc}{C:/Users/Agando/AppData/Local/Programs/MiKTeX 2.9/fonts/enc/dvips
/lm/lm-rm.enc}{C:/Users/Agando/AppData/Local/Programs/MiKTeX 2.9/fonts/enc/dvip
s/lm/lm-mathsy.enc}<C:/Users/Agando/AppData/Local/Programs/MiKTeX 2.9/fonts/typ
e1/public/lm/lmbx12.pfb><C:/Users/Agando/AppData/Local/Programs/MiKTeX 2.9/font
s/type1/public/lm/lmcsc10.pfb><C:/Users/Agando/AppData/Local/Programs/MiKTeX 2.
9/fonts/type1/public/lm/lmex10.pfb><C:/Users/Agando/AppData/Local/Programs/MiKT
eX 2.9/fonts/type1/public/lm/lmmi12.pfb><C:/Users/Agando/AppData/Local/Programs
/MiKTeX 2.9/fonts/type1/public/lm/lmmi8.pfb><C:/Users/Agando/AppData/Local/Prog
rams/MiKTeX 2.9/fonts/type1/public/lm/lmr10.pfb><C:/Users/Agando/AppData/Local/
Programs/MiKTeX 2.9/fonts/type1/public/lm/lmr12.pfb><C:/Users/Agando/AppData/Lo
cal/Programs/MiKTeX 2.9/fonts/type1/public/lm/lmr17.pfb><C:/Users/Agando/AppDat
a/Local/Programs/MiKTeX 2.9/fonts/type1/public/lm/lmr6.pfb><C:/Users/Agando/App
Data/Local/Programs/MiKTeX 2.9/fonts/type1/public/lm/lmr8.pfb><C:/Users/Agando/
AppData/Local/Programs/MiKTeX 2.9/fonts/type1/public/lm/lmri12.pfb><C:/Users/Ag
ando/AppData/Local/Programs/MiKTeX 2.9/fonts/type1/public/lm/lmsy10.pfb><C:/Use
rs/Agando/AppData/Local/Programs/MiKTeX 2.9/fonts/type1/public/lm/lmtt12.pfb>
Output written on "Bachelorarbeit Dokumentation.pdf" (52 pages, 8435649 bytes).

PDF statistics:
 956 PDF objects out of 1000 (max. 8388607)
 222 named destinations out of 1000 (max. 500000)
 663 words of extra memory for PDF output out of 10000 (max. 10000000)

